2024-10-19 18:06:15,966 - INFO - Start of training.
2024-10-19 18:06:15,966 - INFO - Epoch 1/30
2024-10-19 18:06:15,966 - INFO - ----------
2024-10-19 18:22:35,000 - INFO - train Loss: 1.3961 Acc: 0.4439
2024-10-19 18:25:34,862 - INFO - val Loss: 1.1036 Acc: 0.6574
2024-10-19 18:25:34,862 - INFO - Epoch complete!
2024-10-19 18:25:34,863 - INFO - Epoch 2/30
2024-10-19 18:25:34,863 - INFO - ----------
2024-10-19 18:42:34,319 - INFO - train Loss: 1.1971 Acc: 0.5498
2024-10-19 18:45:19,554 - INFO - val Loss: 1.0517 Acc: 0.6264
2024-10-19 18:45:19,555 - INFO - Epoch complete!
2024-10-19 18:45:19,555 - INFO - Epoch 3/30
2024-10-19 18:45:19,555 - INFO - ----------
2024-10-19 19:01:35,393 - INFO - train Loss: 1.1308 Acc: 0.5649
2024-10-19 19:04:37,047 - INFO - val Loss: 0.9719 Acc: 0.6644
2024-10-19 19:04:37,047 - INFO - Epoch complete!
2024-10-19 19:04:37,048 - INFO - Epoch 4/30
2024-10-19 19:04:37,048 - INFO - ----------
2024-10-19 19:21:01,916 - INFO - train Loss: 1.0976 Acc: 0.5777
2024-10-19 19:23:42,675 - INFO - val Loss: 0.9576 Acc: 0.6673
2024-10-19 19:23:42,675 - INFO - Epoch complete!
2024-10-19 19:23:42,675 - INFO - Epoch 5/30
2024-10-19 19:23:42,675 - INFO - ----------
2024-10-19 19:39:48,246 - INFO - train Loss: 1.0707 Acc: 0.5901
2024-10-19 19:42:49,392 - INFO - val Loss: 0.9518 Acc: 0.6517
2024-10-19 19:42:49,392 - INFO - Epoch complete!
2024-10-19 19:42:49,392 - INFO - Epoch 6/30
2024-10-19 19:42:49,392 - INFO - ----------
2024-10-19 19:58:51,279 - INFO - train Loss: 1.0527 Acc: 0.5943
2024-10-19 20:01:47,374 - INFO - val Loss: 0.9193 Acc: 0.6684
2024-10-19 20:01:47,374 - INFO - Epoch complete!
2024-10-19 20:01:47,374 - INFO - Epoch 7/30
2024-10-19 20:01:47,374 - INFO - ----------
2024-10-19 20:18:32,572 - INFO - train Loss: 1.0366 Acc: 0.6017
2024-10-19 20:21:28,479 - INFO - val Loss: 0.8912 Acc: 0.6789
2024-10-19 20:21:28,479 - INFO - Epoch complete!
2024-10-19 20:21:28,479 - INFO - Epoch 8/30
2024-10-19 20:21:28,479 - INFO - ----------
2024-10-19 20:38:16,414 - INFO - train Loss: 1.0292 Acc: 0.6022
2024-10-19 20:41:11,337 - INFO - val Loss: 0.9477 Acc: 0.6466
2024-10-19 20:41:11,337 - INFO - Epoch complete!
2024-10-19 20:41:11,337 - INFO - Epoch 9/30
2024-10-19 20:41:11,337 - INFO - ----------
2024-10-19 20:57:19,667 - INFO - train Loss: 1.0230 Acc: 0.6018
2024-10-19 21:00:21,112 - INFO - val Loss: 0.9106 Acc: 0.6660
2024-10-19 21:00:21,113 - INFO - Epoch complete!
2024-10-19 21:00:21,113 - INFO - Epoch 10/30
2024-10-19 21:00:21,113 - INFO - ----------
2024-10-19 21:16:27,518 - INFO - train Loss: 1.0101 Acc: 0.6093
2024-10-19 21:19:09,807 - INFO - val Loss: 0.9023 Acc: 0.6724
2024-10-19 21:19:09,807 - INFO - Epoch complete!
2024-10-19 21:19:09,807 - INFO - Epoch 11/30
2024-10-19 21:19:09,807 - INFO - ----------
2024-10-19 21:35:55,802 - INFO - train Loss: 1.0061 Acc: 0.6126
2024-10-19 21:38:49,084 - INFO - val Loss: 0.8888 Acc: 0.6785
2024-10-19 21:38:49,084 - INFO - Epoch complete!
2024-10-19 21:38:49,084 - INFO - Epoch 12/30
2024-10-19 21:38:49,084 - INFO - ----------
2024-10-19 21:55:07,684 - INFO - train Loss: 0.9981 Acc: 0.6153
2024-10-19 21:57:55,991 - INFO - val Loss: 0.9087 Acc: 0.6652
2024-10-19 21:57:55,991 - INFO - Epoch complete!
2024-10-19 21:57:55,992 - INFO - Epoch 13/30
2024-10-19 21:57:55,992 - INFO - ----------
2024-10-19 22:14:23,902 - INFO - train Loss: 0.9928 Acc: 0.6179
2024-10-19 22:17:27,404 - INFO - val Loss: 0.8470 Acc: 0.6932
2024-10-19 22:17:27,404 - INFO - Epoch complete!
2024-10-19 22:17:27,404 - INFO - Epoch 14/30
2024-10-19 22:17:27,404 - INFO - ----------
2024-10-19 22:33:43,841 - INFO - train Loss: 0.9915 Acc: 0.6201
2024-10-19 22:36:37,507 - INFO - val Loss: 0.8765 Acc: 0.6818
2024-10-19 22:36:37,507 - INFO - Epoch complete!
2024-10-19 22:36:37,507 - INFO - Epoch 15/30
2024-10-19 22:36:37,507 - INFO - ----------
2024-10-19 22:52:57,034 - INFO - train Loss: 0.9854 Acc: 0.6189
2024-10-19 22:55:43,714 - INFO - val Loss: 0.8635 Acc: 0.6869
2024-10-19 22:55:43,715 - INFO - Epoch complete!
2024-10-19 22:55:43,715 - INFO - Epoch 16/30
2024-10-19 22:55:43,715 - INFO - ----------
2024-10-19 23:12:10,029 - INFO - train Loss: 0.9807 Acc: 0.6225
2024-10-19 23:15:09,695 - INFO - val Loss: 0.9208 Acc: 0.6620
2024-10-19 23:15:09,695 - INFO - Epoch complete!
2024-10-19 23:15:09,695 - INFO - Epoch 17/30
2024-10-19 23:15:09,695 - INFO - ----------
2024-10-19 23:31:12,108 - INFO - train Loss: 0.9818 Acc: 0.6192
2024-10-19 23:34:03,464 - INFO - val Loss: 0.8781 Acc: 0.6774
2024-10-19 23:34:03,464 - INFO - Epoch complete!
2024-10-19 23:34:03,464 - INFO - Epoch 18/30
2024-10-19 23:34:03,464 - INFO - ----------
2024-10-19 23:50:27,077 - INFO - train Loss: 0.9768 Acc: 0.6220
2024-10-19 23:53:27,316 - INFO - val Loss: 0.8605 Acc: 0.6840
2024-10-19 23:53:27,316 - INFO - Epoch complete!
2024-10-19 23:53:27,316 - INFO - Epoch 19/30
2024-10-19 23:53:27,316 - INFO - ----------
2024-10-20 00:09:34,551 - INFO - train Loss: 0.9710 Acc: 0.6249
2024-10-20 00:12:23,501 - INFO - val Loss: 0.8892 Acc: 0.6707
2024-10-20 00:12:23,501 - INFO - Epoch complete!
2024-10-20 00:12:23,501 - INFO - Epoch 20/30
2024-10-20 00:12:23,501 - INFO - ----------
2024-10-20 00:28:21,446 - INFO - train Loss: 0.9731 Acc: 0.6236
2024-10-20 00:31:34,306 - INFO - val Loss: 0.8437 Acc: 0.6947
2024-10-20 00:31:34,306 - INFO - Epoch complete!
2024-10-20 00:31:34,306 - INFO - Epoch 21/30
2024-10-20 00:31:34,306 - INFO - ----------
2024-10-20 00:47:39,599 - INFO - train Loss: 0.9690 Acc: 0.6265
2024-10-20 00:50:24,494 - INFO - val Loss: 0.8289 Acc: 0.7015
2024-10-20 00:50:24,494 - INFO - Epoch complete!
2024-10-20 00:50:24,494 - INFO - Epoch 22/30
2024-10-20 00:50:24,494 - INFO - ----------
2024-10-20 01:06:56,275 - INFO - train Loss: 0.9668 Acc: 0.6275
2024-10-20 01:09:53,636 - INFO - val Loss: 0.8495 Acc: 0.6899
2024-10-20 01:09:53,636 - INFO - Epoch complete!
2024-10-20 01:09:53,636 - INFO - Epoch 23/30
2024-10-20 01:09:53,636 - INFO - ----------
2024-10-20 01:26:13,371 - INFO - train Loss: 0.9621 Acc: 0.6289
2024-10-20 01:29:04,298 - INFO - val Loss: 0.8892 Acc: 0.6667
2024-10-20 01:29:04,299 - INFO - Epoch complete!
2024-10-20 01:29:04,299 - INFO - Epoch 24/30
2024-10-20 01:29:04,299 - INFO - ----------
2024-10-20 01:45:26,712 - INFO - train Loss: 0.9584 Acc: 0.6319
2024-10-20 01:48:21,028 - INFO - val Loss: 0.8749 Acc: 0.6759
2024-10-20 01:48:21,028 - INFO - Epoch complete!
2024-10-20 01:48:21,028 - INFO - Epoch 25/30
2024-10-20 01:48:21,028 - INFO - ----------
2024-10-20 02:04:34,100 - INFO - train Loss: 0.9596 Acc: 0.6328
2024-10-20 02:07:22,013 - INFO - val Loss: 0.8284 Acc: 0.6955
2024-10-20 02:07:22,013 - INFO - Epoch complete!
2024-10-20 02:07:22,013 - INFO - Epoch 26/30
2024-10-20 02:07:22,013 - INFO - ----------
2024-10-20 02:23:13,801 - INFO - train Loss: 0.9539 Acc: 0.6314
2024-10-20 02:26:15,851 - INFO - val Loss: 0.9052 Acc: 0.6586
2024-10-20 02:26:15,851 - INFO - Epoch complete!
2024-10-20 02:26:15,851 - INFO - Epoch 27/30
2024-10-20 02:26:15,851 - INFO - ----------
2024-10-20 02:42:31,735 - INFO - train Loss: 0.9567 Acc: 0.6356
2024-10-20 02:45:20,842 - INFO - val Loss: 0.8633 Acc: 0.6812
2024-10-20 02:45:20,842 - INFO - Epoch complete!
2024-10-20 02:45:20,842 - INFO - Epoch 28/30
2024-10-20 02:45:20,842 - INFO - ----------
2024-10-20 03:01:34,613 - INFO - train Loss: 0.9526 Acc: 0.6322
2024-10-20 03:04:20,155 - INFO - val Loss: 0.8899 Acc: 0.6719
2024-10-20 03:04:20,156 - INFO - Epoch complete!
2024-10-20 03:04:20,156 - INFO - Epoch 29/30
2024-10-20 03:04:20,156 - INFO - ----------
2024-10-20 03:20:43,947 - INFO - train Loss: 0.9525 Acc: 0.6357
2024-10-20 03:23:37,361 - INFO - val Loss: 0.8869 Acc: 0.6728
2024-10-20 03:23:37,361 - INFO - Epoch complete!
2024-10-20 03:23:37,361 - INFO - Epoch 30/30
2024-10-20 03:23:37,361 - INFO - ----------
2024-10-20 03:39:52,223 - INFO - train Loss: 0.9471 Acc: 0.6363
2024-10-20 03:42:46,422 - INFO - val Loss: 0.8626 Acc: 0.6781
2024-10-20 03:42:46,422 - INFO - Epoch complete!
2024-10-20 03:42:46,522 - INFO - Model saved to /home/samic_yongjian/temp/SC4000_Machine_Learning/output/resnext/20241019_175614/trained_model.pth
2024-10-20 03:42:46,798 - INFO - Training curves saved at /home/samic_yongjian/temp/SC4000_Machine_Learning/output/resnext/20241019_175614/training_curves.png
2024-10-20 03:45:15,608 - INFO - Confusion matrix saved at /home/samic_yongjian/temp/SC4000_Machine_Learning/output/resnext/20241019_175614/confusion_matrix.png
