2024-10-14 00:08:18,915 - INFO - Loading pretrained weights from Hugging Face hub (timm/tf_efficientnet_b4.ns_jft_in1k)
2024-10-14 00:08:19,181 - INFO - [timm/tf_efficientnet_b4.ns_jft_in1k] Safe alternative available for 'pytorch_model.bin' (as 'model.safetensors'). Loading weights using safetensors.
2024-10-14 00:08:19,512 - INFO - Start of training.
2024-10-14 00:08:19,512 - INFO - Epoch 1/50
2024-10-14 00:11:58,630 - INFO - train Loss: 1.4624 Acc: 0.3817
2024-10-14 00:12:53,374 - INFO - val Loss: 1.3676 Acc: 0.4359
2024-10-14 00:12:53,374 - INFO - Epoch 2/50
2024-10-14 00:16:31,938 - INFO - train Loss: 1.3157 Acc: 0.4631
2024-10-14 00:17:25,055 - INFO - val Loss: 1.3063 Acc: 0.4726
2024-10-14 00:17:25,055 - INFO - Epoch 3/50
2024-10-14 00:21:07,028 - INFO - train Loss: 1.2635 Acc: 0.4945
2024-10-14 00:21:59,737 - INFO - val Loss: 1.2715 Acc: 0.4932
2024-10-14 00:21:59,737 - INFO - Epoch 4/50
2024-10-14 00:25:36,822 - INFO - train Loss: 1.2316 Acc: 0.5132
2024-10-14 00:26:30,737 - INFO - val Loss: 1.2612 Acc: 0.4862
2024-10-14 00:26:30,737 - INFO - Epoch 5/50
2024-10-14 00:30:10,018 - INFO - train Loss: 1.2206 Acc: 0.5158
2024-10-14 00:31:03,887 - INFO - val Loss: 1.2637 Acc: 0.4810
2024-10-14 00:31:03,887 - INFO - Epoch 6/50
2024-10-14 00:34:40,750 - INFO - train Loss: 1.1930 Acc: 0.5261
2024-10-14 00:35:35,211 - INFO - val Loss: 1.2628 Acc: 0.4739
2024-10-14 00:35:35,211 - INFO - Epoch 7/50
2024-10-14 00:39:09,753 - INFO - train Loss: 1.1854 Acc: 0.5240
2024-10-14 00:40:03,424 - INFO - val Loss: 1.2581 Acc: 0.4887
2024-10-14 00:40:03,424 - INFO - Epoch 8/50
2024-10-14 00:43:39,797 - INFO - train Loss: 1.1768 Acc: 0.5309
2024-10-14 00:44:33,115 - INFO - val Loss: 1.2552 Acc: 0.4881
2024-10-14 00:44:33,115 - INFO - Epoch 9/50
2024-10-14 00:48:10,402 - INFO - train Loss: 1.1634 Acc: 0.5325
2024-10-14 00:49:04,448 - INFO - val Loss: 1.2503 Acc: 0.4810
2024-10-14 00:49:04,448 - INFO - Epoch 10/50
2024-10-14 00:52:38,263 - INFO - train Loss: 1.1554 Acc: 0.5385
2024-10-14 00:53:32,364 - INFO - val Loss: 1.2502 Acc: 0.4894
2024-10-14 00:53:32,364 - INFO - Epoch 11/50
2024-10-14 00:57:12,314 - INFO - train Loss: 1.1474 Acc: 0.5433
2024-10-14 00:58:05,647 - INFO - val Loss: 1.2394 Acc: 0.4842
2024-10-14 00:58:05,647 - INFO - Epoch 12/50
2024-10-14 01:01:42,213 - INFO - train Loss: 1.1441 Acc: 0.5496
2024-10-14 01:02:34,581 - INFO - val Loss: 1.2558 Acc: 0.4791
2024-10-14 01:02:34,581 - INFO - Epoch 13/50
2024-10-14 01:06:12,204 - INFO - train Loss: 1.1416 Acc: 0.5475
2024-10-14 01:07:07,217 - INFO - val Loss: 1.2503 Acc: 0.4952
2024-10-14 01:07:07,217 - INFO - Epoch 14/50
2024-10-14 01:10:46,749 - INFO - train Loss: 1.1409 Acc: 0.5459
2024-10-14 01:11:41,301 - INFO - val Loss: 1.2562 Acc: 0.4868
2024-10-14 01:11:41,301 - INFO - Epoch 15/50
2024-10-14 01:15:18,772 - INFO - train Loss: 1.1340 Acc: 0.5539
2024-10-14 01:16:14,201 - INFO - val Loss: 1.2449 Acc: 0.4797
2024-10-14 01:16:14,201 - INFO - Epoch 16/50
2024-10-14 01:19:52,814 - INFO - train Loss: 1.1292 Acc: 0.5541
2024-10-14 01:20:48,397 - INFO - val Loss: 1.2631 Acc: 0.4881
2024-10-14 01:20:48,397 - INFO - Epoch 17/50
2024-10-14 01:24:24,986 - INFO - train Loss: 1.1290 Acc: 0.5485
2024-10-14 01:25:19,176 - INFO - val Loss: 1.2566 Acc: 0.4746
2024-10-14 01:25:19,176 - INFO - Epoch 18/50
2024-10-14 01:28:56,003 - INFO - train Loss: 1.1252 Acc: 0.5542
2024-10-14 01:29:50,518 - INFO - val Loss: 1.2424 Acc: 0.4791
2024-10-14 01:29:50,518 - INFO - Epoch 19/50
2024-10-14 01:33:28,278 - INFO - train Loss: 1.1178 Acc: 0.5536
2024-10-14 01:34:22,424 - INFO - val Loss: 1.2592 Acc: 0.4746
2024-10-14 01:34:22,424 - INFO - Epoch 20/50
2024-10-14 01:38:01,094 - INFO - train Loss: 1.1144 Acc: 0.5528
2024-10-14 01:38:54,498 - INFO - val Loss: 1.2413 Acc: 0.4862
2024-10-14 01:38:54,498 - INFO - Epoch 21/50
2024-10-14 01:42:32,539 - INFO - train Loss: 1.1176 Acc: 0.5547
2024-10-14 01:43:26,238 - INFO - val Loss: 1.2665 Acc: 0.4694
2024-10-14 01:43:26,238 - INFO - Epoch 22/50
2024-10-14 01:47:04,276 - INFO - train Loss: 1.1149 Acc: 0.5580
2024-10-14 01:47:59,069 - INFO - val Loss: 1.2685 Acc: 0.4726
2024-10-14 01:47:59,069 - INFO - Epoch 23/50
2024-10-14 01:51:38,187 - INFO - train Loss: 1.1122 Acc: 0.5681
2024-10-14 01:52:32,811 - INFO - val Loss: 1.2587 Acc: 0.4849
2024-10-14 01:52:32,811 - INFO - Epoch 24/50
2024-10-14 01:56:14,736 - INFO - train Loss: 1.0976 Acc: 0.5631
2024-10-14 01:57:09,407 - INFO - val Loss: 1.2557 Acc: 0.4791
2024-10-14 01:57:09,407 - INFO - Epoch 25/50
2024-10-14 02:00:48,005 - INFO - train Loss: 1.1087 Acc: 0.5589
2024-10-14 02:01:41,938 - INFO - val Loss: 1.2524 Acc: 0.4887
2024-10-14 02:01:41,938 - INFO - Epoch 26/50
2024-10-14 02:04:52,154 - INFO - train Loss: 1.1052 Acc: 0.5597
2024-10-14 02:05:13,319 - INFO - val Loss: 1.2396 Acc: 0.4797
2024-10-14 02:05:13,319 - INFO - Epoch 27/50
2024-10-14 02:06:38,751 - INFO - train Loss: 1.0978 Acc: 0.5713
2024-10-14 02:06:59,955 - INFO - val Loss: 1.2643 Acc: 0.4643
2024-10-14 02:06:59,955 - INFO - Epoch 28/50
2024-10-14 02:08:25,480 - INFO - train Loss: 1.0913 Acc: 0.5710
2024-10-14 02:08:46,431 - INFO - val Loss: 1.2718 Acc: 0.4662
2024-10-14 02:08:46,431 - INFO - Epoch 29/50
2024-10-14 02:10:11,977 - INFO - train Loss: 1.0890 Acc: 0.5771
2024-10-14 02:10:32,973 - INFO - val Loss: 1.2452 Acc: 0.4939
2024-10-14 02:10:32,973 - INFO - Epoch 30/50
2024-10-14 02:11:58,293 - INFO - train Loss: 1.0973 Acc: 0.5665
2024-10-14 02:12:19,173 - INFO - val Loss: 1.2491 Acc: 0.4778
2024-10-14 02:12:19,173 - INFO - Epoch 31/50
2024-10-14 02:13:44,852 - INFO - train Loss: 1.0935 Acc: 0.5734
2024-10-14 02:14:05,785 - INFO - val Loss: 1.2542 Acc: 0.4791
2024-10-14 02:14:05,785 - INFO - Epoch 32/50
2024-10-14 02:15:30,323 - INFO - train Loss: 1.0817 Acc: 0.5718
2024-10-14 02:15:51,418 - INFO - val Loss: 1.2518 Acc: 0.4907
2024-10-14 02:15:51,418 - INFO - Epoch 33/50
2024-10-14 02:17:16,216 - INFO - train Loss: 1.0791 Acc: 0.5729
2024-10-14 02:17:37,296 - INFO - val Loss: 1.2633 Acc: 0.4720
2024-10-14 02:17:37,296 - INFO - Epoch 34/50
2024-10-14 02:19:02,089 - INFO - train Loss: 1.0749 Acc: 0.5790
2024-10-14 02:19:23,111 - INFO - val Loss: 1.2697 Acc: 0.4810
2024-10-14 02:19:23,111 - INFO - Epoch 35/50
2024-10-14 02:20:47,995 - INFO - train Loss: 1.0765 Acc: 0.5786
2024-10-14 02:21:08,964 - INFO - val Loss: 1.2662 Acc: 0.4720
2024-10-14 02:21:08,964 - INFO - Epoch 36/50
2024-10-14 02:22:34,733 - INFO - train Loss: 1.0684 Acc: 0.5848
2024-10-14 02:22:55,720 - INFO - val Loss: 1.2662 Acc: 0.4668
2024-10-14 02:22:55,720 - INFO - Epoch 37/50
2024-10-14 02:24:21,338 - INFO - train Loss: 1.0813 Acc: 0.5794
2024-10-14 02:24:42,237 - INFO - val Loss: 1.2799 Acc: 0.4784
2024-10-14 02:24:42,237 - INFO - Epoch 38/50
2024-10-14 02:26:06,954 - INFO - train Loss: 1.0781 Acc: 0.5860
2024-10-14 02:26:27,897 - INFO - val Loss: 1.2566 Acc: 0.4823
2024-10-14 02:26:27,897 - INFO - Epoch 39/50
2024-10-14 02:27:52,915 - INFO - train Loss: 1.0669 Acc: 0.5813
2024-10-14 02:28:13,984 - INFO - val Loss: 1.2462 Acc: 0.5023
2024-10-14 02:28:13,985 - INFO - Epoch 40/50
2024-10-14 02:29:38,742 - INFO - train Loss: 1.0821 Acc: 0.5803
2024-10-14 02:29:59,839 - INFO - val Loss: 1.2746 Acc: 0.4823
2024-10-14 02:29:59,839 - INFO - Epoch 41/50
2024-10-14 02:31:24,077 - INFO - train Loss: 1.0686 Acc: 0.5774
2024-10-14 02:31:45,187 - INFO - val Loss: 1.2594 Acc: 0.4829
2024-10-14 02:31:45,187 - INFO - Epoch 42/50
2024-10-14 02:33:10,434 - INFO - train Loss: 1.0628 Acc: 0.5808
2024-10-14 02:33:31,222 - INFO - val Loss: 1.2748 Acc: 0.4913
2024-10-14 02:33:31,222 - INFO - Epoch 43/50
2024-10-14 02:34:56,163 - INFO - train Loss: 1.0622 Acc: 0.5829
2024-10-14 02:35:16,937 - INFO - val Loss: 1.2536 Acc: 0.4887
2024-10-14 02:35:16,937 - INFO - Epoch 44/50
2024-10-14 02:36:41,822 - INFO - train Loss: 1.0630 Acc: 0.5829
2024-10-14 02:37:02,816 - INFO - val Loss: 1.2770 Acc: 0.4771
2024-10-14 02:37:02,816 - INFO - Epoch 45/50
2024-10-14 02:38:27,640 - INFO - train Loss: 1.0625 Acc: 0.5847
2024-10-14 02:38:48,413 - INFO - val Loss: 1.2707 Acc: 0.4726
2024-10-14 02:38:48,413 - INFO - Epoch 46/50
2024-10-14 02:40:12,939 - INFO - train Loss: 1.0675 Acc: 0.5776
2024-10-14 02:40:33,932 - INFO - val Loss: 1.2673 Acc: 0.4752
2024-10-14 02:40:33,932 - INFO - Epoch 47/50
2024-10-14 02:41:58,482 - INFO - train Loss: 1.0546 Acc: 0.5889
2024-10-14 02:42:19,332 - INFO - val Loss: 1.2866 Acc: 0.4668
2024-10-14 02:42:19,332 - INFO - Epoch 48/50
2024-10-14 02:43:44,231 - INFO - train Loss: 1.0661 Acc: 0.5705
2024-10-14 02:44:05,170 - INFO - val Loss: 1.2858 Acc: 0.4810
2024-10-14 02:44:05,170 - INFO - Epoch 49/50
2024-10-14 02:45:30,472 - INFO - train Loss: 1.0490 Acc: 0.5935
2024-10-14 02:45:51,660 - INFO - val Loss: 1.2766 Acc: 0.4713
2024-10-14 02:45:51,660 - INFO - Epoch 50/50
2024-10-14 02:47:11,368 - INFO - train Loss: 1.0565 Acc: 0.5873
2024-10-14 02:47:25,639 - INFO - val Loss: 1.2672 Acc: 0.4765
2024-10-14 02:47:25,639 - INFO - Training complete!
2024-10-14 02:47:25,726 - INFO - Model saved to /home/samic_yongjian/temp/SC4000_Machine_Learning/output/efficientnet/20241014_000531/trained_model.pth
2024-10-14 02:47:25,836 - INFO - Training curves saved at /home/samic_yongjian/temp/SC4000_Machine_Learning/output/efficientnet/20241014_000531/training_curves.png
2024-10-14 02:47:40,107 - INFO - Confusion matrix saved at /home/samic_yongjian/temp/SC4000_Machine_Learning/output/efficientnet/20241014_000531/confusion_matrix.png
