2024-11-02 23:15:41,772 - INFO - Loading pretrained weights from Hugging Face hub (timm/tf_efficientnet_b0.ns_jft_in1k)
2024-11-02 23:15:42,022 - INFO - [timm/tf_efficientnet_b0.ns_jft_in1k] Safe alternative available for 'pytorch_model.bin' (as 'model.safetensors'). Loading weights using safetensors.
2024-11-02 23:15:42,518 - INFO - Start of training.
2024-11-02 23:15:42,519 - INFO - Epoch 1/30
2024-11-02 23:15:42,519 - INFO - ----------
2024-11-03 00:09:45,759 - INFO - train Loss: 1.2873 Acc: 0.4870
2024-11-03 00:17:51,873 - INFO - New best model found at epoch 1 with validation loss 1.1814
2024-11-03 00:17:51,873 - INFO - Best model saved at /home/samic_yongjian/temp/SC4000_Machine_Learning/output/efficientnetb0/20241102_225140/best_model.pth
2024-11-03 00:17:51,873 - INFO - val Loss: 1.1814 Acc: 0.5279
2024-11-03 00:17:51,873 - INFO - Epoch complete!
2024-11-03 00:17:51,873 - INFO - Epoch 2/30
2024-11-03 00:17:51,873 - INFO - ----------
2024-11-03 00:43:14,847 - INFO - train Loss: 1.1565 Acc: 0.5402
2024-11-03 00:51:22,127 - INFO - New best model found at epoch 2 with validation loss 1.1446
2024-11-03 00:51:22,127 - INFO - Best model saved at /home/samic_yongjian/temp/SC4000_Machine_Learning/output/efficientnetb0/20241102_225140/best_model.pth
2024-11-03 00:51:22,127 - INFO - val Loss: 1.1446 Acc: 0.5445
2024-11-03 00:51:22,127 - INFO - Epoch complete!
2024-11-03 00:51:22,127 - INFO - Epoch 3/30
2024-11-03 00:51:22,127 - INFO - ----------
2024-11-03 01:16:20,575 - INFO - train Loss: 1.1236 Acc: 0.5538
2024-11-03 01:23:59,738 - INFO - New best model found at epoch 3 with validation loss 1.1182
2024-11-03 01:23:59,738 - INFO - Best model saved at /home/samic_yongjian/temp/SC4000_Machine_Learning/output/efficientnetb0/20241102_225140/best_model.pth
2024-11-03 01:23:59,738 - INFO - val Loss: 1.1182 Acc: 0.5554
2024-11-03 01:23:59,738 - INFO - Epoch complete!
2024-11-03 01:23:59,738 - INFO - Epoch 4/30
2024-11-03 01:23:59,738 - INFO - ----------
2024-11-03 01:48:53,520 - INFO - train Loss: 1.1016 Acc: 0.5648
2024-11-03 01:57:00,781 - INFO - New best model found at epoch 4 with validation loss 1.1134
2024-11-03 01:57:00,781 - INFO - Best model saved at /home/samic_yongjian/temp/SC4000_Machine_Learning/output/efficientnetb0/20241102_225140/best_model.pth
2024-11-03 01:57:00,781 - INFO - val Loss: 1.1134 Acc: 0.5616
2024-11-03 01:57:00,781 - INFO - Epoch complete!
2024-11-03 01:57:00,781 - INFO - Epoch 5/30
2024-11-03 01:57:00,781 - INFO - ----------
2024-11-03 02:22:21,436 - INFO - train Loss: 1.0870 Acc: 0.5733
2024-11-03 02:30:23,866 - INFO - New best model found at epoch 5 with validation loss 1.0938
2024-11-03 02:30:23,866 - INFO - Best model saved at /home/samic_yongjian/temp/SC4000_Machine_Learning/output/efficientnetb0/20241102_225140/best_model.pth
2024-11-03 02:30:23,866 - INFO - val Loss: 1.0938 Acc: 0.5614
2024-11-03 02:30:23,866 - INFO - Epoch complete!
2024-11-03 02:30:23,866 - INFO - Epoch 6/30
2024-11-03 02:30:23,866 - INFO - ----------
2024-11-03 02:55:22,580 - INFO - train Loss: 1.0795 Acc: 0.5745
2024-11-03 03:03:18,233 - INFO - val Loss: 1.0972 Acc: 0.5661
2024-11-03 03:03:18,233 - INFO - Epoch complete!
2024-11-03 03:03:18,233 - INFO - Epoch 7/30
2024-11-03 03:03:18,233 - INFO - ----------
2024-11-03 03:27:36,251 - INFO - train Loss: 1.0719 Acc: 0.5776
2024-11-03 03:35:13,507 - INFO - val Loss: 1.0941 Acc: 0.5661
2024-11-03 03:35:13,507 - INFO - Epoch complete!
2024-11-03 03:35:13,507 - INFO - Epoch 8/30
2024-11-03 03:35:13,507 - INFO - ----------
2024-11-03 04:00:00,662 - INFO - train Loss: 1.0658 Acc: 0.5811
2024-11-03 04:08:11,223 - INFO - New best model found at epoch 8 with validation loss 1.0886
2024-11-03 04:08:11,223 - INFO - Best model saved at /home/samic_yongjian/temp/SC4000_Machine_Learning/output/efficientnetb0/20241102_225140/best_model.pth
2024-11-03 04:08:11,223 - INFO - val Loss: 1.0886 Acc: 0.5653
2024-11-03 04:08:11,223 - INFO - Epoch complete!
2024-11-03 04:08:11,223 - INFO - Epoch 9/30
2024-11-03 04:08:11,223 - INFO - ----------
2024-11-03 04:33:17,831 - INFO - train Loss: 1.0623 Acc: 0.5814
2024-11-03 04:41:22,803 - INFO - New best model found at epoch 9 with validation loss 1.0817
2024-11-03 04:41:22,803 - INFO - Best model saved at /home/samic_yongjian/temp/SC4000_Machine_Learning/output/efficientnetb0/20241102_225140/best_model.pth
2024-11-03 04:41:22,803 - INFO - val Loss: 1.0817 Acc: 0.5699
2024-11-03 04:41:22,803 - INFO - Epoch complete!
2024-11-03 04:41:22,803 - INFO - Epoch 10/30
2024-11-03 04:41:22,803 - INFO - ----------
2024-11-03 05:06:19,795 - INFO - train Loss: 1.0586 Acc: 0.5830
2024-11-03 05:14:18,250 - INFO - val Loss: 1.0932 Acc: 0.5634
2024-11-03 05:14:18,250 - INFO - Epoch complete!
2024-11-03 05:14:18,250 - INFO - Epoch 11/30
2024-11-03 05:14:18,250 - INFO - ----------
2024-11-03 05:40:14,921 - INFO - train Loss: 1.0548 Acc: 0.5864
2024-11-03 05:48:50,618 - INFO - val Loss: 1.0879 Acc: 0.5677
2024-11-03 05:48:50,619 - INFO - Epoch complete!
2024-11-03 05:48:50,619 - INFO - Epoch 12/30
2024-11-03 05:48:50,619 - INFO - ----------
2024-11-03 06:13:17,914 - INFO - train Loss: 1.0563 Acc: 0.5860
2024-11-03 06:21:53,278 - INFO - val Loss: 1.0862 Acc: 0.5716
2024-11-03 06:21:53,278 - INFO - Epoch complete!
2024-11-03 06:21:53,278 - INFO - Epoch 13/30
2024-11-03 06:21:53,278 - INFO - ----------
2024-11-03 06:46:07,858 - INFO - train Loss: 1.0501 Acc: 0.5847
2024-11-03 06:55:02,479 - INFO - New best model found at epoch 13 with validation loss 1.0750
2024-11-03 06:55:02,479 - INFO - Best model saved at /home/samic_yongjian/temp/SC4000_Machine_Learning/output/efficientnetb0/20241102_225140/best_model.pth
2024-11-03 06:55:02,479 - INFO - val Loss: 1.0750 Acc: 0.5721
2024-11-03 06:55:02,479 - INFO - Epoch complete!
2024-11-03 06:55:02,479 - INFO - Epoch 14/30
2024-11-03 06:55:02,479 - INFO - ----------
2024-11-03 07:19:35,721 - INFO - train Loss: 1.0475 Acc: 0.5905
2024-11-03 07:28:10,451 - INFO - val Loss: 1.0809 Acc: 0.5718
2024-11-03 07:28:10,451 - INFO - Epoch complete!
2024-11-03 07:28:10,451 - INFO - Epoch 15/30
2024-11-03 07:28:10,451 - INFO - ----------
2024-11-03 07:52:47,714 - INFO - train Loss: 1.0461 Acc: 0.5887
2024-11-03 08:00:59,265 - INFO - val Loss: 1.0793 Acc: 0.5776
2024-11-03 08:00:59,265 - INFO - Epoch complete!
2024-11-03 08:00:59,265 - INFO - Epoch 16/30
2024-11-03 08:00:59,265 - INFO - ----------
2024-11-03 08:25:51,954 - INFO - train Loss: 1.0448 Acc: 0.5886
2024-11-03 08:34:08,803 - INFO - val Loss: 1.0799 Acc: 0.5699
2024-11-03 08:34:08,803 - INFO - Epoch complete!
2024-11-03 08:34:08,803 - INFO - Epoch 17/30
2024-11-03 08:34:08,803 - INFO - ----------
2024-11-03 08:58:35,920 - INFO - train Loss: 1.0389 Acc: 0.5920
2024-11-03 09:06:52,339 - INFO - val Loss: 1.0761 Acc: 0.5730
2024-11-03 09:06:52,339 - INFO - Epoch complete!
2024-11-03 09:06:52,339 - INFO - Epoch 18/30
2024-11-03 09:06:52,339 - INFO - ----------
2024-11-03 09:31:48,567 - INFO - train Loss: 1.0373 Acc: 0.5925
2024-11-03 09:39:56,602 - INFO - val Loss: 1.0835 Acc: 0.5728
2024-11-03 09:39:56,602 - INFO - Epoch complete!
2024-11-03 09:39:56,602 - INFO - Epoch 19/30
2024-11-03 09:39:56,602 - INFO - ----------
2024-11-03 10:05:03,093 - INFO - train Loss: 1.0393 Acc: 0.5927
2024-11-03 10:12:56,613 - INFO - val Loss: 1.0751 Acc: 0.5722
2024-11-03 10:12:56,613 - INFO - Epoch complete!
2024-11-03 10:12:56,613 - INFO - Epoch 20/30
2024-11-03 10:12:56,613 - INFO - ----------
2024-11-03 10:37:57,618 - INFO - train Loss: 1.0329 Acc: 0.5945
2024-11-03 10:45:51,994 - INFO - New best model found at epoch 20 with validation loss 1.0725
2024-11-03 10:45:51,994 - INFO - Best model saved at /home/samic_yongjian/temp/SC4000_Machine_Learning/output/efficientnetb0/20241102_225140/best_model.pth
2024-11-03 10:45:51,994 - INFO - val Loss: 1.0725 Acc: 0.5733
2024-11-03 10:45:51,994 - INFO - Epoch complete!
2024-11-03 10:45:51,994 - INFO - Epoch 21/30
2024-11-03 10:45:51,994 - INFO - ----------
2024-11-03 11:10:55,297 - INFO - train Loss: 1.0327 Acc: 0.5928
2024-11-03 11:19:01,622 - INFO - val Loss: 1.0740 Acc: 0.5756
2024-11-03 11:19:01,622 - INFO - Epoch complete!
2024-11-03 11:19:01,622 - INFO - Epoch 22/30
2024-11-03 11:19:01,622 - INFO - ----------
2024-11-03 11:43:51,224 - INFO - train Loss: 1.0302 Acc: 0.5956
2024-11-03 11:51:54,093 - INFO - val Loss: 1.0740 Acc: 0.5764
2024-11-03 11:51:54,093 - INFO - Epoch complete!
2024-11-03 11:51:54,093 - INFO - Epoch 23/30
2024-11-03 11:51:54,093 - INFO - ----------
2024-11-03 12:16:38,722 - INFO - train Loss: 1.0284 Acc: 0.5968
2024-11-03 12:24:39,202 - INFO - New best model found at epoch 23 with validation loss 1.0651
2024-11-03 12:24:39,202 - INFO - Best model saved at /home/samic_yongjian/temp/SC4000_Machine_Learning/output/efficientnetb0/20241102_225140/best_model.pth
2024-11-03 12:24:39,202 - INFO - val Loss: 1.0651 Acc: 0.5806
2024-11-03 12:24:39,202 - INFO - Epoch complete!
2024-11-03 12:24:39,202 - INFO - Epoch 24/30
2024-11-03 12:24:39,202 - INFO - ----------
2024-11-03 12:49:22,542 - INFO - train Loss: 1.0301 Acc: 0.5939
2024-11-03 12:57:31,540 - INFO - val Loss: 1.0772 Acc: 0.5751
2024-11-03 12:57:31,540 - INFO - Epoch complete!
2024-11-03 12:57:31,540 - INFO - Epoch 25/30
2024-11-03 12:57:31,540 - INFO - ----------
2024-11-03 13:22:44,393 - INFO - train Loss: 1.0294 Acc: 0.5949
2024-11-03 13:30:38,449 - INFO - val Loss: 1.0664 Acc: 0.5807
2024-11-03 13:30:38,449 - INFO - Epoch complete!
2024-11-03 13:30:38,450 - INFO - Epoch 26/30
2024-11-03 13:30:38,450 - INFO - ----------
2024-11-03 13:56:33,003 - INFO - train Loss: 1.0293 Acc: 0.5946
2024-11-03 14:04:35,677 - INFO - val Loss: 1.0713 Acc: 0.5778
2024-11-03 14:04:35,678 - INFO - Epoch complete!
2024-11-03 14:04:35,678 - INFO - Epoch 27/30
2024-11-03 14:04:35,678 - INFO - ----------
2024-11-03 14:21:39,495 - INFO - train Loss: 1.0251 Acc: 0.5999
2024-11-03 14:22:47,179 - INFO - val Loss: 1.0676 Acc: 0.5761
2024-11-03 14:22:47,180 - INFO - Epoch complete!
2024-11-03 14:22:47,180 - INFO - Epoch 28/30
2024-11-03 14:22:47,180 - INFO - ----------
2024-11-03 14:26:19,819 - INFO - train Loss: 1.0273 Acc: 0.5973
2024-11-03 14:27:27,583 - INFO - val Loss: 1.0676 Acc: 0.5762
2024-11-03 14:27:27,583 - INFO - Epoch complete!
2024-11-03 14:27:27,583 - INFO - Epoch 29/30
2024-11-03 14:27:27,583 - INFO - ----------
2024-11-03 14:31:02,494 - INFO - train Loss: 1.0305 Acc: 0.5970
2024-11-03 14:32:10,930 - INFO - val Loss: 1.0718 Acc: 0.5783
2024-11-03 14:32:10,930 - INFO - Epoch complete!
2024-11-03 14:32:10,930 - INFO - Epoch 30/30
2024-11-03 14:32:10,930 - INFO - ----------
2024-11-03 14:35:11,831 - INFO - train Loss: 1.0265 Acc: 0.5982
2024-11-03 14:36:08,926 - INFO - val Loss: 1.0746 Acc: 0.5794
2024-11-03 14:36:08,926 - INFO - Epoch complete!
2024-11-03 14:36:08,957 - INFO - Model saved to /home/samic_yongjian/temp/SC4000_Machine_Learning/output/efficientnetb0/20241102_225140/last.pth
2024-11-03 14:36:09,032 - INFO - Best validation probabilities saved at /home/samic_yongjian/temp/SC4000_Machine_Learning/output/efficientnetb0/20241102_225140/best_validation_probabilities.csv
2024-11-03 14:36:09,157 - INFO - Training curves saved at /home/samic_yongjian/temp/SC4000_Machine_Learning/output/efficientnetb0/20241102_225140/training_curves.png
2024-11-03 14:37:06,051 - INFO - Log Loss: 1.0710
2024-11-03 14:37:06,051 - INFO - Accuracy: 0.5820
2024-11-03 14:37:06,051 - INFO - Precision: 0.5811
2024-11-03 14:37:06,051 - INFO - Recall: 0.5820
2024-11-03 14:37:06,052 - INFO - F1 Score: 0.5807
2024-11-03 14:37:06,052 - INFO - F2 Score: 0.5812
2024-11-03 14:37:06,139 - INFO - Confusion matrix saved at /home/samic_yongjian/temp/SC4000_Machine_Learning/output/efficientnetb0/20241102_225140/test_confusion_matrix.png
