2024-10-13 13:51:33,783 - INFO - Epoch 1/30
2024-10-13 13:51:33,783 - INFO - ----------
2024-10-13 13:54:57,566 - INFO - train Loss: 1.1401 Acc: 0.5850
2024-10-13 13:55:47,628 - INFO - val Loss: 1.0131 Acc: 0.6125
2024-10-13 13:55:47,628 - INFO - Epoch 2/30
2024-10-13 13:55:47,628 - INFO - ----------
2024-10-13 13:59:10,201 - INFO - train Loss: 0.9915 Acc: 0.6334
2024-10-13 13:59:59,919 - INFO - val Loss: 0.9394 Acc: 0.6555
2024-10-13 13:59:59,919 - INFO - Epoch 3/30
2024-10-13 13:59:59,919 - INFO - ----------
2024-10-13 14:03:22,635 - INFO - train Loss: 0.9428 Acc: 0.6536
2024-10-13 14:04:12,565 - INFO - val Loss: 0.9024 Acc: 0.6672
2024-10-13 14:04:12,565 - INFO - Epoch 4/30
2024-10-13 14:04:12,565 - INFO - ----------
2024-10-13 14:07:35,470 - INFO - train Loss: 0.9097 Acc: 0.6663
2024-10-13 14:08:25,577 - INFO - val Loss: 0.8766 Acc: 0.6866
2024-10-13 14:08:25,577 - INFO - Epoch 5/30
2024-10-13 14:08:25,577 - INFO - ----------
2024-10-13 14:11:47,626 - INFO - train Loss: 0.8949 Acc: 0.6722
2024-10-13 14:12:37,564 - INFO - val Loss: 0.8572 Acc: 0.6903
2024-10-13 14:12:37,564 - INFO - Epoch 6/30
2024-10-13 14:12:37,564 - INFO - ----------
2024-10-13 14:16:01,111 - INFO - train Loss: 0.8794 Acc: 0.6754
2024-10-13 14:16:51,075 - INFO - val Loss: 0.8462 Acc: 0.6971
2024-10-13 14:16:51,075 - INFO - Epoch 7/30
2024-10-13 14:16:51,075 - INFO - ----------
2024-10-13 14:20:14,319 - INFO - train Loss: 0.8750 Acc: 0.6812
2024-10-13 14:21:21,454 - INFO - val Loss: 0.8384 Acc: 0.6962
2024-10-13 14:21:21,454 - INFO - Epoch 8/30
2024-10-13 14:21:21,454 - INFO - ----------
2024-10-13 14:26:30,032 - INFO - train Loss: 0.8593 Acc: 0.6829
2024-10-13 14:27:51,057 - INFO - val Loss: 0.8251 Acc: 0.7010
2024-10-13 14:27:51,057 - INFO - Epoch 9/30
2024-10-13 14:27:51,057 - INFO - ----------
2024-10-13 14:33:16,657 - INFO - train Loss: 0.8573 Acc: 0.6841
2024-10-13 14:34:32,014 - INFO - val Loss: 0.8218 Acc: 0.7056
2024-10-13 14:34:32,014 - INFO - Epoch 10/30
2024-10-13 14:34:32,014 - INFO - ----------
2024-10-13 14:40:01,408 - INFO - train Loss: 0.8515 Acc: 0.6861
2024-10-13 14:41:21,855 - INFO - val Loss: 0.8111 Acc: 0.7074
2024-10-13 14:41:21,856 - INFO - Epoch 11/30
2024-10-13 14:41:21,856 - INFO - ----------
2024-10-13 14:46:41,022 - INFO - train Loss: 0.8480 Acc: 0.6874
2024-10-13 14:48:01,649 - INFO - val Loss: 0.8102 Acc: 0.7135
2024-10-13 14:48:01,649 - INFO - Epoch 12/30
2024-10-13 14:48:01,649 - INFO - ----------
2024-10-13 14:53:20,340 - INFO - train Loss: 0.8421 Acc: 0.6897
2024-10-13 14:54:42,985 - INFO - val Loss: 0.8009 Acc: 0.7137
2024-10-13 14:54:42,985 - INFO - Epoch 13/30
2024-10-13 14:54:42,985 - INFO - ----------
2024-10-13 15:00:10,193 - INFO - train Loss: 0.8405 Acc: 0.6899
2024-10-13 15:01:30,790 - INFO - val Loss: 0.7954 Acc: 0.7124
2024-10-13 15:01:30,790 - INFO - Epoch 14/30
2024-10-13 15:01:30,790 - INFO - ----------
2024-10-13 15:06:51,125 - INFO - train Loss: 0.8420 Acc: 0.6915
2024-10-13 15:08:12,221 - INFO - val Loss: 0.7960 Acc: 0.7113
2024-10-13 15:08:12,221 - INFO - Epoch 15/30
2024-10-13 15:08:12,221 - INFO - ----------
2024-10-13 15:13:30,476 - INFO - train Loss: 0.8360 Acc: 0.6932
2024-10-13 15:14:51,435 - INFO - val Loss: 0.7912 Acc: 0.7156
2024-10-13 15:14:51,435 - INFO - Epoch 16/30
2024-10-13 15:14:51,435 - INFO - ----------
2024-10-13 15:20:18,509 - INFO - train Loss: 0.8327 Acc: 0.6913
2024-10-13 15:21:32,038 - INFO - val Loss: 0.7920 Acc: 0.7150
2024-10-13 15:21:32,038 - INFO - Epoch 17/30
2024-10-13 15:21:32,038 - INFO - ----------
2024-10-13 15:26:57,472 - INFO - train Loss: 0.8343 Acc: 0.6907
2024-10-13 15:28:18,226 - INFO - val Loss: 0.7925 Acc: 0.7115
2024-10-13 15:28:18,227 - INFO - Epoch 18/30
2024-10-13 15:28:18,227 - INFO - ----------
2024-10-13 15:33:38,319 - INFO - train Loss: 0.8323 Acc: 0.6907
2024-10-13 15:34:59,093 - INFO - val Loss: 0.7945 Acc: 0.7076
2024-10-13 15:34:59,093 - INFO - Epoch 19/30
2024-10-13 15:34:59,093 - INFO - ----------
2024-10-13 15:40:20,940 - INFO - train Loss: 0.8321 Acc: 0.6913
2024-10-13 15:41:40,285 - INFO - val Loss: 0.7838 Acc: 0.7191
2024-10-13 15:41:40,285 - INFO - Epoch 20/30
2024-10-13 15:41:40,285 - INFO - ----------
2024-10-13 15:47:07,732 - INFO - train Loss: 0.8288 Acc: 0.6975
2024-10-13 15:48:29,414 - INFO - val Loss: 0.7917 Acc: 0.7076
2024-10-13 15:48:29,414 - INFO - Epoch 21/30
2024-10-13 15:48:29,414 - INFO - ----------
2024-10-13 15:53:47,372 - INFO - train Loss: 0.8325 Acc: 0.6932
2024-10-13 15:55:09,062 - INFO - val Loss: 0.7799 Acc: 0.7191
2024-10-13 15:55:09,062 - INFO - Epoch 22/30
2024-10-13 15:55:09,062 - INFO - ----------
2024-10-13 16:00:29,083 - INFO - train Loss: 0.8262 Acc: 0.6936
2024-10-13 16:01:50,539 - INFO - val Loss: 0.7871 Acc: 0.7121
2024-10-13 16:01:50,539 - INFO - Epoch 23/30
2024-10-13 16:01:50,539 - INFO - ----------
2024-10-13 16:07:16,586 - INFO - train Loss: 0.8283 Acc: 0.6964
2024-10-13 16:08:32,938 - INFO - val Loss: 0.7827 Acc: 0.7174
2024-10-13 16:08:32,938 - INFO - Epoch 24/30
2024-10-13 16:08:32,938 - INFO - ----------
2024-10-13 16:13:58,268 - INFO - train Loss: 0.8286 Acc: 0.6945
2024-10-13 16:15:19,433 - INFO - val Loss: 0.7834 Acc: 0.7154
2024-10-13 16:15:19,433 - INFO - Epoch 25/30
2024-10-13 16:15:19,433 - INFO - ----------
2024-10-13 16:20:39,755 - INFO - train Loss: 0.8264 Acc: 0.6930
2024-10-13 16:22:01,069 - INFO - val Loss: 0.7931 Acc: 0.7111
2024-10-13 16:22:01,069 - INFO - Epoch 26/30
2024-10-13 16:22:01,070 - INFO - ----------
2024-10-13 16:27:22,354 - INFO - train Loss: 0.8275 Acc: 0.6976
2024-10-13 16:28:39,814 - INFO - val Loss: 0.7881 Acc: 0.7159
2024-10-13 16:28:39,814 - INFO - Epoch 27/30
2024-10-13 16:28:39,814 - INFO - ----------
2024-10-13 16:34:08,021 - INFO - train Loss: 0.8240 Acc: 0.6971
2024-10-13 16:35:28,968 - INFO - val Loss: 0.7800 Acc: 0.7156
2024-10-13 16:35:28,968 - INFO - Epoch 28/30
2024-10-13 16:35:28,968 - INFO - ----------
2024-10-13 16:40:47,531 - INFO - train Loss: 0.8264 Acc: 0.6969
2024-10-13 16:42:08,390 - INFO - val Loss: 0.7865 Acc: 0.7102
2024-10-13 16:42:08,390 - INFO - Epoch 29/30
2024-10-13 16:42:08,390 - INFO - ----------
2024-10-13 16:47:28,387 - INFO - train Loss: 0.8217 Acc: 0.6967
2024-10-13 16:48:49,295 - INFO - val Loss: 0.7846 Acc: 0.7147
2024-10-13 16:48:49,295 - INFO - Epoch 30/30
2024-10-13 16:48:49,295 - INFO - ----------
2024-10-13 16:54:17,736 - INFO - train Loss: 0.8238 Acc: 0.6931
2024-10-13 16:55:34,291 - INFO - val Loss: 0.7745 Acc: 0.7135
2024-10-13 16:55:34,291 - INFO - Training complete!
2024-10-13 16:55:34,403 - INFO - Model saved to /home/samic_yongjian/temp/SC4000_Machine_Learning/output/inception/20241013_134834/trained_model.pth
2024-10-13 16:55:36,419 - INFO - Training curves saved at /home/samic_yongjian/temp/SC4000_Machine_Learning/output/inception/20241013_134834/training_curves.png
2024-10-13 16:56:55,234 - INFO - Confusion matrix saved at /home/samic_yongjian/temp/SC4000_Machine_Learning/output/inception/20241013_134834/confusion_matrix.png
