2024-10-14 00:08:50,828 - INFO - Start of training.
2024-10-14 00:08:50,829 - INFO - Epoch 1/50
2024-10-14 00:08:50,829 - INFO - ----------
2024-10-14 00:12:30,739 - INFO - train Loss: 1.5672 Acc: 0.2931
2024-10-14 00:13:23,884 - INFO - val Loss: 1.4962 Acc: 0.3722
2024-10-14 00:13:23,884 - INFO - Epoch complete!
2024-10-14 00:13:23,884 - INFO - Epoch 2/50
2024-10-14 00:13:23,884 - INFO - ----------
2024-10-14 00:17:01,360 - INFO - train Loss: 1.4376 Acc: 0.4454
2024-10-14 00:17:56,415 - INFO - val Loss: 1.3887 Acc: 0.4617
2024-10-14 00:17:56,415 - INFO - Epoch complete!
2024-10-14 00:17:56,415 - INFO - Epoch 3/50
2024-10-14 00:17:56,415 - INFO - ----------
2024-10-14 00:21:36,478 - INFO - train Loss: 1.3479 Acc: 0.5026
2024-10-14 00:22:30,466 - INFO - val Loss: 1.3173 Acc: 0.5158
2024-10-14 00:22:30,466 - INFO - Epoch complete!
2024-10-14 00:22:30,466 - INFO - Epoch 4/50
2024-10-14 00:22:30,466 - INFO - ----------
2024-10-14 00:26:03,570 - INFO - train Loss: 1.2958 Acc: 0.5161
2024-10-14 00:26:57,374 - INFO - val Loss: 1.2701 Acc: 0.5241
2024-10-14 00:26:57,374 - INFO - Epoch complete!
2024-10-14 00:26:57,374 - INFO - Epoch 5/50
2024-10-14 00:26:57,374 - INFO - ----------
2024-10-14 00:30:34,369 - INFO - train Loss: 1.2494 Acc: 0.5390
2024-10-14 00:31:26,773 - INFO - val Loss: 1.2347 Acc: 0.5364
2024-10-14 00:31:26,773 - INFO - Epoch complete!
2024-10-14 00:31:26,773 - INFO - Epoch 6/50
2024-10-14 00:31:26,773 - INFO - ----------
2024-10-14 00:34:59,422 - INFO - train Loss: 1.2178 Acc: 0.5542
2024-10-14 00:35:53,364 - INFO - val Loss: 1.2162 Acc: 0.5280
2024-10-14 00:35:53,364 - INFO - Epoch complete!
2024-10-14 00:35:53,364 - INFO - Epoch 7/50
2024-10-14 00:35:53,364 - INFO - ----------
2024-10-14 00:39:28,440 - INFO - train Loss: 1.1927 Acc: 0.5570
2024-10-14 00:40:22,885 - INFO - val Loss: 1.1880 Acc: 0.5454
2024-10-14 00:40:22,886 - INFO - Epoch complete!
2024-10-14 00:40:22,886 - INFO - Epoch 8/50
2024-10-14 00:40:22,886 - INFO - ----------
2024-10-14 00:43:57,811 - INFO - train Loss: 1.1736 Acc: 0.5612
2024-10-14 00:44:51,070 - INFO - val Loss: 1.1630 Acc: 0.5589
2024-10-14 00:44:51,070 - INFO - Epoch complete!
2024-10-14 00:44:51,070 - INFO - Epoch 9/50
2024-10-14 00:44:51,071 - INFO - ----------
2024-10-14 00:48:22,708 - INFO - train Loss: 1.1577 Acc: 0.5626
2024-10-14 00:49:15,172 - INFO - val Loss: 1.1496 Acc: 0.5602
2024-10-14 00:49:15,172 - INFO - Epoch complete!
2024-10-14 00:49:15,172 - INFO - Epoch 10/50
2024-10-14 00:49:15,172 - INFO - ----------
2024-10-14 00:52:52,420 - INFO - train Loss: 1.1445 Acc: 0.5723
2024-10-14 00:53:46,885 - INFO - val Loss: 1.1442 Acc: 0.5666
2024-10-14 00:53:46,885 - INFO - Epoch complete!
2024-10-14 00:53:46,885 - INFO - Epoch 11/50
2024-10-14 00:53:46,885 - INFO - ----------
2024-10-14 00:57:21,087 - INFO - train Loss: 1.1285 Acc: 0.5776
2024-10-14 00:58:14,879 - INFO - val Loss: 1.1378 Acc: 0.5563
2024-10-14 00:58:14,879 - INFO - Epoch complete!
2024-10-14 00:58:14,879 - INFO - Epoch 12/50
2024-10-14 00:58:14,879 - INFO - ----------
2024-10-14 01:01:48,425 - INFO - train Loss: 1.1181 Acc: 0.5826
2024-10-14 01:02:42,420 - INFO - val Loss: 1.1282 Acc: 0.5705
2024-10-14 01:02:42,420 - INFO - Epoch complete!
2024-10-14 01:02:42,420 - INFO - Epoch 13/50
2024-10-14 01:02:42,420 - INFO - ----------
2024-10-14 01:06:19,434 - INFO - train Loss: 1.1051 Acc: 0.5818
2024-10-14 01:07:13,184 - INFO - val Loss: 1.1069 Acc: 0.5802
2024-10-14 01:07:13,184 - INFO - Epoch complete!
2024-10-14 01:07:13,184 - INFO - Epoch 14/50
2024-10-14 01:07:13,184 - INFO - ----------
2024-10-14 01:10:49,391 - INFO - train Loss: 1.1033 Acc: 0.5792
2024-10-14 01:11:42,050 - INFO - val Loss: 1.1064 Acc: 0.5718
2024-10-14 01:11:42,050 - INFO - Epoch complete!
2024-10-14 01:11:42,050 - INFO - Epoch 15/50
2024-10-14 01:11:42,050 - INFO - ----------
2024-10-14 01:15:19,513 - INFO - train Loss: 1.0973 Acc: 0.5839
2024-10-14 01:16:14,453 - INFO - val Loss: 1.0849 Acc: 0.5840
2024-10-14 01:16:14,453 - INFO - Epoch complete!
2024-10-14 01:16:14,453 - INFO - Epoch 16/50
2024-10-14 01:16:14,453 - INFO - ----------
2024-10-14 01:19:51,750 - INFO - train Loss: 1.0812 Acc: 0.5919
2024-10-14 01:20:45,525 - INFO - val Loss: 1.0954 Acc: 0.5769
2024-10-14 01:20:45,525 - INFO - Epoch complete!
2024-10-14 01:20:45,525 - INFO - Epoch 17/50
2024-10-14 01:20:45,525 - INFO - ----------
2024-10-14 01:24:17,499 - INFO - train Loss: 1.0753 Acc: 0.5893
2024-10-14 01:25:11,820 - INFO - val Loss: 1.0823 Acc: 0.5853
2024-10-14 01:25:11,820 - INFO - Epoch complete!
2024-10-14 01:25:11,820 - INFO - Epoch 18/50
2024-10-14 01:25:11,820 - INFO - ----------
2024-10-14 01:28:49,246 - INFO - train Loss: 1.0679 Acc: 0.5982
2024-10-14 01:29:45,420 - INFO - val Loss: 1.0766 Acc: 0.5847
2024-10-14 01:29:45,420 - INFO - Epoch complete!
2024-10-14 01:29:45,420 - INFO - Epoch 19/50
2024-10-14 01:29:45,420 - INFO - ----------
2024-10-14 01:33:20,326 - INFO - train Loss: 1.0598 Acc: 0.5987
2024-10-14 01:34:14,521 - INFO - val Loss: 1.0752 Acc: 0.5853
2024-10-14 01:34:14,521 - INFO - Epoch complete!
2024-10-14 01:34:14,521 - INFO - Epoch 20/50
2024-10-14 01:34:14,521 - INFO - ----------
2024-10-14 01:37:51,629 - INFO - train Loss: 1.0575 Acc: 0.5963
2024-10-14 01:38:44,916 - INFO - val Loss: 1.0828 Acc: 0.5847
2024-10-14 01:38:44,916 - INFO - Epoch complete!
2024-10-14 01:38:44,916 - INFO - Epoch 21/50
2024-10-14 01:38:44,916 - INFO - ----------
2024-10-14 01:42:19,548 - INFO - train Loss: 1.0479 Acc: 0.6029
2024-10-14 01:43:13,268 - INFO - val Loss: 1.0738 Acc: 0.5776
2024-10-14 01:43:13,268 - INFO - Epoch complete!
2024-10-14 01:43:13,268 - INFO - Epoch 22/50
2024-10-14 01:43:13,268 - INFO - ----------
2024-10-14 01:46:48,552 - INFO - train Loss: 1.0491 Acc: 0.6016
2024-10-14 01:47:41,976 - INFO - val Loss: 1.0661 Acc: 0.5840
2024-10-14 01:47:41,976 - INFO - Epoch complete!
2024-10-14 01:47:41,976 - INFO - Epoch 23/50
2024-10-14 01:47:41,976 - INFO - ----------
2024-10-14 01:51:15,987 - INFO - train Loss: 1.0389 Acc: 0.6029
2024-10-14 01:52:10,534 - INFO - val Loss: 1.0684 Acc: 0.5930
2024-10-14 01:52:10,534 - INFO - Epoch complete!
2024-10-14 01:52:10,534 - INFO - Epoch 24/50
2024-10-14 01:52:10,534 - INFO - ----------
2024-10-14 01:55:46,084 - INFO - train Loss: 1.0399 Acc: 0.6040
2024-10-14 01:56:39,448 - INFO - val Loss: 1.0569 Acc: 0.5873
2024-10-14 01:56:39,448 - INFO - Epoch complete!
2024-10-14 01:56:39,448 - INFO - Epoch 25/50
2024-10-14 01:56:39,448 - INFO - ----------
2024-10-14 02:00:12,870 - INFO - train Loss: 1.0366 Acc: 0.6000
2024-10-14 02:01:08,542 - INFO - val Loss: 1.0641 Acc: 0.5827
2024-10-14 02:01:08,542 - INFO - Epoch complete!
2024-10-14 02:01:08,542 - INFO - Epoch 26/50
2024-10-14 02:01:08,542 - INFO - ----------
2024-10-14 02:04:38,417 - INFO - train Loss: 1.0324 Acc: 0.6040
2024-10-14 02:04:59,007 - INFO - val Loss: 1.0548 Acc: 0.5815
2024-10-14 02:04:59,007 - INFO - Epoch complete!
2024-10-14 02:04:59,007 - INFO - Epoch 27/50
2024-10-14 02:04:59,007 - INFO - ----------
2024-10-14 02:06:22,006 - INFO - train Loss: 1.0265 Acc: 0.6072
2024-10-14 02:06:42,833 - INFO - val Loss: 1.0469 Acc: 0.5866
2024-10-14 02:06:42,833 - INFO - Epoch complete!
2024-10-14 02:06:42,833 - INFO - Epoch 28/50
2024-10-14 02:06:42,833 - INFO - ----------
2024-10-14 02:08:06,993 - INFO - train Loss: 1.0278 Acc: 0.6072
2024-10-14 02:08:27,676 - INFO - val Loss: 1.0560 Acc: 0.5834
2024-10-14 02:08:27,676 - INFO - Epoch complete!
2024-10-14 02:08:27,676 - INFO - Epoch 29/50
2024-10-14 02:08:27,676 - INFO - ----------
2024-10-14 02:09:51,465 - INFO - train Loss: 1.0144 Acc: 0.6177
2024-10-14 02:10:12,292 - INFO - val Loss: 1.0439 Acc: 0.5976
2024-10-14 02:10:12,292 - INFO - Epoch complete!
2024-10-14 02:10:12,292 - INFO - Epoch 30/50
2024-10-14 02:10:12,292 - INFO - ----------
2024-10-14 02:11:36,109 - INFO - train Loss: 1.0204 Acc: 0.6090
2024-10-14 02:11:56,837 - INFO - val Loss: 1.0433 Acc: 0.5905
2024-10-14 02:11:56,837 - INFO - Epoch complete!
2024-10-14 02:11:56,837 - INFO - Epoch 31/50
2024-10-14 02:11:56,837 - INFO - ----------
2024-10-14 02:13:20,499 - INFO - train Loss: 1.0130 Acc: 0.6104
2024-10-14 02:13:41,140 - INFO - val Loss: 1.0445 Acc: 0.5866
2024-10-14 02:13:41,141 - INFO - Epoch complete!
2024-10-14 02:13:41,141 - INFO - Epoch 32/50
2024-10-14 02:13:41,141 - INFO - ----------
2024-10-14 02:15:04,349 - INFO - train Loss: 1.0158 Acc: 0.6091
2024-10-14 02:15:24,791 - INFO - val Loss: 1.0513 Acc: 0.6001
2024-10-14 02:15:24,791 - INFO - Epoch complete!
2024-10-14 02:15:24,791 - INFO - Epoch 33/50
2024-10-14 02:15:24,791 - INFO - ----------
2024-10-14 02:16:48,516 - INFO - train Loss: 1.0088 Acc: 0.6125
2024-10-14 02:17:09,106 - INFO - val Loss: 1.0354 Acc: 0.5995
2024-10-14 02:17:09,107 - INFO - Epoch complete!
2024-10-14 02:17:09,107 - INFO - Epoch 34/50
2024-10-14 02:17:09,107 - INFO - ----------
2024-10-14 02:18:32,538 - INFO - train Loss: 1.0066 Acc: 0.6156
2024-10-14 02:18:53,197 - INFO - val Loss: 1.0389 Acc: 0.5866
2024-10-14 02:18:53,197 - INFO - Epoch complete!
2024-10-14 02:18:53,197 - INFO - Epoch 35/50
2024-10-14 02:18:53,197 - INFO - ----------
2024-10-14 02:20:16,838 - INFO - train Loss: 1.0053 Acc: 0.6151
2024-10-14 02:20:37,233 - INFO - val Loss: 1.0352 Acc: 0.5969
2024-10-14 02:20:37,233 - INFO - Epoch complete!
2024-10-14 02:20:37,233 - INFO - Epoch 36/50
2024-10-14 02:20:37,233 - INFO - ----------
2024-10-14 02:22:00,802 - INFO - train Loss: 1.0048 Acc: 0.6119
2024-10-14 02:22:21,487 - INFO - val Loss: 1.0369 Acc: 0.6027
2024-10-14 02:22:21,487 - INFO - Epoch complete!
2024-10-14 02:22:21,487 - INFO - Epoch 37/50
2024-10-14 02:22:21,487 - INFO - ----------
2024-10-14 02:23:45,812 - INFO - train Loss: 0.9997 Acc: 0.6137
2024-10-14 02:24:06,496 - INFO - val Loss: 1.0351 Acc: 0.5911
2024-10-14 02:24:06,496 - INFO - Epoch complete!
2024-10-14 02:24:06,496 - INFO - Epoch 38/50
2024-10-14 02:24:06,496 - INFO - ----------
2024-10-14 02:25:30,213 - INFO - train Loss: 1.0020 Acc: 0.6124
2024-10-14 02:25:50,796 - INFO - val Loss: 1.0348 Acc: 0.5853
2024-10-14 02:25:50,796 - INFO - Epoch complete!
2024-10-14 02:25:50,796 - INFO - Epoch 39/50
2024-10-14 02:25:50,796 - INFO - ----------
2024-10-14 02:27:14,364 - INFO - train Loss: 1.0001 Acc: 0.6119
2024-10-14 02:27:35,099 - INFO - val Loss: 1.0370 Acc: 0.5834
2024-10-14 02:27:35,099 - INFO - Epoch complete!
2024-10-14 02:27:35,099 - INFO - Epoch 40/50
2024-10-14 02:27:35,099 - INFO - ----------
2024-10-14 02:28:58,678 - INFO - train Loss: 0.9935 Acc: 0.6167
2024-10-14 02:29:19,209 - INFO - val Loss: 1.0227 Acc: 0.6059
2024-10-14 02:29:19,209 - INFO - Epoch complete!
2024-10-14 02:29:19,209 - INFO - Epoch 41/50
2024-10-14 02:29:19,209 - INFO - ----------
2024-10-14 02:30:42,721 - INFO - train Loss: 0.9936 Acc: 0.6238
2024-10-14 02:31:03,286 - INFO - val Loss: 1.0248 Acc: 0.5847
2024-10-14 02:31:03,286 - INFO - Epoch complete!
2024-10-14 02:31:03,286 - INFO - Epoch 42/50
2024-10-14 02:31:03,286 - INFO - ----------
2024-10-14 02:32:26,809 - INFO - train Loss: 0.9903 Acc: 0.6193
2024-10-14 02:32:47,482 - INFO - val Loss: 1.0158 Acc: 0.6040
2024-10-14 02:32:47,482 - INFO - Epoch complete!
2024-10-14 02:32:47,482 - INFO - Epoch 43/50
2024-10-14 02:32:47,482 - INFO - ----------
2024-10-14 02:34:10,765 - INFO - train Loss: 0.9901 Acc: 0.6188
2024-10-14 02:34:31,279 - INFO - val Loss: 1.0239 Acc: 0.5976
2024-10-14 02:34:31,279 - INFO - Epoch complete!
2024-10-14 02:34:31,279 - INFO - Epoch 44/50
2024-10-14 02:34:31,279 - INFO - ----------
2024-10-14 02:35:54,708 - INFO - train Loss: 0.9880 Acc: 0.6281
2024-10-14 02:36:15,245 - INFO - val Loss: 1.0253 Acc: 0.5982
2024-10-14 02:36:15,245 - INFO - Epoch complete!
2024-10-14 02:36:15,245 - INFO - Epoch 45/50
2024-10-14 02:36:15,245 - INFO - ----------
2024-10-14 02:37:38,792 - INFO - train Loss: 0.9817 Acc: 0.6235
2024-10-14 02:37:59,528 - INFO - val Loss: 1.0334 Acc: 0.5995
2024-10-14 02:37:59,528 - INFO - Epoch complete!
2024-10-14 02:37:59,528 - INFO - Epoch 46/50
2024-10-14 02:37:59,528 - INFO - ----------
2024-10-14 02:39:22,625 - INFO - train Loss: 0.9837 Acc: 0.6293
2024-10-14 02:39:43,052 - INFO - val Loss: 1.0255 Acc: 0.5930
2024-10-14 02:39:43,053 - INFO - Epoch complete!
2024-10-14 02:39:43,053 - INFO - Epoch 47/50
2024-10-14 02:39:43,053 - INFO - ----------
2024-10-14 02:41:06,360 - INFO - train Loss: 0.9781 Acc: 0.6325
2024-10-14 02:41:26,930 - INFO - val Loss: 1.0374 Acc: 0.6040
2024-10-14 02:41:26,930 - INFO - Epoch complete!
2024-10-14 02:41:26,930 - INFO - Epoch 48/50
2024-10-14 02:41:26,930 - INFO - ----------
2024-10-14 02:42:50,554 - INFO - train Loss: 0.9810 Acc: 0.6277
2024-10-14 02:43:11,004 - INFO - val Loss: 1.0043 Acc: 0.5995
2024-10-14 02:43:11,004 - INFO - Epoch complete!
2024-10-14 02:43:11,004 - INFO - Epoch 49/50
2024-10-14 02:43:11,004 - INFO - ----------
2024-10-14 02:44:34,826 - INFO - train Loss: 0.9803 Acc: 0.6243
2024-10-14 02:44:55,697 - INFO - val Loss: 1.0275 Acc: 0.6001
2024-10-14 02:44:55,698 - INFO - Epoch complete!
2024-10-14 02:44:55,698 - INFO - Epoch 50/50
2024-10-14 02:44:55,698 - INFO - ----------
2024-10-14 02:46:18,905 - INFO - train Loss: 0.9826 Acc: 0.6264
2024-10-14 02:46:39,390 - INFO - val Loss: 1.0175 Acc: 0.6053
2024-10-14 02:46:39,390 - INFO - Epoch complete!
2024-10-14 02:46:39,487 - INFO - Model saved to /home/samic_yongjian/temp/SC4000_Machine_Learning/output/resnext/20241014_000545/trained_model.pth
2024-10-14 02:46:39,618 - INFO - Training curves saved at /home/samic_yongjian/temp/SC4000_Machine_Learning/output/resnext/20241014_000545/training_curves.png
2024-10-14 02:47:00,348 - INFO - Confusion matrix saved at /home/samic_yongjian/temp/SC4000_Machine_Learning/output/resnext/20241014_000545/confusion_matrix.png
