2024-10-13 00:38:40,171 - INFO - Start of training.
2024-10-13 00:38:40,171 - INFO - Epoch 1/50
2024-10-13 00:38:40,171 - INFO - ----------
2024-10-13 00:43:34,159 - INFO - train Loss: 1.2539 Acc: 0.5782
2024-10-13 00:44:47,335 - INFO - val Loss: 1.1894 Acc: 0.5845
2024-10-13 00:44:47,335 - INFO - Epoch complete!
2024-10-13 00:44:47,336 - INFO - Epoch 2/50
2024-10-13 00:44:47,336 - INFO - ----------
2024-10-13 00:49:40,531 - INFO - train Loss: 1.1441 Acc: 0.5852
2024-10-13 00:50:53,619 - INFO - val Loss: 1.1138 Acc: 0.5862
2024-10-13 00:50:53,619 - INFO - Epoch complete!
2024-10-13 00:50:53,619 - INFO - Epoch 3/50
2024-10-13 00:50:53,619 - INFO - ----------
2024-10-13 00:55:46,702 - INFO - train Loss: 1.0806 Acc: 0.5919
2024-10-13 00:56:59,646 - INFO - val Loss: 1.0630 Acc: 0.5940
2024-10-13 00:56:59,646 - INFO - Epoch complete!
2024-10-13 00:56:59,646 - INFO - Epoch 4/50
2024-10-13 00:56:59,646 - INFO - ----------
2024-10-13 01:01:53,207 - INFO - train Loss: 1.0388 Acc: 0.6065
2024-10-13 01:03:06,113 - INFO - val Loss: 1.0230 Acc: 0.6186
2024-10-13 01:03:06,113 - INFO - Epoch complete!
2024-10-13 01:03:06,113 - INFO - Epoch 5/50
2024-10-13 01:03:06,113 - INFO - ----------
2024-10-13 01:07:59,452 - INFO - train Loss: 1.0025 Acc: 0.6201
2024-10-13 01:09:12,407 - INFO - val Loss: 0.9935 Acc: 0.6320
2024-10-13 01:09:12,407 - INFO - Epoch complete!
2024-10-13 01:09:12,407 - INFO - Epoch 6/50
2024-10-13 01:09:12,407 - INFO - ----------
2024-10-13 01:14:05,398 - INFO - train Loss: 0.9765 Acc: 0.6334
2024-10-13 01:15:18,546 - INFO - val Loss: 0.9719 Acc: 0.6474
2024-10-13 01:15:18,546 - INFO - Epoch complete!
2024-10-13 01:15:18,546 - INFO - Epoch 7/50
2024-10-13 01:15:18,546 - INFO - ----------
2024-10-13 01:20:12,615 - INFO - train Loss: 0.9557 Acc: 0.6439
2024-10-13 01:21:25,624 - INFO - val Loss: 0.9542 Acc: 0.6505
2024-10-13 01:21:25,624 - INFO - Epoch complete!
2024-10-13 01:21:25,624 - INFO - Epoch 8/50
2024-10-13 01:21:25,624 - INFO - ----------
2024-10-13 01:26:19,101 - INFO - train Loss: 0.9384 Acc: 0.6529
2024-10-13 01:27:31,976 - INFO - val Loss: 0.9364 Acc: 0.6564
2024-10-13 01:27:31,976 - INFO - Epoch complete!
2024-10-13 01:27:31,977 - INFO - Epoch 9/50
2024-10-13 01:27:31,977 - INFO - ----------
2024-10-13 01:32:25,815 - INFO - train Loss: 0.9231 Acc: 0.6595
2024-10-13 01:33:38,943 - INFO - val Loss: 0.9214 Acc: 0.6661
2024-10-13 01:33:38,943 - INFO - Epoch complete!
2024-10-13 01:33:38,943 - INFO - Epoch 10/50
2024-10-13 01:33:38,943 - INFO - ----------
2024-10-13 01:38:32,881 - INFO - train Loss: 0.9082 Acc: 0.6683
2024-10-13 01:39:45,670 - INFO - val Loss: 0.9098 Acc: 0.6703
2024-10-13 01:39:45,670 - INFO - Epoch complete!
2024-10-13 01:39:45,670 - INFO - Epoch 11/50
2024-10-13 01:39:45,670 - INFO - ----------
2024-10-13 01:44:40,537 - INFO - train Loss: 0.8998 Acc: 0.6703
2024-10-13 01:45:53,266 - INFO - val Loss: 0.8973 Acc: 0.6703
2024-10-13 01:45:53,266 - INFO - Epoch complete!
2024-10-13 01:45:53,266 - INFO - Epoch 12/50
2024-10-13 01:45:53,266 - INFO - ----------
2024-10-13 01:50:46,852 - INFO - train Loss: 0.8884 Acc: 0.6790
2024-10-13 01:51:59,981 - INFO - val Loss: 0.8855 Acc: 0.6775
2024-10-13 01:51:59,981 - INFO - Epoch complete!
2024-10-13 01:51:59,981 - INFO - Epoch 13/50
2024-10-13 01:51:59,981 - INFO - ----------
2024-10-13 01:56:52,643 - INFO - train Loss: 0.8786 Acc: 0.6802
2024-10-13 01:58:04,934 - INFO - val Loss: 0.8840 Acc: 0.6856
2024-10-13 01:58:04,934 - INFO - Epoch complete!
2024-10-13 01:58:04,934 - INFO - Epoch 14/50
2024-10-13 01:58:04,934 - INFO - ----------
2024-10-13 02:02:58,232 - INFO - train Loss: 0.8692 Acc: 0.6842
2024-10-13 02:04:10,789 - INFO - val Loss: 0.8736 Acc: 0.6853
2024-10-13 02:04:10,789 - INFO - Epoch complete!
2024-10-13 02:04:10,789 - INFO - Epoch 15/50
2024-10-13 02:04:10,789 - INFO - ----------
2024-10-13 02:09:03,329 - INFO - train Loss: 0.8649 Acc: 0.6896
2024-10-13 02:10:16,207 - INFO - val Loss: 0.8683 Acc: 0.6816
2024-10-13 02:10:16,207 - INFO - Epoch complete!
2024-10-13 02:10:16,207 - INFO - Epoch 16/50
2024-10-13 02:10:16,207 - INFO - ----------
2024-10-13 02:15:10,084 - INFO - train Loss: 0.8549 Acc: 0.6916
2024-10-13 02:16:22,822 - INFO - val Loss: 0.8632 Acc: 0.6882
2024-10-13 02:16:22,822 - INFO - Epoch complete!
2024-10-13 02:16:22,822 - INFO - Epoch 17/50
2024-10-13 02:16:22,822 - INFO - ----------
2024-10-13 02:21:15,349 - INFO - train Loss: 0.8477 Acc: 0.6969
2024-10-13 02:22:28,056 - INFO - val Loss: 0.8536 Acc: 0.6888
2024-10-13 02:22:28,056 - INFO - Epoch complete!
2024-10-13 02:22:28,056 - INFO - Epoch 18/50
2024-10-13 02:22:28,056 - INFO - ----------
2024-10-13 02:27:20,365 - INFO - train Loss: 0.8456 Acc: 0.6954
2024-10-13 02:28:33,473 - INFO - val Loss: 0.8518 Acc: 0.6893
2024-10-13 02:28:33,473 - INFO - Epoch complete!
2024-10-13 02:28:33,473 - INFO - Epoch 19/50
2024-10-13 02:28:33,473 - INFO - ----------
2024-10-13 02:33:27,128 - INFO - train Loss: 0.8388 Acc: 0.6955
2024-10-13 02:34:39,799 - INFO - val Loss: 0.8471 Acc: 0.6951
2024-10-13 02:34:39,799 - INFO - Epoch complete!
2024-10-13 02:34:39,799 - INFO - Epoch 20/50
2024-10-13 02:34:39,799 - INFO - ----------
2024-10-13 02:39:34,582 - INFO - train Loss: 0.8329 Acc: 0.7033
2024-10-13 02:40:47,100 - INFO - val Loss: 0.8452 Acc: 0.6934
2024-10-13 02:40:47,100 - INFO - Epoch complete!
2024-10-13 02:40:47,100 - INFO - Epoch 21/50
2024-10-13 02:40:47,100 - INFO - ----------
2024-10-13 02:45:39,931 - INFO - train Loss: 0.8320 Acc: 0.7011
2024-10-13 02:46:53,147 - INFO - val Loss: 0.8442 Acc: 0.6993
2024-10-13 02:46:53,147 - INFO - Epoch complete!
2024-10-13 02:46:53,148 - INFO - Epoch 22/50
2024-10-13 02:46:53,148 - INFO - ----------
2024-10-13 02:51:47,059 - INFO - train Loss: 0.8249 Acc: 0.7031
2024-10-13 02:53:00,087 - INFO - val Loss: 0.8299 Acc: 0.6997
2024-10-13 02:53:00,087 - INFO - Epoch complete!
2024-10-13 02:53:00,087 - INFO - Epoch 23/50
2024-10-13 02:53:00,087 - INFO - ----------
2024-10-13 02:57:53,524 - INFO - train Loss: 0.8206 Acc: 0.7030
2024-10-13 02:59:06,111 - INFO - val Loss: 0.8309 Acc: 0.6989
2024-10-13 02:59:06,111 - INFO - Epoch complete!
2024-10-13 02:59:06,111 - INFO - Epoch 24/50
2024-10-13 02:59:06,111 - INFO - ----------
2024-10-13 03:03:59,867 - INFO - train Loss: 0.8145 Acc: 0.7066
2024-10-13 03:05:13,003 - INFO - val Loss: 0.8235 Acc: 0.7039
2024-10-13 03:05:13,004 - INFO - Epoch complete!
2024-10-13 03:05:13,004 - INFO - Epoch 25/50
2024-10-13 03:05:13,004 - INFO - ----------
2024-10-13 03:10:07,260 - INFO - train Loss: 0.8120 Acc: 0.7095
2024-10-13 03:11:19,876 - INFO - val Loss: 0.8210 Acc: 0.6986
2024-10-13 03:11:19,876 - INFO - Epoch complete!
2024-10-13 03:11:19,876 - INFO - Epoch 26/50
2024-10-13 03:11:19,876 - INFO - ----------
2024-10-13 03:16:13,718 - INFO - train Loss: 0.8088 Acc: 0.7106
2024-10-13 03:17:26,317 - INFO - val Loss: 0.8192 Acc: 0.7060
2024-10-13 03:17:26,317 - INFO - Epoch complete!
2024-10-13 03:17:26,317 - INFO - Epoch 27/50
2024-10-13 03:17:26,317 - INFO - ----------
2024-10-13 03:22:19,463 - INFO - train Loss: 0.8083 Acc: 0.7083
2024-10-13 03:23:32,519 - INFO - val Loss: 0.8155 Acc: 0.7034
2024-10-13 03:23:32,519 - INFO - Epoch complete!
2024-10-13 03:23:32,519 - INFO - Epoch 28/50
2024-10-13 03:23:32,519 - INFO - ----------
2024-10-13 03:28:26,544 - INFO - train Loss: 0.8053 Acc: 0.7116
2024-10-13 03:29:39,382 - INFO - val Loss: 0.8131 Acc: 0.7012
2024-10-13 03:29:39,382 - INFO - Epoch complete!
2024-10-13 03:29:39,382 - INFO - Epoch 29/50
2024-10-13 03:29:39,382 - INFO - ----------
2024-10-13 03:34:33,479 - INFO - train Loss: 0.8020 Acc: 0.7107
2024-10-13 03:35:46,324 - INFO - val Loss: 0.8133 Acc: 0.7080
2024-10-13 03:35:46,324 - INFO - Epoch complete!
2024-10-13 03:35:46,324 - INFO - Epoch 30/50
2024-10-13 03:35:46,324 - INFO - ----------
2024-10-13 03:40:39,930 - INFO - train Loss: 0.8009 Acc: 0.7104
2024-10-13 03:41:52,999 - INFO - val Loss: 0.8116 Acc: 0.7050
2024-10-13 03:41:52,999 - INFO - Epoch complete!
2024-10-13 03:41:52,999 - INFO - Epoch 31/50
2024-10-13 03:41:52,999 - INFO - ----------
2024-10-13 03:46:46,452 - INFO - train Loss: 0.7995 Acc: 0.7104
2024-10-13 03:47:59,267 - INFO - val Loss: 0.8080 Acc: 0.7019
2024-10-13 03:47:59,268 - INFO - Epoch complete!
2024-10-13 03:47:59,268 - INFO - Epoch 32/50
2024-10-13 03:47:59,268 - INFO - ----------
2024-10-13 03:52:53,342 - INFO - train Loss: 0.7955 Acc: 0.7125
2024-10-13 03:54:05,745 - INFO - val Loss: 0.8077 Acc: 0.7113
2024-10-13 03:54:05,745 - INFO - Epoch complete!
2024-10-13 03:54:05,745 - INFO - Epoch 33/50
2024-10-13 03:54:05,745 - INFO - ----------
2024-10-13 03:59:00,052 - INFO - train Loss: 0.7902 Acc: 0.7156
2024-10-13 04:00:12,483 - INFO - val Loss: 0.8078 Acc: 0.7073
2024-10-13 04:00:12,483 - INFO - Epoch complete!
2024-10-13 04:00:12,483 - INFO - Epoch 34/50
2024-10-13 04:00:12,483 - INFO - ----------
2024-10-13 04:05:08,738 - INFO - train Loss: 0.7908 Acc: 0.7159
2024-10-13 04:06:21,452 - INFO - val Loss: 0.7998 Acc: 0.7135
2024-10-13 04:06:21,452 - INFO - Epoch complete!
2024-10-13 04:06:21,452 - INFO - Epoch 35/50
2024-10-13 04:06:21,452 - INFO - ----------
2024-10-13 04:11:14,861 - INFO - train Loss: 0.7867 Acc: 0.7164
2024-10-13 04:12:27,899 - INFO - val Loss: 0.7986 Acc: 0.7039
2024-10-13 04:12:27,899 - INFO - Epoch complete!
2024-10-13 04:12:27,899 - INFO - Epoch 36/50
2024-10-13 04:12:27,899 - INFO - ----------
2024-10-13 04:17:22,049 - INFO - train Loss: 0.7860 Acc: 0.7168
2024-10-13 04:18:34,761 - INFO - val Loss: 0.7983 Acc: 0.7117
2024-10-13 04:18:34,762 - INFO - Epoch complete!
2024-10-13 04:18:34,762 - INFO - Epoch 37/50
2024-10-13 04:18:34,762 - INFO - ----------
2024-10-13 04:23:28,218 - INFO - train Loss: 0.7829 Acc: 0.7172
2024-10-13 04:24:40,974 - INFO - val Loss: 0.7975 Acc: 0.7093
2024-10-13 04:24:40,974 - INFO - Epoch complete!
2024-10-13 04:24:40,974 - INFO - Epoch 38/50
2024-10-13 04:24:40,974 - INFO - ----------
2024-10-13 04:29:34,176 - INFO - train Loss: 0.7832 Acc: 0.7187
2024-10-13 04:30:46,890 - INFO - val Loss: 0.7888 Acc: 0.7152
2024-10-13 04:30:46,890 - INFO - Epoch complete!
2024-10-13 04:30:46,890 - INFO - Epoch 39/50
2024-10-13 04:30:46,890 - INFO - ----------
2024-10-13 04:35:39,263 - INFO - train Loss: 0.7821 Acc: 0.7169
2024-10-13 04:36:52,194 - INFO - val Loss: 0.7928 Acc: 0.7134
2024-10-13 04:36:52,194 - INFO - Epoch complete!
2024-10-13 04:36:52,194 - INFO - Epoch 40/50
2024-10-13 04:36:52,194 - INFO - ----------
2024-10-13 04:41:45,925 - INFO - train Loss: 0.7781 Acc: 0.7199
2024-10-13 04:42:58,818 - INFO - val Loss: 0.7922 Acc: 0.7152
2024-10-13 04:42:58,818 - INFO - Epoch complete!
2024-10-13 04:42:58,818 - INFO - Epoch 41/50
2024-10-13 04:42:58,818 - INFO - ----------
2024-10-13 04:47:53,889 - INFO - train Loss: 0.7762 Acc: 0.7177
2024-10-13 04:49:06,742 - INFO - val Loss: 0.7849 Acc: 0.7139
2024-10-13 04:49:06,742 - INFO - Epoch complete!
2024-10-13 04:49:06,742 - INFO - Epoch 42/50
2024-10-13 04:49:06,742 - INFO - ----------
2024-10-13 04:54:01,298 - INFO - train Loss: 0.7789 Acc: 0.7167
2024-10-13 04:55:14,312 - INFO - val Loss: 0.7928 Acc: 0.7137
2024-10-13 04:55:14,312 - INFO - Epoch complete!
2024-10-13 04:55:14,312 - INFO - Epoch 43/50
2024-10-13 04:55:14,312 - INFO - ----------
2024-10-13 05:00:07,639 - INFO - train Loss: 0.7756 Acc: 0.7199
2024-10-13 05:01:20,038 - INFO - val Loss: 0.7853 Acc: 0.7189
2024-10-13 05:01:20,038 - INFO - Epoch complete!
2024-10-13 05:01:20,038 - INFO - Epoch 44/50
2024-10-13 05:01:20,038 - INFO - ----------
2024-10-13 05:06:13,183 - INFO - train Loss: 0.7725 Acc: 0.7211
2024-10-13 05:07:25,906 - INFO - val Loss: 0.7870 Acc: 0.7147
2024-10-13 05:07:25,906 - INFO - Epoch complete!
2024-10-13 05:07:25,906 - INFO - Epoch 45/50
2024-10-13 05:07:25,906 - INFO - ----------
2024-10-13 05:12:20,280 - INFO - train Loss: 0.7725 Acc: 0.7215
2024-10-13 05:13:32,866 - INFO - val Loss: 0.7878 Acc: 0.7180
2024-10-13 05:13:32,866 - INFO - Epoch complete!
2024-10-13 05:13:32,866 - INFO - Epoch 46/50
2024-10-13 05:13:32,866 - INFO - ----------
2024-10-13 05:18:26,290 - INFO - train Loss: 0.7673 Acc: 0.7221
2024-10-13 05:19:38,803 - INFO - val Loss: 0.7861 Acc: 0.7163
2024-10-13 05:19:38,803 - INFO - Epoch complete!
2024-10-13 05:19:38,803 - INFO - Epoch 47/50
2024-10-13 05:19:38,803 - INFO - ----------
2024-10-13 05:24:31,496 - INFO - train Loss: 0.7659 Acc: 0.7229
2024-10-13 05:25:44,075 - INFO - val Loss: 0.7817 Acc: 0.7091
2024-10-13 05:25:44,075 - INFO - Epoch complete!
2024-10-13 05:25:44,075 - INFO - Epoch 48/50
2024-10-13 05:25:44,075 - INFO - ----------
2024-10-13 05:30:38,528 - INFO - train Loss: 0.7640 Acc: 0.7250
2024-10-13 05:31:51,057 - INFO - val Loss: 0.7830 Acc: 0.7169
2024-10-13 05:31:51,057 - INFO - Epoch complete!
2024-10-13 05:31:51,057 - INFO - Epoch 49/50
2024-10-13 05:31:51,057 - INFO - ----------
2024-10-13 05:36:44,430 - INFO - train Loss: 0.7672 Acc: 0.7227
2024-10-13 05:37:56,902 - INFO - val Loss: 0.7825 Acc: 0.7156
2024-10-13 05:37:56,902 - INFO - Epoch complete!
2024-10-13 05:37:56,903 - INFO - Epoch 50/50
2024-10-13 05:37:56,903 - INFO - ----------
2024-10-13 05:42:51,275 - INFO - train Loss: 0.7630 Acc: 0.7244
2024-10-13 05:44:03,708 - INFO - val Loss: 0.7762 Acc: 0.7200
2024-10-13 05:44:03,708 - INFO - Epoch complete!
2024-10-13 05:44:03,798 - INFO - Model saved to /home/samic_yongjian/temp/SC4000_Machine_Learning/output/resnext/20241013_003407/trained_model.pth
2024-10-13 05:44:03,920 - INFO - Training curves saved at /home/samic_yongjian/temp/SC4000_Machine_Learning/output/resnext/20241013_003407/training_curves.png
2024-10-13 05:45:16,765 - INFO - Confusion matrix saved at /home/samic_yongjian/temp/SC4000_Machine_Learning/output/resnext/20241013_003407/confusion_matrix.png
