2024-11-02 19:46:38,885 - INFO - Start of training.
2024-11-02 19:46:38,885 - INFO - Epoch 1/2
2024-11-02 19:46:38,885 - INFO - ----------
2024-11-02 19:52:58,848 - INFO - train Loss: 1.4708 Acc: 0.4320
2024-11-02 19:54:56,701 - INFO - New best model found at epoch 1 with validation loss 1.3656
2024-11-02 19:54:56,701 - INFO - Best model saved at /home/samic_yongjian/temp/SC4000_Machine_Learning/output/resnet/20241102_194334/best_model.pth
2024-11-02 19:54:56,702 - INFO - val Loss: 1.3656 Acc: 0.5045
2024-11-02 19:54:56,702 - INFO - Epoch complete!
2024-11-02 19:54:56,702 - INFO - Epoch 2/2
2024-11-02 19:54:56,702 - INFO - ----------
2024-11-02 20:14:56,262 - INFO - train Loss: 1.3093 Acc: 0.5242
2024-11-02 20:16:42,526 - INFO - New best model found at epoch 2 with validation loss 1.2629
2024-11-02 20:16:42,526 - INFO - Best model saved at /home/samic_yongjian/temp/SC4000_Machine_Learning/output/resnet/20241102_194334/best_model.pth
2024-11-02 20:16:42,526 - INFO - val Loss: 1.2629 Acc: 0.5410
2024-11-02 20:16:42,526 - INFO - Epoch complete!
2024-11-02 20:16:42,612 - INFO - Model saved to /home/samic_yongjian/temp/SC4000_Machine_Learning/output/resnet/20241102_194334/last.pth
2024-11-02 20:16:42,676 - INFO - Best validation probabilities saved at /home/samic_yongjian/temp/SC4000_Machine_Learning/output/resnet/20241102_194334/best_validation_probabilities.csv
2024-11-02 20:16:44,594 - INFO - Training curves saved at /home/samic_yongjian/temp/SC4000_Machine_Learning/output/resnet/20241102_194334/training_curves.png
2024-11-02 20:18:27,573 - INFO - Log Loss: 1.4257
2024-11-02 20:18:27,573 - INFO - Accuracy: 0.3578
2024-11-02 20:18:27,573 - INFO - Precision: 0.4996
2024-11-02 20:18:27,573 - INFO - Recall: 0.3578
2024-11-02 20:18:27,573 - INFO - F1 Score: 0.3375
2024-11-02 20:18:27,573 - INFO - F2 Score: 0.3254
2024-11-02 20:18:27,886 - INFO - Confusion matrix saved at /home/samic_yongjian/temp/SC4000_Machine_Learning/output/resnet/20241102_194334/test_confusion_matrix.png
