2024-11-04 14:37:52,347 - INFO - Start of training.
2024-11-04 14:37:52,347 - INFO - Epoch 1/20
2024-11-04 14:37:52,347 - INFO - ----------
2024-11-04 14:40:37,472 - INFO - train Loss: 1.5774 Acc: 0.2639
2024-11-04 14:41:35,351 - INFO - New best model found at epoch 1 with validation loss 1.5197
2024-11-04 14:41:35,351 - INFO - Best model saved at /home/samic_yongjian/temp/SC4000_Machine_Learning/output/cnn/20241104_143543/best_model.pth
2024-11-04 14:41:35,351 - INFO - val Loss: 1.5197 Acc: 0.3096
2024-11-04 14:41:35,351 - INFO - Epoch complete!
2024-11-04 14:41:35,351 - INFO - Epoch 2/20
2024-11-04 14:41:35,351 - INFO - ----------
2024-11-04 14:44:36,193 - INFO - train Loss: 1.5115 Acc: 0.3043
2024-11-04 14:45:34,914 - INFO - New best model found at epoch 2 with validation loss 1.4946
2024-11-04 14:45:34,914 - INFO - Best model saved at /home/samic_yongjian/temp/SC4000_Machine_Learning/output/cnn/20241104_143543/best_model.pth
2024-11-04 14:45:34,914 - INFO - val Loss: 1.4946 Acc: 0.3204
2024-11-04 14:45:34,914 - INFO - Epoch complete!
2024-11-04 14:45:34,914 - INFO - Epoch 3/20
2024-11-04 14:45:34,914 - INFO - ----------
2024-11-04 14:48:30,947 - INFO - train Loss: 1.4894 Acc: 0.3228
2024-11-04 14:49:28,248 - INFO - New best model found at epoch 3 with validation loss 1.4918
2024-11-04 14:49:28,248 - INFO - Best model saved at /home/samic_yongjian/temp/SC4000_Machine_Learning/output/cnn/20241104_143543/best_model.pth
2024-11-04 14:49:28,248 - INFO - val Loss: 1.4918 Acc: 0.3147
2024-11-04 14:49:28,248 - INFO - Epoch complete!
2024-11-04 14:49:28,248 - INFO - Epoch 4/20
2024-11-04 14:49:28,248 - INFO - ----------
2024-11-04 14:52:20,914 - INFO - train Loss: 1.4807 Acc: 0.3283
2024-11-04 14:53:18,727 - INFO - val Loss: 1.4927 Acc: 0.3276
2024-11-04 14:53:18,727 - INFO - Epoch complete!
2024-11-04 14:53:18,727 - INFO - Epoch 5/20
2024-11-04 14:53:18,727 - INFO - ----------
2024-11-04 14:56:13,019 - INFO - train Loss: 1.4668 Acc: 0.3389
2024-11-04 14:57:10,233 - INFO - val Loss: 1.5230 Acc: 0.3183
2024-11-04 14:57:10,233 - INFO - Epoch complete!
2024-11-04 14:57:10,233 - INFO - Epoch 6/20
2024-11-04 14:57:10,233 - INFO - ----------
2024-11-04 15:00:11,208 - INFO - train Loss: 1.4615 Acc: 0.3424
2024-11-04 15:01:10,740 - INFO - New best model found at epoch 6 with validation loss 1.4807
2024-11-04 15:01:10,740 - INFO - Best model saved at /home/samic_yongjian/temp/SC4000_Machine_Learning/output/cnn/20241104_143543/best_model.pth
2024-11-04 15:01:10,740 - INFO - val Loss: 1.4807 Acc: 0.3345
2024-11-04 15:01:10,740 - INFO - Epoch complete!
2024-11-04 15:01:10,740 - INFO - Epoch 7/20
2024-11-04 15:01:10,740 - INFO - ----------
2024-11-04 15:04:11,628 - INFO - train Loss: 1.4573 Acc: 0.3486
2024-11-04 15:05:10,419 - INFO - New best model found at epoch 7 with validation loss 1.4754
2024-11-04 15:05:10,419 - INFO - Best model saved at /home/samic_yongjian/temp/SC4000_Machine_Learning/output/cnn/20241104_143543/best_model.pth
2024-11-04 15:05:10,419 - INFO - val Loss: 1.4754 Acc: 0.3388
2024-11-04 15:05:10,419 - INFO - Epoch complete!
2024-11-04 15:05:10,419 - INFO - Epoch 8/20
2024-11-04 15:05:10,419 - INFO - ----------
2024-11-04 15:08:11,153 - INFO - train Loss: 1.4475 Acc: 0.3548
2024-11-04 15:09:08,467 - INFO - val Loss: 1.4784 Acc: 0.3390
2024-11-04 15:09:08,468 - INFO - Epoch complete!
2024-11-04 15:09:08,468 - INFO - Epoch 9/20
2024-11-04 15:09:08,468 - INFO - ----------
2024-11-04 15:12:07,121 - INFO - train Loss: 1.4361 Acc: 0.3646
2024-11-04 15:13:06,965 - INFO - New best model found at epoch 9 with validation loss 1.4723
2024-11-04 15:13:06,965 - INFO - Best model saved at /home/samic_yongjian/temp/SC4000_Machine_Learning/output/cnn/20241104_143543/best_model.pth
2024-11-04 15:13:06,965 - INFO - val Loss: 1.4723 Acc: 0.3420
2024-11-04 15:13:06,965 - INFO - Epoch complete!
2024-11-04 15:13:06,965 - INFO - Epoch 10/20
2024-11-04 15:13:06,965 - INFO - ----------
2024-11-04 15:17:01,056 - INFO - train Loss: 1.4358 Acc: 0.3627
2024-11-04 15:18:45,150 - INFO - New best model found at epoch 10 with validation loss 1.4605
2024-11-04 15:18:45,150 - INFO - Best model saved at /home/samic_yongjian/temp/SC4000_Machine_Learning/output/cnn/20241104_143543/best_model.pth
2024-11-04 15:18:45,150 - INFO - val Loss: 1.4605 Acc: 0.3464
2024-11-04 15:18:45,150 - INFO - Epoch complete!
2024-11-04 15:18:45,150 - INFO - Epoch 11/20
2024-11-04 15:18:45,150 - INFO - ----------
2024-11-04 15:21:49,286 - INFO - train Loss: 1.4270 Acc: 0.3700
2024-11-04 15:22:48,452 - INFO - val Loss: 1.4679 Acc: 0.3453
2024-11-04 15:22:48,452 - INFO - Epoch complete!
2024-11-04 15:22:48,452 - INFO - Epoch 12/20
2024-11-04 15:22:48,452 - INFO - ----------
2024-11-04 15:25:43,080 - INFO - train Loss: 1.4237 Acc: 0.3716
2024-11-04 15:26:41,384 - INFO - val Loss: 1.4723 Acc: 0.3380
2024-11-04 15:26:41,384 - INFO - Epoch complete!
2024-11-04 15:26:41,384 - INFO - Epoch 13/20
2024-11-04 15:26:41,384 - INFO - ----------
2024-11-04 15:30:51,989 - INFO - train Loss: 1.4240 Acc: 0.3732
2024-11-04 15:32:11,620 - INFO - val Loss: 1.4671 Acc: 0.3480
2024-11-04 15:32:11,620 - INFO - Epoch complete!
2024-11-04 15:32:11,620 - INFO - Epoch 14/20
2024-11-04 15:32:11,620 - INFO - ----------
2024-11-04 15:35:10,839 - INFO - train Loss: 1.4111 Acc: 0.3782
2024-11-04 15:36:08,843 - INFO - New best model found at epoch 14 with validation loss 1.4456
2024-11-04 15:36:08,843 - INFO - Best model saved at /home/samic_yongjian/temp/SC4000_Machine_Learning/output/cnn/20241104_143543/best_model.pth
2024-11-04 15:36:08,843 - INFO - val Loss: 1.4456 Acc: 0.3578
2024-11-04 15:36:08,843 - INFO - Epoch complete!
2024-11-04 15:36:08,843 - INFO - Epoch 15/20
2024-11-04 15:36:08,843 - INFO - ----------
2024-11-04 15:40:34,126 - INFO - train Loss: 1.4105 Acc: 0.3810
2024-11-04 15:42:11,879 - INFO - val Loss: 1.4675 Acc: 0.3478
2024-11-04 15:42:11,879 - INFO - Epoch complete!
2024-11-04 15:42:11,879 - INFO - Epoch 16/20
2024-11-04 15:42:11,879 - INFO - ----------
2024-11-04 15:47:26,342 - INFO - train Loss: 1.4023 Acc: 0.3859
2024-11-04 15:48:31,992 - INFO - New best model found at epoch 16 with validation loss 1.4446
2024-11-04 15:48:31,992 - INFO - Best model saved at /home/samic_yongjian/temp/SC4000_Machine_Learning/output/cnn/20241104_143543/best_model.pth
2024-11-04 15:48:31,992 - INFO - val Loss: 1.4446 Acc: 0.3607
2024-11-04 15:48:31,992 - INFO - Epoch complete!
2024-11-04 15:48:31,992 - INFO - Epoch 17/20
2024-11-04 15:48:31,992 - INFO - ----------
2024-11-04 15:51:24,930 - INFO - train Loss: 1.3901 Acc: 0.3938
2024-11-04 15:52:22,521 - INFO - val Loss: 1.4590 Acc: 0.3530
2024-11-04 15:52:22,521 - INFO - Epoch complete!
2024-11-04 15:52:22,521 - INFO - Epoch 18/20
2024-11-04 15:52:22,521 - INFO - ----------
2024-11-04 15:55:13,988 - INFO - train Loss: 1.3931 Acc: 0.3948
2024-11-04 15:56:12,625 - INFO - val Loss: 1.4537 Acc: 0.3532
2024-11-04 15:56:12,625 - INFO - Epoch complete!
2024-11-04 15:56:12,625 - INFO - Epoch 19/20
2024-11-04 15:56:12,625 - INFO - ----------
2024-11-04 15:59:07,953 - INFO - train Loss: 1.3910 Acc: 0.3945
2024-11-04 16:00:06,075 - INFO - val Loss: 1.4949 Acc: 0.3347
2024-11-04 16:00:06,075 - INFO - Epoch complete!
2024-11-04 16:00:06,075 - INFO - Epoch 20/20
2024-11-04 16:00:06,075 - INFO - ----------
2024-11-04 16:02:57,437 - INFO - train Loss: 1.3825 Acc: 0.3995
2024-11-04 16:03:55,636 - INFO - val Loss: 1.4551 Acc: 0.3566
2024-11-04 16:03:55,636 - INFO - Epoch complete!
2024-11-04 16:03:55,649 - INFO - Model saved to /home/samic_yongjian/temp/SC4000_Machine_Learning/output/cnn/20241104_143543/last.pth
2024-11-04 16:03:55,728 - INFO - Best validation probabilities saved at /home/samic_yongjian/temp/SC4000_Machine_Learning/output/cnn/20241104_143543/best_validation_probabilities.csv
2024-11-04 16:03:55,893 - INFO - Training curves saved at /home/samic_yongjian/temp/SC4000_Machine_Learning/output/cnn/20241104_143543/training_curves.png
2024-11-04 16:04:53,770 - INFO - Test probabilities saved at /home/samic_yongjian/temp/SC4000_Machine_Learning/output/cnn/20241104_143543/test_probabilities.csv
2024-11-04 16:04:53,821 - INFO - Log Loss: 1.4562
2024-11-04 16:04:53,821 - INFO - Accuracy: 0.3571
2024-11-04 16:04:53,821 - INFO - Precision: 0.3648
2024-11-04 16:04:53,821 - INFO - Recall: 0.3571
2024-11-04 16:04:53,821 - INFO - F1 Score: 0.3267
2024-11-04 16:04:53,821 - INFO - F2 Score: 0.3394
2024-11-04 16:04:53,911 - INFO - Confusion matrix saved at /home/samic_yongjian/temp/SC4000_Machine_Learning/output/cnn/20241104_143543/test_confusion_matrix.png
