2024-11-04 14:41:27,918 - INFO - Start of training.
2024-11-04 14:41:27,918 - INFO - Epoch 1/20
2024-11-04 14:41:27,918 - INFO - ----------
2024-11-04 14:44:28,834 - INFO - train Loss: 1.5928 Acc: 0.2361
2024-11-04 14:45:26,361 - INFO - New best model found at epoch 1 with validation loss 1.5647
2024-11-04 14:45:26,361 - INFO - Best model saved at /home/samic_yongjian/temp/SC4000_Machine_Learning/output/alexnet/20241104_143840/best_model.pth
2024-11-04 14:45:26,361 - INFO - val Loss: 1.5647 Acc: 0.2659
2024-11-04 14:45:26,361 - INFO - Epoch complete!
2024-11-04 14:45:26,361 - INFO - Epoch 2/20
2024-11-04 14:45:26,361 - INFO - ----------
2024-11-04 14:48:21,951 - INFO - train Loss: 1.5628 Acc: 0.2637
2024-11-04 14:49:19,232 - INFO - New best model found at epoch 2 with validation loss 1.5431
2024-11-04 14:49:19,233 - INFO - Best model saved at /home/samic_yongjian/temp/SC4000_Machine_Learning/output/alexnet/20241104_143840/best_model.pth
2024-11-04 14:49:19,233 - INFO - val Loss: 1.5431 Acc: 0.2807
2024-11-04 14:49:19,233 - INFO - Epoch complete!
2024-11-04 14:49:19,233 - INFO - Epoch 3/20
2024-11-04 14:49:19,233 - INFO - ----------
2024-11-04 14:52:11,739 - INFO - train Loss: 1.5455 Acc: 0.2780
2024-11-04 14:53:09,709 - INFO - New best model found at epoch 3 with validation loss 1.5352
2024-11-04 14:53:09,709 - INFO - Best model saved at /home/samic_yongjian/temp/SC4000_Machine_Learning/output/alexnet/20241104_143840/best_model.pth
2024-11-04 14:53:09,709 - INFO - val Loss: 1.5352 Acc: 0.2875
2024-11-04 14:53:09,709 - INFO - Epoch complete!
2024-11-04 14:53:09,709 - INFO - Epoch 4/20
2024-11-04 14:53:09,709 - INFO - ----------
2024-11-04 14:56:06,693 - INFO - train Loss: 1.5411 Acc: 0.2794
2024-11-04 14:57:05,047 - INFO - New best model found at epoch 4 with validation loss 1.5172
2024-11-04 14:57:05,047 - INFO - Best model saved at /home/samic_yongjian/temp/SC4000_Machine_Learning/output/alexnet/20241104_143840/best_model.pth
2024-11-04 14:57:05,047 - INFO - val Loss: 1.5172 Acc: 0.2935
2024-11-04 14:57:05,047 - INFO - Epoch complete!
2024-11-04 14:57:05,047 - INFO - Epoch 5/20
2024-11-04 14:57:05,047 - INFO - ----------
2024-11-04 15:00:11,501 - INFO - train Loss: 1.5390 Acc: 0.2814
2024-11-04 15:01:15,750 - INFO - val Loss: 1.5173 Acc: 0.2938
2024-11-04 15:01:15,750 - INFO - Epoch complete!
2024-11-04 15:01:15,750 - INFO - Epoch 6/20
2024-11-04 15:01:15,750 - INFO - ----------
2024-11-04 15:04:19,153 - INFO - train Loss: 1.5439 Acc: 0.2757
2024-11-04 15:05:20,400 - INFO - val Loss: 1.5305 Acc: 0.2839
2024-11-04 15:05:20,400 - INFO - Epoch complete!
2024-11-04 15:05:20,401 - INFO - Epoch 7/20
2024-11-04 15:05:20,401 - INFO - ----------
2024-11-04 15:08:19,175 - INFO - train Loss: 1.5332 Acc: 0.2808
2024-11-04 15:09:16,925 - INFO - val Loss: 1.5220 Acc: 0.2926
2024-11-04 15:09:16,926 - INFO - Epoch complete!
2024-11-04 15:09:16,926 - INFO - Epoch 8/20
2024-11-04 15:09:16,926 - INFO - ----------
2024-11-04 15:12:21,844 - INFO - train Loss: 1.5347 Acc: 0.2810
2024-11-04 15:13:24,261 - INFO - New best model found at epoch 8 with validation loss 1.5136
2024-11-04 15:13:24,262 - INFO - Best model saved at /home/samic_yongjian/temp/SC4000_Machine_Learning/output/alexnet/20241104_143840/best_model.pth
2024-11-04 15:13:24,262 - INFO - val Loss: 1.5136 Acc: 0.2946
2024-11-04 15:13:24,262 - INFO - Epoch complete!
2024-11-04 15:13:24,262 - INFO - Epoch 9/20
2024-11-04 15:13:24,262 - INFO - ----------
2024-11-04 15:17:26,374 - INFO - train Loss: 1.5369 Acc: 0.2765
2024-11-04 15:19:05,587 - INFO - val Loss: 1.5315 Acc: 0.2826
2024-11-04 15:19:05,588 - INFO - Epoch complete!
2024-11-04 15:19:05,588 - INFO - Epoch 10/20
2024-11-04 15:19:05,588 - INFO - ----------
2024-11-04 15:22:08,918 - INFO - train Loss: 1.5343 Acc: 0.2801
2024-11-04 15:23:05,540 - INFO - val Loss: 1.5328 Acc: 0.2831
2024-11-04 15:23:05,540 - INFO - Epoch complete!
2024-11-04 15:23:05,540 - INFO - Epoch 11/20
2024-11-04 15:23:05,540 - INFO - ----------
2024-11-04 15:26:00,981 - INFO - train Loss: 1.5364 Acc: 0.2749
2024-11-04 15:26:58,501 - INFO - New best model found at epoch 11 with validation loss 1.5135
2024-11-04 15:26:58,501 - INFO - Best model saved at /home/samic_yongjian/temp/SC4000_Machine_Learning/output/alexnet/20241104_143840/best_model.pth
2024-11-04 15:26:58,501 - INFO - val Loss: 1.5135 Acc: 0.2920
2024-11-04 15:26:58,501 - INFO - Epoch complete!
2024-11-04 15:26:58,501 - INFO - Epoch 12/20
2024-11-04 15:26:58,501 - INFO - ----------
2024-11-04 15:31:05,860 - INFO - train Loss: 1.5264 Acc: 0.2884
2024-11-04 15:32:24,316 - INFO - New best model found at epoch 12 with validation loss 1.5082
2024-11-04 15:32:24,316 - INFO - Best model saved at /home/samic_yongjian/temp/SC4000_Machine_Learning/output/alexnet/20241104_143840/best_model.pth
2024-11-04 15:32:24,316 - INFO - val Loss: 1.5082 Acc: 0.3079
2024-11-04 15:32:24,316 - INFO - Epoch complete!
2024-11-04 15:32:24,316 - INFO - Epoch 13/20
2024-11-04 15:32:24,316 - INFO - ----------
2024-11-04 15:35:25,537 - INFO - train Loss: 1.5205 Acc: 0.2902
2024-11-04 15:36:25,895 - INFO - val Loss: 1.5237 Acc: 0.2962
2024-11-04 15:36:25,895 - INFO - Epoch complete!
2024-11-04 15:36:25,895 - INFO - Epoch 14/20
2024-11-04 15:36:25,895 - INFO - ----------
2024-11-04 15:40:52,980 - INFO - train Loss: 1.5229 Acc: 0.2871
