2024-11-02 22:46:01,360 - INFO - Start of training.
2024-11-02 22:46:01,360 - INFO - Epoch 1/30
2024-11-02 22:46:01,360 - INFO - ----------
2024-11-02 22:49:39,747 - INFO - train Loss: 1.4459 Acc: 0.3802
2024-11-02 22:50:53,175 - INFO - New best model found at epoch 1 with validation loss 1.3032
2024-11-02 22:50:53,175 - INFO - Best model saved at /home/samic_yongjian/temp/SC4000_Machine_Learning/output/inception/20241102_224318/best_model.pth
2024-11-02 22:50:53,175 - INFO - val Loss: 1.3032 Acc: 0.4864
2024-11-02 22:50:53,175 - INFO - Epoch complete!
2024-11-02 22:50:53,175 - INFO - Epoch 2/30
2024-11-02 22:50:53,175 - INFO - ----------
2024-11-02 23:27:39,686 - INFO - train Loss: 1.2992 Acc: 0.4686
2024-11-02 23:55:19,605 - INFO - New best model found at epoch 2 with validation loss 1.2378
2024-11-02 23:55:19,605 - INFO - Best model saved at /home/samic_yongjian/temp/SC4000_Machine_Learning/output/inception/20241102_224318/best_model.pth
2024-11-02 23:55:19,606 - INFO - val Loss: 1.2378 Acc: 0.5030
2024-11-02 23:55:19,606 - INFO - Epoch complete!
2024-11-02 23:55:19,606 - INFO - Epoch 3/30
2024-11-02 23:55:19,606 - INFO - ----------
2024-11-03 00:21:16,433 - INFO - train Loss: 1.2582 Acc: 0.4855
2024-11-03 00:29:49,246 - INFO - New best model found at epoch 3 with validation loss 1.2017
2024-11-03 00:29:49,246 - INFO - Best model saved at /home/samic_yongjian/temp/SC4000_Machine_Learning/output/inception/20241102_224318/best_model.pth
2024-11-03 00:29:49,246 - INFO - val Loss: 1.2017 Acc: 0.5218
2024-11-03 00:29:49,246 - INFO - Epoch complete!
2024-11-03 00:29:49,246 - INFO - Epoch 4/30
2024-11-03 00:29:49,246 - INFO - ----------
2024-11-03 00:55:44,624 - INFO - train Loss: 1.2368 Acc: 0.4957
2024-11-03 01:04:10,074 - INFO - New best model found at epoch 4 with validation loss 1.1831
2024-11-03 01:04:10,074 - INFO - Best model saved at /home/samic_yongjian/temp/SC4000_Machine_Learning/output/inception/20241102_224318/best_model.pth
2024-11-03 01:04:10,074 - INFO - val Loss: 1.1831 Acc: 0.5285
2024-11-03 01:04:10,074 - INFO - Epoch complete!
2024-11-03 01:04:10,074 - INFO - Epoch 5/30
2024-11-03 01:04:10,074 - INFO - ----------
2024-11-03 01:28:55,637 - INFO - train Loss: 1.2244 Acc: 0.5008
2024-11-03 01:37:44,005 - INFO - New best model found at epoch 5 with validation loss 1.1715
2024-11-03 01:37:44,005 - INFO - Best model saved at /home/samic_yongjian/temp/SC4000_Machine_Learning/output/inception/20241102_224318/best_model.pth
2024-11-03 01:37:44,005 - INFO - val Loss: 1.1715 Acc: 0.5353
2024-11-03 01:37:44,005 - INFO - Epoch complete!
2024-11-03 01:37:44,005 - INFO - Epoch 6/30
2024-11-03 01:37:44,005 - INFO - ----------
2024-11-03 02:02:55,745 - INFO - train Loss: 1.2182 Acc: 0.5045
2024-11-03 02:11:20,359 - INFO - New best model found at epoch 6 with validation loss 1.1601
2024-11-03 02:11:20,359 - INFO - Best model saved at /home/samic_yongjian/temp/SC4000_Machine_Learning/output/inception/20241102_224318/best_model.pth
2024-11-03 02:11:20,359 - INFO - val Loss: 1.1601 Acc: 0.5330
2024-11-03 02:11:20,359 - INFO - Epoch complete!
2024-11-03 02:11:20,359 - INFO - Epoch 7/30
2024-11-03 02:11:20,359 - INFO - ----------
2024-11-03 02:36:25,699 - INFO - train Loss: 1.2139 Acc: 0.5031
2024-11-03 02:45:15,476 - INFO - New best model found at epoch 7 with validation loss 1.1535
2024-11-03 02:45:15,476 - INFO - Best model saved at /home/samic_yongjian/temp/SC4000_Machine_Learning/output/inception/20241102_224318/best_model.pth
2024-11-03 02:45:15,476 - INFO - val Loss: 1.1535 Acc: 0.5387
2024-11-03 02:45:15,476 - INFO - Epoch complete!
2024-11-03 02:45:15,476 - INFO - Epoch 8/30
2024-11-03 02:45:15,476 - INFO - ----------
2024-11-03 03:09:54,624 - INFO - train Loss: 1.2081 Acc: 0.5057
2024-11-03 03:18:16,095 - INFO - New best model found at epoch 8 with validation loss 1.1488
2024-11-03 03:18:16,095 - INFO - Best model saved at /home/samic_yongjian/temp/SC4000_Machine_Learning/output/inception/20241102_224318/best_model.pth
2024-11-03 03:18:16,095 - INFO - val Loss: 1.1488 Acc: 0.5430
2024-11-03 03:18:16,095 - INFO - Epoch complete!
2024-11-03 03:18:16,095 - INFO - Epoch 9/30
2024-11-03 03:18:16,095 - INFO - ----------
2024-11-03 03:43:47,483 - INFO - train Loss: 1.2094 Acc: 0.5066
2024-11-03 03:52:13,583 - INFO - New best model found at epoch 9 with validation loss 1.1442
2024-11-03 03:52:13,583 - INFO - Best model saved at /home/samic_yongjian/temp/SC4000_Machine_Learning/output/inception/20241102_224318/best_model.pth
2024-11-03 03:52:13,583 - INFO - val Loss: 1.1442 Acc: 0.5433
2024-11-03 03:52:13,583 - INFO - Epoch complete!
2024-11-03 03:52:13,583 - INFO - Epoch 10/30
2024-11-03 03:52:13,583 - INFO - ----------
2024-11-03 04:17:10,221 - INFO - train Loss: 1.2069 Acc: 0.5079
2024-11-03 04:25:08,420 - INFO - New best model found at epoch 10 with validation loss 1.1406
2024-11-03 04:25:08,420 - INFO - Best model saved at /home/samic_yongjian/temp/SC4000_Machine_Learning/output/inception/20241102_224318/best_model.pth
2024-11-03 04:25:08,420 - INFO - val Loss: 1.1406 Acc: 0.5418
2024-11-03 04:25:08,420 - INFO - Epoch complete!
2024-11-03 04:25:08,420 - INFO - Epoch 11/30
2024-11-03 04:25:08,420 - INFO - ----------
2024-11-03 04:50:19,870 - INFO - train Loss: 1.2015 Acc: 0.5091
2024-11-03 04:58:31,811 - INFO - New best model found at epoch 11 with validation loss 1.1391
2024-11-03 04:58:31,811 - INFO - Best model saved at /home/samic_yongjian/temp/SC4000_Machine_Learning/output/inception/20241102_224318/best_model.pth
2024-11-03 04:58:31,811 - INFO - val Loss: 1.1391 Acc: 0.5485
2024-11-03 04:58:31,811 - INFO - Epoch complete!
2024-11-03 04:58:31,811 - INFO - Epoch 12/30
2024-11-03 04:58:31,811 - INFO - ----------
2024-11-03 05:24:10,984 - INFO - train Loss: 1.2046 Acc: 0.5078
2024-11-03 05:32:39,664 - INFO - New best model found at epoch 12 with validation loss 1.1354
2024-11-03 05:32:39,664 - INFO - Best model saved at /home/samic_yongjian/temp/SC4000_Machine_Learning/output/inception/20241102_224318/best_model.pth
2024-11-03 05:32:39,664 - INFO - val Loss: 1.1354 Acc: 0.5468
2024-11-03 05:32:39,664 - INFO - Epoch complete!
2024-11-03 05:32:39,664 - INFO - Epoch 13/30
2024-11-03 05:32:39,664 - INFO - ----------
2024-11-03 05:58:10,300 - INFO - train Loss: 1.1984 Acc: 0.5128
2024-11-03 06:06:07,467 - INFO - New best model found at epoch 13 with validation loss 1.1324
2024-11-03 06:06:07,467 - INFO - Best model saved at /home/samic_yongjian/temp/SC4000_Machine_Learning/output/inception/20241102_224318/best_model.pth
2024-11-03 06:06:07,467 - INFO - val Loss: 1.1324 Acc: 0.5504
2024-11-03 06:06:07,467 - INFO - Epoch complete!
2024-11-03 06:06:07,467 - INFO - Epoch 14/30
2024-11-03 06:06:07,467 - INFO - ----------
2024-11-03 06:31:06,261 - INFO - train Loss: 1.2028 Acc: 0.5078
2024-11-03 06:39:12,309 - INFO - val Loss: 1.1331 Acc: 0.5508
2024-11-03 06:39:12,309 - INFO - Epoch complete!
2024-11-03 06:39:12,309 - INFO - Epoch 15/30
2024-11-03 06:39:12,309 - INFO - ----------
2024-11-03 07:04:49,725 - INFO - train Loss: 1.2018 Acc: 0.5121
2024-11-03 07:12:53,969 - INFO - val Loss: 1.1346 Acc: 0.5457
2024-11-03 07:12:53,969 - INFO - Epoch complete!
2024-11-03 07:12:53,969 - INFO - Epoch 16/30
2024-11-03 07:12:53,969 - INFO - ----------
2024-11-03 07:37:44,429 - INFO - train Loss: 1.1979 Acc: 0.5108
2024-11-03 07:45:47,939 - INFO - New best model found at epoch 16 with validation loss 1.1292
2024-11-03 07:45:47,939 - INFO - Best model saved at /home/samic_yongjian/temp/SC4000_Machine_Learning/output/inception/20241102_224318/best_model.pth
2024-11-03 07:45:47,939 - INFO - val Loss: 1.1292 Acc: 0.5486
2024-11-03 07:45:47,939 - INFO - Epoch complete!
2024-11-03 07:45:47,939 - INFO - Epoch 17/30
2024-11-03 07:45:47,939 - INFO - ----------
2024-11-03 08:10:47,693 - INFO - train Loss: 1.2005 Acc: 0.5099
2024-11-03 08:18:42,922 - INFO - val Loss: 1.1310 Acc: 0.5498
2024-11-03 08:18:42,922 - INFO - Epoch complete!
2024-11-03 08:18:42,922 - INFO - Epoch 18/30
2024-11-03 08:18:42,922 - INFO - ----------
2024-11-03 08:43:59,590 - INFO - train Loss: 1.2004 Acc: 0.5095
2024-11-03 08:52:01,233 - INFO - val Loss: 1.1295 Acc: 0.5480
2024-11-03 08:52:01,233 - INFO - Epoch complete!
2024-11-03 08:52:01,233 - INFO - Epoch 19/30
2024-11-03 08:52:01,233 - INFO - ----------
2024-11-03 09:16:42,710 - INFO - train Loss: 1.1997 Acc: 0.5092
2024-11-03 09:24:57,608 - INFO - New best model found at epoch 19 with validation loss 1.1284
2024-11-03 09:24:57,608 - INFO - Best model saved at /home/samic_yongjian/temp/SC4000_Machine_Learning/output/inception/20241102_224318/best_model.pth
2024-11-03 09:24:57,608 - INFO - val Loss: 1.1284 Acc: 0.5518
2024-11-03 09:24:57,608 - INFO - Epoch complete!
2024-11-03 09:24:57,608 - INFO - Epoch 20/30
2024-11-03 09:24:57,608 - INFO - ----------
2024-11-03 09:50:34,388 - INFO - train Loss: 1.1994 Acc: 0.5110
2024-11-03 09:58:56,271 - INFO - New best model found at epoch 20 with validation loss 1.1236
2024-11-03 09:58:56,271 - INFO - Best model saved at /home/samic_yongjian/temp/SC4000_Machine_Learning/output/inception/20241102_224318/best_model.pth
2024-11-03 09:58:56,271 - INFO - val Loss: 1.1236 Acc: 0.5547
2024-11-03 09:58:56,271 - INFO - Epoch complete!
2024-11-03 09:58:56,271 - INFO - Epoch 21/30
2024-11-03 09:58:56,271 - INFO - ----------
2024-11-03 10:24:30,299 - INFO - train Loss: 1.2011 Acc: 0.5109
2024-11-03 10:33:07,938 - INFO - val Loss: 1.1312 Acc: 0.5508
2024-11-03 10:33:07,938 - INFO - Epoch complete!
2024-11-03 10:33:07,938 - INFO - Epoch 22/30
2024-11-03 10:33:07,938 - INFO - ----------
2024-11-03 10:57:45,278 - INFO - train Loss: 1.1970 Acc: 0.5100
2024-11-03 11:06:41,864 - INFO - New best model found at epoch 22 with validation loss 1.1213
2024-11-03 11:06:41,864 - INFO - Best model saved at /home/samic_yongjian/temp/SC4000_Machine_Learning/output/inception/20241102_224318/best_model.pth
2024-11-03 11:06:41,864 - INFO - val Loss: 1.1213 Acc: 0.5562
2024-11-03 11:06:41,864 - INFO - Epoch complete!
2024-11-03 11:06:41,864 - INFO - Epoch 23/30
2024-11-03 11:06:41,864 - INFO - ----------
2024-11-03 11:31:17,464 - INFO - train Loss: 1.2025 Acc: 0.5084
2024-11-03 11:40:01,633 - INFO - val Loss: 1.1232 Acc: 0.5509
2024-11-03 11:40:01,633 - INFO - Epoch complete!
2024-11-03 11:40:01,633 - INFO - Epoch 24/30
2024-11-03 11:40:01,633 - INFO - ----------
2024-11-03 12:05:30,047 - INFO - train Loss: 1.1999 Acc: 0.5101
2024-11-03 12:13:46,891 - INFO - val Loss: 1.1301 Acc: 0.5475
2024-11-03 12:13:46,891 - INFO - Epoch complete!
2024-11-03 12:13:46,891 - INFO - Epoch 25/30
2024-11-03 12:13:46,891 - INFO - ----------
2024-11-03 12:39:13,318 - INFO - train Loss: 1.1979 Acc: 0.5100
2024-11-03 12:47:16,847 - INFO - New best model found at epoch 25 with validation loss 1.1186
2024-11-03 12:47:16,847 - INFO - Best model saved at /home/samic_yongjian/temp/SC4000_Machine_Learning/output/inception/20241102_224318/best_model.pth
2024-11-03 12:47:16,847 - INFO - val Loss: 1.1186 Acc: 0.5572
2024-11-03 12:47:16,847 - INFO - Epoch complete!
2024-11-03 12:47:16,847 - INFO - Epoch 26/30
2024-11-03 12:47:16,847 - INFO - ----------
2024-11-03 13:12:42,262 - INFO - train Loss: 1.1963 Acc: 0.5091
2024-11-03 13:20:56,019 - INFO - val Loss: 1.1216 Acc: 0.5561
2024-11-03 13:20:56,019 - INFO - Epoch complete!
2024-11-03 13:20:56,019 - INFO - Epoch 27/30
2024-11-03 13:20:56,019 - INFO - ----------
2024-11-03 13:46:25,494 - INFO - train Loss: 1.1995 Acc: 0.5105
2024-11-03 13:54:47,563 - INFO - val Loss: 1.1233 Acc: 0.5512
2024-11-03 13:54:47,563 - INFO - Epoch complete!
2024-11-03 13:54:47,563 - INFO - Epoch 28/30
2024-11-03 13:54:47,563 - INFO - ----------
2024-11-03 14:20:17,796 - INFO - train Loss: 1.1972 Acc: 0.5127
2024-11-03 14:21:28,579 - INFO - val Loss: 1.1248 Acc: 0.5509
2024-11-03 14:21:28,579 - INFO - Epoch complete!
2024-11-03 14:21:28,579 - INFO - Epoch 29/30
2024-11-03 14:21:28,579 - INFO - ----------
2024-11-03 14:25:04,254 - INFO - train Loss: 1.1977 Acc: 0.5118
2024-11-03 14:26:13,527 - INFO - val Loss: 1.1242 Acc: 0.5570
2024-11-03 14:26:13,527 - INFO - Epoch complete!
2024-11-03 14:26:13,527 - INFO - Epoch 30/30
2024-11-03 14:26:13,527 - INFO - ----------
2024-11-03 14:29:48,572 - INFO - train Loss: 1.1965 Acc: 0.5147
2024-11-03 14:31:00,798 - INFO - val Loss: 1.1258 Acc: 0.5576
2024-11-03 14:31:00,798 - INFO - Epoch complete!
2024-11-03 14:31:00,908 - INFO - Model saved to /home/samic_yongjian/temp/SC4000_Machine_Learning/output/inception/20241102_224318/last.pth
2024-11-03 14:31:00,989 - INFO - Best validation probabilities saved at /home/samic_yongjian/temp/SC4000_Machine_Learning/output/inception/20241102_224318/best_validation_probabilities.csv
2024-11-03 14:31:01,130 - INFO - Training curves saved at /home/samic_yongjian/temp/SC4000_Machine_Learning/output/inception/20241102_224318/training_curves.png
2024-11-03 14:32:10,356 - INFO - Log Loss: 1.1282
2024-11-03 14:32:10,356 - INFO - Accuracy: 0.5529
2024-11-03 14:32:10,356 - INFO - Precision: 0.5580
2024-11-03 14:32:10,356 - INFO - Recall: 0.5529
2024-11-03 14:32:10,356 - INFO - F1 Score: 0.5514
2024-11-03 14:32:10,356 - INFO - F2 Score: 0.5515
2024-11-03 14:32:10,538 - INFO - Confusion matrix saved at /home/samic_yongjian/temp/SC4000_Machine_Learning/output/inception/20241102_224318/test_confusion_matrix.png
