2024-10-19 18:07:29,380 - INFO - Epoch 1/30
2024-10-19 18:07:29,380 - INFO - ----------
2024-10-19 18:24:25,316 - INFO - train Loss: 1.4363 Acc: 0.3951
2024-10-19 18:27:19,751 - INFO - val Loss: 1.1768 Acc: 0.6188
2024-10-19 18:27:19,751 - INFO - Epoch 2/30
2024-10-19 18:27:19,751 - INFO - ----------
2024-10-19 18:44:22,994 - INFO - train Loss: 1.2677 Acc: 0.4900
2024-10-19 18:47:10,555 - INFO - val Loss: 1.0793 Acc: 0.6363
2024-10-19 18:47:10,555 - INFO - Epoch 3/30
2024-10-19 18:47:10,555 - INFO - ----------
2024-10-19 19:03:44,955 - INFO - train Loss: 1.2101 Acc: 0.5126
2024-10-19 19:06:55,972 - INFO - val Loss: 1.0678 Acc: 0.6249
2024-10-19 19:06:55,973 - INFO - Epoch 4/30
2024-10-19 19:06:55,973 - INFO - ----------
2024-10-19 19:23:44,001 - INFO - train Loss: 1.1815 Acc: 0.5234
2024-10-19 19:26:38,233 - INFO - val Loss: 1.0192 Acc: 0.6414
2024-10-19 19:26:38,233 - INFO - Epoch 5/30
2024-10-19 19:26:38,233 - INFO - ----------
2024-10-19 19:42:54,566 - INFO - train Loss: 1.1676 Acc: 0.5265
2024-10-19 19:45:35,711 - INFO - val Loss: 1.0202 Acc: 0.6344
2024-10-19 19:45:35,711 - INFO - Epoch 6/30
2024-10-19 19:45:35,711 - INFO - ----------
2024-10-19 20:02:13,400 - INFO - train Loss: 1.1535 Acc: 0.5352
2024-10-19 20:04:59,875 - INFO - val Loss: 0.9709 Acc: 0.6563
2024-10-19 20:04:59,876 - INFO - Epoch 7/30
2024-10-19 20:04:59,876 - INFO - ----------
2024-10-19 20:21:51,192 - INFO - train Loss: 1.1436 Acc: 0.5415
2024-10-19 20:24:39,303 - INFO - val Loss: 0.9152 Acc: 0.6852
2024-10-19 20:24:39,303 - INFO - Epoch 8/30
2024-10-19 20:24:39,303 - INFO - ----------
2024-10-19 20:41:22,696 - INFO - train Loss: 1.1350 Acc: 0.5438
2024-10-19 20:44:16,557 - INFO - val Loss: 0.9332 Acc: 0.6722
2024-10-19 20:44:16,557 - INFO - Epoch 9/30
2024-10-19 20:44:16,557 - INFO - ----------
2024-10-19 21:01:11,638 - INFO - train Loss: 1.1297 Acc: 0.5469
2024-10-19 21:04:05,775 - INFO - val Loss: 0.9507 Acc: 0.6637
2024-10-19 21:04:05,775 - INFO - Epoch 10/30
2024-10-19 21:04:05,775 - INFO - ----------
2024-10-19 21:21:06,666 - INFO - train Loss: 1.1291 Acc: 0.5429
2024-10-19 21:23:55,107 - INFO - val Loss: 0.9472 Acc: 0.6635
2024-10-19 21:23:55,107 - INFO - Epoch 11/30
2024-10-19 21:23:55,107 - INFO - ----------
2024-10-19 21:40:34,621 - INFO - train Loss: 1.1247 Acc: 0.5500
2024-10-19 21:43:40,388 - INFO - val Loss: 0.9390 Acc: 0.6663
2024-10-19 21:43:40,388 - INFO - Epoch 12/30
2024-10-19 21:43:40,388 - INFO - ----------
2024-10-19 22:00:23,305 - INFO - train Loss: 1.1253 Acc: 0.5479
2024-10-19 22:03:17,518 - INFO - val Loss: 0.9545 Acc: 0.6601
2024-10-19 22:03:17,518 - INFO - Epoch 13/30
2024-10-19 22:03:17,518 - INFO - ----------
2024-10-19 22:20:04,111 - INFO - train Loss: 1.1221 Acc: 0.5486
2024-10-19 22:22:49,334 - INFO - val Loss: 0.9103 Acc: 0.6840
2024-10-19 22:22:49,334 - INFO - Epoch 14/30
2024-10-19 22:22:49,335 - INFO - ----------
2024-10-19 22:39:34,579 - INFO - train Loss: 1.1154 Acc: 0.5525
2024-10-19 22:42:28,164 - INFO - val Loss: 0.9047 Acc: 0.6848
2024-10-19 22:42:28,165 - INFO - Epoch 15/30
2024-10-19 22:42:28,165 - INFO - ----------
2024-10-19 22:59:02,192 - INFO - train Loss: 1.1172 Acc: 0.5497
2024-10-19 23:02:12,510 - INFO - val Loss: 0.9421 Acc: 0.6580
2024-10-19 23:02:12,510 - INFO - Epoch 16/30
2024-10-19 23:02:12,510 - INFO - ----------
2024-10-19 23:19:24,107 - INFO - train Loss: 1.1176 Acc: 0.5491
2024-10-19 23:22:19,427 - INFO - val Loss: 0.9779 Acc: 0.6488
2024-10-19 23:22:19,427 - INFO - Epoch 17/30
2024-10-19 23:22:19,427 - INFO - ----------
2024-10-19 23:39:00,324 - INFO - train Loss: 1.1124 Acc: 0.5496
2024-10-19 23:41:53,783 - INFO - val Loss: 0.9512 Acc: 0.6589
2024-10-19 23:41:53,783 - INFO - Epoch 18/30
2024-10-19 23:41:53,783 - INFO - ----------
2024-10-19 23:59:00,786 - INFO - train Loss: 1.1141 Acc: 0.5489
2024-10-20 00:01:54,005 - INFO - val Loss: 0.9133 Acc: 0.6766
2024-10-20 00:01:54,005 - INFO - Epoch 19/30
2024-10-20 00:01:54,005 - INFO - ----------
2024-10-20 00:18:24,155 - INFO - train Loss: 1.1133 Acc: 0.5520
2024-10-20 00:21:23,088 - INFO - val Loss: 0.9870 Acc: 0.6319
2024-10-20 00:21:23,088 - INFO - Epoch 20/30
2024-10-20 00:21:23,088 - INFO - ----------
2024-10-20 00:38:25,336 - INFO - train Loss: 1.1076 Acc: 0.5559
2024-10-20 00:41:20,129 - INFO - val Loss: 0.9015 Acc: 0.6829
2024-10-20 00:41:20,129 - INFO - Epoch 21/30
2024-10-20 00:41:20,129 - INFO - ----------
2024-10-20 00:57:59,641 - INFO - train Loss: 1.1150 Acc: 0.5517
2024-10-20 01:00:54,798 - INFO - val Loss: 0.9525 Acc: 0.6593
2024-10-20 01:00:54,798 - INFO - Epoch 22/30
2024-10-20 01:00:54,798 - INFO - ----------
2024-10-20 01:17:14,203 - INFO - train Loss: 1.1043 Acc: 0.5555
2024-10-20 01:20:06,391 - INFO - val Loss: 0.9434 Acc: 0.6684
2024-10-20 01:20:06,391 - INFO - Epoch 23/30
2024-10-20 01:20:06,391 - INFO - ----------
2024-10-20 01:36:24,957 - INFO - train Loss: 1.1109 Acc: 0.5540
2024-10-20 01:39:19,543 - INFO - val Loss: 0.9001 Acc: 0.6825
2024-10-20 01:39:19,543 - INFO - Epoch 24/30
2024-10-20 01:39:19,543 - INFO - ----------
2024-10-20 01:55:38,706 - INFO - train Loss: 1.1068 Acc: 0.5555
2024-10-20 01:58:29,988 - INFO - val Loss: 0.9532 Acc: 0.6555
2024-10-20 01:58:29,988 - INFO - Epoch 25/30
2024-10-20 01:58:29,988 - INFO - ----------
2024-10-20 02:14:40,690 - INFO - train Loss: 1.1052 Acc: 0.5575
2024-10-20 02:17:33,718 - INFO - val Loss: 0.9248 Acc: 0.6663
2024-10-20 02:17:33,718 - INFO - Epoch 26/30
2024-10-20 02:17:33,718 - INFO - ----------
2024-10-20 02:33:54,653 - INFO - train Loss: 1.1113 Acc: 0.5564
2024-10-20 02:36:45,540 - INFO - val Loss: 0.9426 Acc: 0.6561
2024-10-20 02:36:45,540 - INFO - Epoch 27/30
2024-10-20 02:36:45,540 - INFO - ----------
2024-10-20 02:53:24,966 - INFO - train Loss: 1.1087 Acc: 0.5554
2024-10-20 02:56:20,074 - INFO - val Loss: 0.9237 Acc: 0.6692
2024-10-20 02:56:20,074 - INFO - Epoch 28/30
2024-10-20 02:56:20,074 - INFO - ----------
2024-10-20 03:12:57,940 - INFO - train Loss: 1.1065 Acc: 0.5552
2024-10-20 03:15:58,080 - INFO - val Loss: 0.9593 Acc: 0.6475
2024-10-20 03:15:58,081 - INFO - Epoch 29/30
2024-10-20 03:15:58,081 - INFO - ----------
2024-10-20 03:32:28,451 - INFO - train Loss: 1.1067 Acc: 0.5532
2024-10-20 03:35:24,890 - INFO - val Loss: 0.9507 Acc: 0.6572
2024-10-20 03:35:24,891 - INFO - Epoch 30/30
2024-10-20 03:35:24,891 - INFO - ----------
2024-10-20 03:46:03,819 - INFO - train Loss: 1.1112 Acc: 0.5524
2024-10-20 03:46:25,595 - INFO - val Loss: 0.9482 Acc: 0.6506
2024-10-20 03:46:25,595 - INFO - Training complete!
2024-10-20 03:46:25,697 - INFO - Model saved to /home/samic_yongjian/temp/SC4000_Machine_Learning/output/inception/20241019_175624/trained_model.pth
2024-10-20 03:46:25,816 - INFO - Training curves saved at /home/samic_yongjian/temp/SC4000_Machine_Learning/output/inception/20241019_175624/training_curves.png
2024-10-20 03:46:47,746 - INFO - Confusion matrix saved at /home/samic_yongjian/temp/SC4000_Machine_Learning/output/inception/20241019_175624/confusion_matrix.png
