2024-10-20 13:56:17,719 - INFO - Epoch 1/30
2024-10-20 13:56:17,720 - INFO - ----------
2024-10-20 14:12:33,244 - INFO - train Loss: 1.4411 Acc: 0.3855
2024-10-20 14:15:24,981 - INFO - val Loss: 1.1465 Acc: 0.6399
2024-10-20 14:15:24,982 - INFO - Validation Precision: 0.6772, Recall: 0.6399, F1 Score: 0.6519
2024-10-20 14:15:24,982 - INFO - Epoch 2/30
2024-10-20 14:15:24,982 - INFO - ----------
2024-10-20 14:31:59,103 - INFO - train Loss: 1.2635 Acc: 0.4922
2024-10-20 14:34:57,557 - INFO - val Loss: 1.1219 Acc: 0.6078
2024-10-20 14:34:57,557 - INFO - Validation Precision: 0.6935, Recall: 0.6078, F1 Score: 0.6330
2024-10-20 14:34:57,557 - INFO - Epoch 3/30
2024-10-20 14:34:57,557 - INFO - ----------
2024-10-20 14:51:07,803 - INFO - train Loss: 1.2118 Acc: 0.5156
2024-10-20 14:54:10,967 - INFO - val Loss: 1.0721 Acc: 0.6165
2024-10-20 14:54:10,967 - INFO - Validation Precision: 0.7059, Recall: 0.6165, F1 Score: 0.6424
2024-10-20 14:54:10,967 - INFO - Epoch 4/30
2024-10-20 14:54:10,967 - INFO - ----------
2024-10-20 15:10:17,600 - INFO - train Loss: 1.1847 Acc: 0.5224
2024-10-20 15:13:06,822 - INFO - val Loss: 1.0224 Acc: 0.6445
2024-10-20 15:13:06,823 - INFO - Validation Precision: 0.7130, Recall: 0.6445, F1 Score: 0.6664
2024-10-20 15:13:06,823 - INFO - Epoch 5/30
2024-10-20 15:13:06,823 - INFO - ----------
2024-10-20 15:29:57,390 - INFO - train Loss: 1.1637 Acc: 0.5313
2024-10-20 15:33:04,699 - INFO - val Loss: 0.9737 Acc: 0.6654
2024-10-20 15:33:04,699 - INFO - Validation Precision: 0.7193, Recall: 0.6654, F1 Score: 0.6834
2024-10-20 15:33:04,699 - INFO - Epoch 6/30
2024-10-20 15:33:04,699 - INFO - ----------
2024-10-20 15:49:41,046 - INFO - train Loss: 1.1539 Acc: 0.5346
2024-10-20 15:52:36,460 - INFO - val Loss: 1.0029 Acc: 0.6426
2024-10-20 15:52:36,460 - INFO - Validation Precision: 0.7189, Recall: 0.6426, F1 Score: 0.6658
2024-10-20 15:52:36,460 - INFO - Epoch 7/30
2024-10-20 15:52:36,460 - INFO - ----------
2024-10-20 16:08:42,779 - INFO - train Loss: 1.1418 Acc: 0.5404
2024-10-20 16:11:29,780 - INFO - val Loss: 0.9861 Acc: 0.6450
2024-10-20 16:11:29,780 - INFO - Validation Precision: 0.7256, Recall: 0.6450, F1 Score: 0.6686
2024-10-20 16:11:29,780 - INFO - Epoch 8/30
2024-10-20 16:11:29,781 - INFO - ----------
2024-10-20 16:28:08,100 - INFO - train Loss: 1.1351 Acc: 0.5409
2024-10-20 16:31:03,916 - INFO - val Loss: 0.9570 Acc: 0.6625
2024-10-20 16:31:03,916 - INFO - Validation Precision: 0.7186, Recall: 0.6625, F1 Score: 0.6809
2024-10-20 16:31:03,916 - INFO - Epoch 9/30
2024-10-20 16:31:03,916 - INFO - ----------
2024-10-20 16:47:13,813 - INFO - train Loss: 1.1291 Acc: 0.5456
2024-10-20 16:49:58,752 - INFO - val Loss: 0.9876 Acc: 0.6447
2024-10-20 16:49:58,753 - INFO - Validation Precision: 0.7236, Recall: 0.6447, F1 Score: 0.6682
2024-10-20 16:49:58,753 - INFO - Epoch 10/30
2024-10-20 16:49:58,753 - INFO - ----------
2024-10-20 17:06:03,599 - INFO - train Loss: 1.1251 Acc: 0.5463
2024-10-20 17:09:04,279 - INFO - val Loss: 0.9989 Acc: 0.6359
2024-10-20 17:09:04,279 - INFO - Validation Precision: 0.7225, Recall: 0.6359, F1 Score: 0.6606
2024-10-20 17:09:04,279 - INFO - Epoch 11/30
2024-10-20 17:09:04,279 - INFO - ----------
2024-10-20 17:25:24,242 - INFO - train Loss: 1.1256 Acc: 0.5474
2024-10-20 17:28:15,490 - INFO - val Loss: 0.9380 Acc: 0.6665
2024-10-20 17:28:15,490 - INFO - Validation Precision: 0.7240, Recall: 0.6665, F1 Score: 0.6855
2024-10-20 17:28:15,490 - INFO - Epoch 12/30
2024-10-20 17:28:15,490 - INFO - ----------
2024-10-20 17:44:19,144 - INFO - train Loss: 1.1210 Acc: 0.5500
2024-10-20 17:47:20,103 - INFO - val Loss: 0.9440 Acc: 0.6580
2024-10-20 17:47:20,103 - INFO - Validation Precision: 0.7267, Recall: 0.6580, F1 Score: 0.6793
2024-10-20 17:47:20,103 - INFO - Epoch 13/30
2024-10-20 17:47:20,103 - INFO - ----------
2024-10-20 18:03:42,182 - INFO - train Loss: 1.1189 Acc: 0.5492
2024-10-20 18:06:30,467 - INFO - val Loss: 0.9482 Acc: 0.6660
2024-10-20 18:06:30,467 - INFO - Validation Precision: 0.7274, Recall: 0.6660, F1 Score: 0.6853
2024-10-20 18:06:30,467 - INFO - Epoch 14/30
2024-10-20 18:06:30,467 - INFO - ----------
2024-10-20 18:22:40,740 - INFO - train Loss: 1.1218 Acc: 0.5482
2024-10-20 18:25:42,275 - INFO - val Loss: 0.9584 Acc: 0.6557
2024-10-20 18:25:42,275 - INFO - Validation Precision: 0.7298, Recall: 0.6557, F1 Score: 0.6777
2024-10-20 18:25:42,275 - INFO - Epoch 15/30
2024-10-20 18:25:42,275 - INFO - ----------
2024-10-20 18:41:44,165 - INFO - train Loss: 1.1191 Acc: 0.5529
2024-10-20 18:44:45,213 - INFO - val Loss: 0.9317 Acc: 0.6608
2024-10-20 18:44:45,213 - INFO - Validation Precision: 0.7232, Recall: 0.6608, F1 Score: 0.6807
2024-10-20 18:44:45,213 - INFO - Epoch 16/30
2024-10-20 18:44:45,213 - INFO - ----------
2024-10-20 19:00:51,965 - INFO - train Loss: 1.1127 Acc: 0.5537
2024-10-20 19:03:46,774 - INFO - val Loss: 0.9437 Acc: 0.6624
2024-10-20 19:03:46,774 - INFO - Validation Precision: 0.7320, Recall: 0.6624, F1 Score: 0.6846
2024-10-20 19:03:46,774 - INFO - Epoch 17/30
2024-10-20 19:03:46,774 - INFO - ----------
2024-10-20 19:19:59,926 - INFO - train Loss: 1.1070 Acc: 0.5561
2024-10-20 19:22:51,904 - INFO - val Loss: 0.9336 Acc: 0.6675
2024-10-20 19:22:51,904 - INFO - Validation Precision: 0.7252, Recall: 0.6675, F1 Score: 0.6867
2024-10-20 19:22:51,904 - INFO - Epoch 18/30
2024-10-20 19:22:51,904 - INFO - ----------
2024-10-20 19:38:51,075 - INFO - train Loss: 1.1136 Acc: 0.5543
2024-10-20 19:41:42,097 - INFO - val Loss: 0.9588 Acc: 0.6521
2024-10-20 19:41:42,097 - INFO - Validation Precision: 0.7253, Recall: 0.6521, F1 Score: 0.6742
2024-10-20 19:41:42,097 - INFO - Epoch 19/30
2024-10-20 19:41:42,097 - INFO - ----------
2024-10-20 19:57:37,096 - INFO - train Loss: 1.1103 Acc: 0.5531
2024-10-20 20:00:35,902 - INFO - val Loss: 0.9021 Acc: 0.6799
2024-10-20 20:00:35,902 - INFO - Validation Precision: 0.7270, Recall: 0.6799, F1 Score: 0.6960
2024-10-20 20:00:35,902 - INFO - Epoch 20/30
2024-10-20 20:00:35,902 - INFO - ----------
2024-10-20 20:16:30,477 - INFO - train Loss: 1.1100 Acc: 0.5516
2024-10-20 20:19:28,971 - INFO - val Loss: 0.9198 Acc: 0.6684
2024-10-20 20:19:28,971 - INFO - Validation Precision: 0.7305, Recall: 0.6684, F1 Score: 0.6876
2024-10-20 20:19:28,971 - INFO - Epoch 21/30
2024-10-20 20:19:28,971 - INFO - ----------
2024-10-20 20:35:32,548 - INFO - train Loss: 1.1046 Acc: 0.5583
2024-10-20 20:38:23,975 - INFO - val Loss: 0.9244 Acc: 0.6625
2024-10-20 20:38:23,975 - INFO - Validation Precision: 0.7337, Recall: 0.6625, F1 Score: 0.6838
2024-10-20 20:38:23,975 - INFO - Epoch 22/30
2024-10-20 20:38:23,975 - INFO - ----------
2024-10-20 20:54:32,964 - INFO - train Loss: 1.1102 Acc: 0.5548
2024-10-20 20:57:13,791 - INFO - val Loss: 0.9338 Acc: 0.6631
2024-10-20 20:57:13,791 - INFO - Validation Precision: 0.7340, Recall: 0.6631, F1 Score: 0.6844
2024-10-20 20:57:13,791 - INFO - Epoch 23/30
2024-10-20 20:57:13,791 - INFO - ----------
2024-10-20 21:13:30,562 - INFO - train Loss: 1.1134 Acc: 0.5539
2024-10-20 21:16:17,364 - INFO - val Loss: 0.9431 Acc: 0.6557
2024-10-20 21:16:17,364 - INFO - Validation Precision: 0.7288, Recall: 0.6557, F1 Score: 0.6780
2024-10-20 21:16:17,364 - INFO - Epoch 24/30
2024-10-20 21:16:17,364 - INFO - ----------
2024-10-20 21:32:11,316 - INFO - train Loss: 1.1128 Acc: 0.5511
2024-10-20 21:34:53,405 - INFO - val Loss: 0.9529 Acc: 0.6586
2024-10-20 21:34:53,405 - INFO - Validation Precision: 0.7294, Recall: 0.6586, F1 Score: 0.6801
2024-10-20 21:34:53,405 - INFO - Epoch 25/30
2024-10-20 21:34:53,405 - INFO - ----------
2024-10-20 21:51:51,883 - INFO - train Loss: 1.1090 Acc: 0.5524
2024-10-20 21:54:36,195 - INFO - val Loss: 0.9093 Acc: 0.6719
2024-10-20 21:54:36,195 - INFO - Validation Precision: 0.7294, Recall: 0.6719, F1 Score: 0.6907
2024-10-20 21:54:36,195 - INFO - Epoch 26/30
2024-10-20 21:54:36,195 - INFO - ----------
2024-10-20 22:10:56,499 - INFO - train Loss: 1.1062 Acc: 0.5539
2024-10-20 22:13:57,637 - INFO - val Loss: 0.9059 Acc: 0.6793
2024-10-20 22:13:57,638 - INFO - Validation Precision: 0.7342, Recall: 0.6793, F1 Score: 0.6974
2024-10-20 22:13:57,638 - INFO - Epoch 27/30
2024-10-20 22:13:57,638 - INFO - ----------
2024-10-20 22:29:55,848 - INFO - train Loss: 1.1075 Acc: 0.5553
2024-10-20 22:32:53,972 - INFO - val Loss: 0.9730 Acc: 0.6378
2024-10-20 22:32:53,972 - INFO - Validation Precision: 0.7250, Recall: 0.6378, F1 Score: 0.6625
2024-10-20 22:32:53,972 - INFO - Epoch 28/30
2024-10-20 22:32:53,972 - INFO - ----------
2024-10-20 22:49:05,271 - INFO - train Loss: 1.1101 Acc: 0.5530
2024-10-20 22:52:10,041 - INFO - val Loss: 0.9300 Acc: 0.6667
2024-10-20 22:52:10,041 - INFO - Validation Precision: 0.7294, Recall: 0.6667, F1 Score: 0.6870
2024-10-20 22:52:10,041 - INFO - Epoch 29/30
2024-10-20 22:52:10,041 - INFO - ----------
2024-10-20 23:08:14,884 - INFO - train Loss: 1.1025 Acc: 0.5561
2024-10-20 23:11:05,847 - INFO - val Loss: 0.9240 Acc: 0.6652
2024-10-20 23:11:05,847 - INFO - Validation Precision: 0.7305, Recall: 0.6652, F1 Score: 0.6859
2024-10-20 23:11:05,847 - INFO - Epoch 30/30
2024-10-20 23:11:05,847 - INFO - ----------
2024-10-20 23:27:40,917 - INFO - train Loss: 1.1088 Acc: 0.5541
2024-10-20 23:30:38,396 - INFO - val Loss: 0.9316 Acc: 0.6652
2024-10-20 23:30:38,396 - INFO - Validation Precision: 0.7353, Recall: 0.6652, F1 Score: 0.6857
2024-10-20 23:30:38,396 - INFO - Training complete!
2024-10-20 23:30:38,528 - INFO - Model saved to /home/samic_yongjian/temp/SC4000_Machine_Learning/output/inception/20241020_134540/trained_model.pth
2024-10-20 23:30:39,965 - INFO - Training curves saved at /home/samic_yongjian/temp/SC4000_Machine_Learning/output/inception/20241020_134540/training_curves.png
2024-10-20 23:33:28,421 - INFO - Confusion matrix saved at /home/samic_yongjian/temp/SC4000_Machine_Learning/output/inception/20241020_134540/confusion_matrix.png
