2024-10-14 00:00:39,448 - INFO - Epoch 1/30
2024-10-14 00:00:39,448 - INFO - ----------
2024-10-14 00:01:36,044 - INFO - train Loss: 1.5841 Acc: 0.2667
2024-10-14 00:01:50,211 - INFO - val Loss: 1.5011 Acc: 0.3947
2024-10-14 00:01:50,211 - INFO - Epoch 2/30
2024-10-14 00:01:50,211 - INFO - ----------
2024-10-14 00:03:08,531 - INFO - train Loss: 1.4664 Acc: 0.3884
2024-10-14 00:03:24,945 - INFO - val Loss: 1.4098 Acc: 0.4449
2024-10-14 00:03:24,945 - INFO - Epoch 3/30
2024-10-14 00:03:24,945 - INFO - ----------
2024-10-14 00:04:22,045 - INFO - train Loss: 1.3917 Acc: 0.4392
2024-10-14 00:04:36,038 - INFO - val Loss: 1.3499 Acc: 0.4868
2024-10-14 00:04:36,038 - INFO - Epoch 4/30
2024-10-14 00:04:36,039 - INFO - ----------
2024-10-14 00:05:34,227 - INFO - train Loss: 1.3477 Acc: 0.4654
2024-10-14 00:06:14,062 - INFO - val Loss: 1.3106 Acc: 0.4836
2024-10-14 00:06:14,062 - INFO - Epoch 5/30
2024-10-14 00:06:14,062 - INFO - ----------
2024-10-14 00:09:50,917 - INFO - train Loss: 1.3124 Acc: 0.4770
2024-10-14 00:10:45,777 - INFO - val Loss: 1.2799 Acc: 0.5068
2024-10-14 00:10:45,778 - INFO - Epoch 6/30
2024-10-14 00:10:45,778 - INFO - ----------
2024-10-14 00:14:21,942 - INFO - train Loss: 1.2814 Acc: 0.4894
2024-10-14 00:15:15,666 - INFO - val Loss: 1.2615 Acc: 0.5029
2024-10-14 00:15:15,666 - INFO - Epoch 7/30
2024-10-14 00:15:15,666 - INFO - ----------
2024-10-14 00:18:54,719 - INFO - train Loss: 1.2559 Acc: 0.4995
2024-10-14 00:19:49,356 - INFO - val Loss: 1.2320 Acc: 0.5158
2024-10-14 00:19:49,356 - INFO - Epoch 8/30
2024-10-14 00:19:49,356 - INFO - ----------
2024-10-14 00:23:28,949 - INFO - train Loss: 1.2425 Acc: 0.5029
2024-10-14 00:24:21,438 - INFO - val Loss: 1.2170 Acc: 0.5287
2024-10-14 00:24:21,438 - INFO - Epoch 9/30
2024-10-14 00:24:21,438 - INFO - ----------
2024-10-14 00:27:56,115 - INFO - train Loss: 1.2277 Acc: 0.5130
2024-10-14 00:28:50,183 - INFO - val Loss: 1.2043 Acc: 0.5222
2024-10-14 00:28:50,183 - INFO - Epoch 10/30
2024-10-14 00:28:50,183 - INFO - ----------
2024-10-14 00:32:25,961 - INFO - train Loss: 1.2112 Acc: 0.5227
2024-10-14 00:33:19,601 - INFO - val Loss: 1.1906 Acc: 0.5338
2024-10-14 00:33:19,601 - INFO - Epoch 11/30
2024-10-14 00:33:19,601 - INFO - ----------
2024-10-14 00:36:55,142 - INFO - train Loss: 1.2061 Acc: 0.5190
2024-10-14 00:37:48,951 - INFO - val Loss: 1.1801 Acc: 0.5261
2024-10-14 00:37:48,951 - INFO - Epoch 12/30
2024-10-14 00:37:48,951 - INFO - ----------
2024-10-14 00:41:27,105 - INFO - train Loss: 1.2041 Acc: 0.5180
2024-10-14 00:42:20,554 - INFO - val Loss: 1.1673 Acc: 0.5435
2024-10-14 00:42:20,554 - INFO - Epoch 13/30
2024-10-14 00:42:20,554 - INFO - ----------
2024-10-14 00:45:57,620 - INFO - train Loss: 1.1838 Acc: 0.5259
2024-10-14 00:46:49,973 - INFO - val Loss: 1.1666 Acc: 0.5499
2024-10-14 00:46:49,973 - INFO - Epoch 14/30
2024-10-14 00:46:49,973 - INFO - ----------
2024-10-14 00:50:29,299 - INFO - train Loss: 1.1823 Acc: 0.5259
2024-10-14 00:51:22,417 - INFO - val Loss: 1.1632 Acc: 0.5344
2024-10-14 00:51:22,417 - INFO - Epoch 15/30
2024-10-14 00:51:22,417 - INFO - ----------
2024-10-14 00:55:00,236 - INFO - train Loss: 1.1822 Acc: 0.5314
2024-10-14 00:55:53,535 - INFO - val Loss: 1.1561 Acc: 0.5551
2024-10-14 00:55:53,536 - INFO - Epoch 16/30
2024-10-14 00:55:53,536 - INFO - ----------
2024-10-14 00:59:28,382 - INFO - train Loss: 1.1742 Acc: 0.5367
2024-10-14 01:00:21,650 - INFO - val Loss: 1.1445 Acc: 0.5531
2024-10-14 01:00:21,650 - INFO - Epoch 17/30
2024-10-14 01:00:21,650 - INFO - ----------
2024-10-14 01:04:02,128 - INFO - train Loss: 1.1667 Acc: 0.5399
2024-10-14 01:04:55,071 - INFO - val Loss: 1.1454 Acc: 0.5486
2024-10-14 01:04:55,072 - INFO - Epoch 18/30
2024-10-14 01:04:55,072 - INFO - ----------
2024-10-14 01:08:33,049 - INFO - train Loss: 1.1662 Acc: 0.5332
2024-10-14 01:09:26,340 - INFO - val Loss: 1.1470 Acc: 0.5428
2024-10-14 01:09:26,340 - INFO - Epoch 19/30
2024-10-14 01:09:26,340 - INFO - ----------
2024-10-14 01:13:05,013 - INFO - train Loss: 1.1562 Acc: 0.5443
2024-10-14 01:13:59,190 - INFO - val Loss: 1.1386 Acc: 0.5544
2024-10-14 01:13:59,190 - INFO - Epoch 20/30
2024-10-14 01:13:59,190 - INFO - ----------
2024-10-14 01:17:35,410 - INFO - train Loss: 1.1497 Acc: 0.5468
2024-10-14 01:18:30,029 - INFO - val Loss: 1.1268 Acc: 0.5486
2024-10-14 01:18:30,029 - INFO - Epoch 21/30
2024-10-14 01:18:30,029 - INFO - ----------
2024-10-14 01:22:08,381 - INFO - train Loss: 1.1505 Acc: 0.5375
2024-10-14 01:23:02,894 - INFO - val Loss: 1.1292 Acc: 0.5390
2024-10-14 01:23:02,894 - INFO - Epoch 22/30
2024-10-14 01:23:02,895 - INFO - ----------
2024-10-14 01:26:39,145 - INFO - train Loss: 1.1318 Acc: 0.5502
2024-10-14 01:27:33,366 - INFO - val Loss: 1.1186 Acc: 0.5583
2024-10-14 01:27:33,366 - INFO - Epoch 23/30
2024-10-14 01:27:33,366 - INFO - ----------
2024-10-14 01:31:12,064 - INFO - train Loss: 1.1397 Acc: 0.5496
2024-10-14 01:32:03,974 - INFO - val Loss: 1.1223 Acc: 0.5525
2024-10-14 01:32:03,974 - INFO - Epoch 24/30
2024-10-14 01:32:03,974 - INFO - ----------
2024-10-14 01:35:39,007 - INFO - train Loss: 1.1348 Acc: 0.5449
2024-10-14 01:36:33,622 - INFO - val Loss: 1.1179 Acc: 0.5480
2024-10-14 01:36:33,623 - INFO - Epoch 25/30
2024-10-14 01:36:33,623 - INFO - ----------
2024-10-14 01:40:10,038 - INFO - train Loss: 1.1327 Acc: 0.5522
2024-10-14 01:41:04,410 - INFO - val Loss: 1.1136 Acc: 0.5486
2024-10-14 01:41:04,410 - INFO - Epoch 26/30
2024-10-14 01:41:04,410 - INFO - ----------
2024-10-14 01:44:42,228 - INFO - train Loss: 1.1445 Acc: 0.5467
2024-10-14 01:45:34,996 - INFO - val Loss: 1.1069 Acc: 0.5512
2024-10-14 01:45:34,996 - INFO - Epoch 27/30
2024-10-14 01:45:34,996 - INFO - ----------
2024-10-14 01:49:08,931 - INFO - train Loss: 1.1255 Acc: 0.5520
2024-10-14 01:50:03,191 - INFO - val Loss: 1.0957 Acc: 0.5608
2024-10-14 01:50:03,191 - INFO - Epoch 28/30
2024-10-14 01:50:03,191 - INFO - ----------
2024-10-14 01:53:40,258 - INFO - train Loss: 1.1221 Acc: 0.5554
2024-10-14 01:54:33,537 - INFO - val Loss: 1.1060 Acc: 0.5563
2024-10-14 01:54:33,537 - INFO - Epoch 29/30
2024-10-14 01:54:33,537 - INFO - ----------
2024-10-14 01:58:13,337 - INFO - train Loss: 1.1274 Acc: 0.5599
2024-10-14 01:59:05,855 - INFO - val Loss: 1.1163 Acc: 0.5435
2024-10-14 01:59:05,855 - INFO - Epoch 30/30
2024-10-14 01:59:05,855 - INFO - ----------
2024-10-14 02:02:42,890 - INFO - train Loss: 1.1222 Acc: 0.5586
2024-10-14 02:03:38,425 - INFO - val Loss: 1.1120 Acc: 0.5473
2024-10-14 02:03:38,425 - INFO - Training complete!
2024-10-14 02:03:38,540 - INFO - Model saved to /home/samic_yongjian/temp/SC4000_Machine_Learning/output/inception/20241013_235947/trained_model.pth
2024-10-14 02:03:38,792 - INFO - Training curves saved at /home/samic_yongjian/temp/SC4000_Machine_Learning/output/inception/20241013_235947/training_curves.png
2024-10-14 02:04:33,362 - INFO - Confusion matrix saved at /home/samic_yongjian/temp/SC4000_Machine_Learning/output/inception/20241013_235947/confusion_matrix.png
