2024-11-02 19:19:41,355 - INFO - Loading pretrained weights from Hugging Face hub (timm/tf_efficientnet_b4.ns_jft_in1k)
2024-11-02 19:19:41,597 - INFO - [timm/tf_efficientnet_b4.ns_jft_in1k] Safe alternative available for 'pytorch_model.bin' (as 'model.safetensors'). Loading weights using safetensors.
2024-11-02 19:19:41,920 - INFO - Start of training.
2024-11-02 19:19:41,920 - INFO - Epoch 1/2
2024-11-02 19:19:41,920 - INFO - ----------
2024-11-02 19:24:44,219 - INFO - train Loss: 1.3162 Acc: 0.4586
2024-11-02 19:26:09,784 - INFO - New best model found at epoch 1 with validation loss 1.2487
2024-11-02 19:26:09,784 - INFO - Best model saved at /home/samic_yongjian/temp/SC4000_Machine_Learning/output/efficientnetb4/20241102_185629/best_model.pth
2024-11-02 19:26:09,784 - INFO - val Loss: 1.2487 Acc: 0.4901
2024-11-02 19:26:09,784 - INFO - Epoch complete!
2024-11-02 19:26:09,784 - INFO - Epoch 2/2
2024-11-02 19:26:09,784 - INFO - ----------
2024-11-02 19:30:24,978 - INFO - train Loss: 1.2313 Acc: 0.5000
2024-11-02 19:31:41,284 - INFO - New best model found at epoch 2 with validation loss 1.2380
2024-11-02 19:31:41,285 - INFO - Best model saved at /home/samic_yongjian/temp/SC4000_Machine_Learning/output/efficientnetb4/20241102_185629/best_model.pth
2024-11-02 19:31:41,285 - INFO - val Loss: 1.2380 Acc: 0.4929
2024-11-02 19:31:41,285 - INFO - Epoch complete!
2024-11-02 19:31:41,374 - INFO - Model saved to /home/samic_yongjian/temp/SC4000_Machine_Learning/output/efficientnetb4/20241102_185629/last.pth
2024-11-02 19:31:41,439 - INFO - Best validation probabilities saved at /home/samic_yongjian/temp/SC4000_Machine_Learning/output/efficientnetb4/20241102_185629/best_validation_probabilities.csv
2024-11-02 19:31:42,688 - INFO - Training curves saved at /home/samic_yongjian/temp/SC4000_Machine_Learning/output/efficientnetb4/20241102_185629/training_curves.png
2024-11-02 19:32:55,976 - INFO - Log Loss: 1.6945
2024-11-02 19:32:55,976 - INFO - Accuracy: 0.2497
2024-11-02 19:32:55,976 - INFO - Precision: 0.2822
2024-11-02 19:32:55,976 - INFO - Recall: 0.2497
2024-11-02 19:32:55,976 - INFO - F1 Score: 0.2068
2024-11-02 19:32:55,976 - INFO - F2 Score: 0.2250
2024-11-02 19:32:56,273 - INFO - Confusion matrix saved at /home/samic_yongjian/temp/SC4000_Machine_Learning/output/efficientnetb4/20241102_185629/test_confusion_matrix.png
