2024-11-02 22:42:45,524 - INFO - Loading pretrained weights from Hugging Face hub (timm/resnext50_32x4d.a1h_in1k)
2024-11-02 22:42:45,790 - INFO - [timm/resnext50_32x4d.a1h_in1k] Safe alternative available for 'pytorch_model.bin' (as 'model.safetensors'). Loading weights using safetensors.
2024-11-02 22:42:46,019 - INFO - Start of training.
2024-11-02 22:42:46,019 - INFO - Epoch 1/30
2024-11-02 22:42:46,019 - INFO - ----------
2024-11-02 22:46:27,279 - INFO - train Loss: 1.2643 Acc: 0.4762
2024-11-02 22:47:26,683 - INFO - New best model found at epoch 1 with validation loss 1.0199
2024-11-02 22:47:26,683 - INFO - Best model saved at /home/samic_yongjian/temp/SC4000_Machine_Learning/output/resnext/20241102_224035/best_model.pth
2024-11-02 22:47:26,683 - INFO - val Loss: 1.0199 Acc: 0.5980
2024-11-02 22:47:26,683 - INFO - Epoch complete!
2024-11-02 22:47:26,683 - INFO - Epoch 2/30
2024-11-02 22:47:26,683 - INFO - ----------
2024-11-02 22:51:05,951 - INFO - train Loss: 0.9004 Acc: 0.6512
2024-11-02 22:55:48,033 - INFO - New best model found at epoch 2 with validation loss 0.8450
2024-11-02 22:55:48,033 - INFO - Best model saved at /home/samic_yongjian/temp/SC4000_Machine_Learning/output/resnext/20241102_224035/best_model.pth
2024-11-02 22:55:48,033 - INFO - val Loss: 0.8450 Acc: 0.6759
2024-11-02 22:55:48,033 - INFO - Epoch complete!
2024-11-02 22:55:48,033 - INFO - Epoch 3/30
2024-11-02 22:55:48,033 - INFO - ----------
2024-11-02 23:54:47,708 - INFO - train Loss: 0.7245 Acc: 0.7272
2024-11-03 00:02:49,926 - INFO - New best model found at epoch 3 with validation loss 0.7557
2024-11-03 00:02:49,926 - INFO - Best model saved at /home/samic_yongjian/temp/SC4000_Machine_Learning/output/resnext/20241102_224035/best_model.pth
2024-11-03 00:02:49,927 - INFO - val Loss: 0.7557 Acc: 0.7161
2024-11-03 00:02:49,927 - INFO - Epoch complete!
2024-11-03 00:02:49,927 - INFO - Epoch 4/30
2024-11-03 00:02:49,927 - INFO - ----------
2024-11-03 00:27:35,833 - INFO - train Loss: 0.5865 Acc: 0.7840
2024-11-03 00:35:23,837 - INFO - New best model found at epoch 4 with validation loss 0.6808
2024-11-03 00:35:23,837 - INFO - Best model saved at /home/samic_yongjian/temp/SC4000_Machine_Learning/output/resnext/20241102_224035/best_model.pth
2024-11-03 00:35:23,838 - INFO - val Loss: 0.6808 Acc: 0.7510
2024-11-03 00:35:23,838 - INFO - Epoch complete!
2024-11-03 00:35:23,838 - INFO - Epoch 5/30
2024-11-03 00:35:23,838 - INFO - ----------
2024-11-03 00:59:24,236 - INFO - train Loss: 0.4629 Acc: 0.8324
2024-11-03 01:07:13,535 - INFO - New best model found at epoch 5 with validation loss 0.6307
2024-11-03 01:07:13,535 - INFO - Best model saved at /home/samic_yongjian/temp/SC4000_Machine_Learning/output/resnext/20241102_224035/best_model.pth
2024-11-03 01:07:13,535 - INFO - val Loss: 0.6307 Acc: 0.7720
2024-11-03 01:07:13,535 - INFO - Epoch complete!
2024-11-03 01:07:13,536 - INFO - Epoch 6/30
2024-11-03 01:07:13,536 - INFO - ----------
2024-11-03 01:30:00,556 - INFO - train Loss: 0.3536 Acc: 0.8764
2024-11-03 01:37:40,443 - INFO - New best model found at epoch 6 with validation loss 0.6121
2024-11-03 01:37:40,443 - INFO - Best model saved at /home/samic_yongjian/temp/SC4000_Machine_Learning/output/resnext/20241102_224035/best_model.pth
2024-11-03 01:37:40,443 - INFO - val Loss: 0.6121 Acc: 0.7834
2024-11-03 01:37:40,443 - INFO - Epoch complete!
2024-11-03 01:37:40,443 - INFO - Epoch 7/30
2024-11-03 01:37:40,443 - INFO - ----------
2024-11-03 02:01:39,582 - INFO - train Loss: 0.2761 Acc: 0.9066
2024-11-03 02:09:30,662 - INFO - New best model found at epoch 7 with validation loss 0.5613
2024-11-03 02:09:30,662 - INFO - Best model saved at /home/samic_yongjian/temp/SC4000_Machine_Learning/output/resnext/20241102_224035/best_model.pth
2024-11-03 02:09:30,662 - INFO - val Loss: 0.5613 Acc: 0.8085
2024-11-03 02:09:30,662 - INFO - Epoch complete!
2024-11-03 02:09:30,662 - INFO - Epoch 8/30
2024-11-03 02:09:30,662 - INFO - ----------
2024-11-03 02:33:30,609 - INFO - train Loss: 0.2201 Acc: 0.9257
2024-11-03 02:41:11,998 - INFO - New best model found at epoch 8 with validation loss 0.5388
2024-11-03 02:41:11,998 - INFO - Best model saved at /home/samic_yongjian/temp/SC4000_Machine_Learning/output/resnext/20241102_224035/best_model.pth
2024-11-03 02:41:11,998 - INFO - val Loss: 0.5388 Acc: 0.8191
2024-11-03 02:41:11,998 - INFO - Epoch complete!
2024-11-03 02:41:11,998 - INFO - Epoch 9/30
2024-11-03 02:41:11,998 - INFO - ----------
2024-11-03 03:05:13,725 - INFO - train Loss: 0.1710 Acc: 0.9427
2024-11-03 03:12:49,114 - INFO - val Loss: 0.5503 Acc: 0.8255
2024-11-03 03:12:49,114 - INFO - Epoch complete!
2024-11-03 03:12:49,114 - INFO - Epoch 10/30
2024-11-03 03:12:49,114 - INFO - ----------
2024-11-03 03:36:58,007 - INFO - train Loss: 0.1381 Acc: 0.9540
2024-11-03 03:44:46,932 - INFO - New best model found at epoch 10 with validation loss 0.5276
2024-11-03 03:44:46,932 - INFO - Best model saved at /home/samic_yongjian/temp/SC4000_Machine_Learning/output/resnext/20241102_224035/best_model.pth
2024-11-03 03:44:46,932 - INFO - val Loss: 0.5276 Acc: 0.8381
2024-11-03 03:44:46,932 - INFO - Epoch complete!
2024-11-03 03:44:46,932 - INFO - Epoch 11/30
2024-11-03 03:44:46,932 - INFO - ----------
2024-11-03 04:08:51,785 - INFO - train Loss: 0.1110 Acc: 0.9630
2024-11-03 04:16:28,489 - INFO - val Loss: 0.5294 Acc: 0.8411
2024-11-03 04:16:28,489 - INFO - Epoch complete!
2024-11-03 04:16:28,489 - INFO - Epoch 12/30
2024-11-03 04:16:28,489 - INFO - ----------
2024-11-03 04:40:27,848 - INFO - train Loss: 0.0913 Acc: 0.9705
2024-11-03 04:48:04,936 - INFO - New best model found at epoch 12 with validation loss 0.5206
2024-11-03 04:48:04,936 - INFO - Best model saved at /home/samic_yongjian/temp/SC4000_Machine_Learning/output/resnext/20241102_224035/best_model.pth
2024-11-03 04:48:04,936 - INFO - val Loss: 0.5206 Acc: 0.8480
2024-11-03 04:48:04,936 - INFO - Epoch complete!
2024-11-03 04:48:04,936 - INFO - Epoch 13/30
2024-11-03 04:48:04,936 - INFO - ----------
2024-11-03 05:12:08,400 - INFO - train Loss: 0.0821 Acc: 0.9731
2024-11-03 05:19:53,405 - INFO - val Loss: 0.5277 Acc: 0.8504
2024-11-03 05:19:53,405 - INFO - Epoch complete!
2024-11-03 05:19:53,405 - INFO - Epoch 14/30
2024-11-03 05:19:53,405 - INFO - ----------
2024-11-03 05:43:21,556 - INFO - train Loss: 0.0755 Acc: 0.9750
2024-11-03 05:51:14,876 - INFO - New best model found at epoch 14 with validation loss 0.5016
2024-11-03 05:51:14,876 - INFO - Best model saved at /home/samic_yongjian/temp/SC4000_Machine_Learning/output/resnext/20241102_224035/best_model.pth
2024-11-03 05:51:14,876 - INFO - val Loss: 0.5016 Acc: 0.8590
2024-11-03 05:51:14,876 - INFO - Epoch complete!
2024-11-03 05:51:14,876 - INFO - Epoch 15/30
2024-11-03 05:51:14,876 - INFO - ----------
2024-11-03 06:15:05,860 - INFO - train Loss: 0.0625 Acc: 0.9796
2024-11-03 06:22:56,552 - INFO - val Loss: 0.5181 Acc: 0.8578
2024-11-03 06:22:56,552 - INFO - Epoch complete!
2024-11-03 06:22:56,552 - INFO - Epoch 16/30
2024-11-03 06:22:56,552 - INFO - ----------
2024-11-03 06:46:43,531 - INFO - train Loss: 0.0586 Acc: 0.9802
2024-11-03 06:54:27,817 - INFO - val Loss: 0.5180 Acc: 0.8601
2024-11-03 06:54:27,817 - INFO - Epoch complete!
2024-11-03 06:54:27,817 - INFO - Epoch 17/30
2024-11-03 06:54:27,817 - INFO - ----------
2024-11-03 07:18:09,435 - INFO - train Loss: 0.0521 Acc: 0.9832
2024-11-03 07:26:01,823 - INFO - val Loss: 0.5067 Acc: 0.8648
2024-11-03 07:26:01,823 - INFO - Epoch complete!
2024-11-03 07:26:01,823 - INFO - Epoch 18/30
2024-11-03 07:26:01,823 - INFO - ----------
2024-11-03 07:49:43,722 - INFO - train Loss: 0.0496 Acc: 0.9834
2024-11-03 07:57:48,765 - INFO - val Loss: 0.5125 Acc: 0.8674
2024-11-03 07:57:48,765 - INFO - Epoch complete!
2024-11-03 07:57:48,765 - INFO - Epoch 19/30
2024-11-03 07:57:48,765 - INFO - ----------
2024-11-03 08:21:23,092 - INFO - train Loss: 0.0480 Acc: 0.9836
2024-11-03 08:28:54,239 - INFO - val Loss: 0.5024 Acc: 0.8714
2024-11-03 08:28:54,239 - INFO - Epoch complete!
2024-11-03 08:28:54,239 - INFO - Epoch 20/30
2024-11-03 08:28:54,239 - INFO - ----------
2024-11-03 08:52:40,083 - INFO - train Loss: 0.0436 Acc: 0.9852
2024-11-03 09:00:25,701 - INFO - val Loss: 0.5557 Acc: 0.8649
2024-11-03 09:00:25,701 - INFO - Epoch complete!
2024-11-03 09:00:25,701 - INFO - Epoch 21/30
2024-11-03 09:00:25,701 - INFO - ----------
2024-11-03 09:24:18,050 - INFO - train Loss: 0.0264 Acc: 0.9915
2024-11-03 09:31:59,272 - INFO - New best model found at epoch 21 with validation loss 0.4662
2024-11-03 09:31:59,272 - INFO - Best model saved at /home/samic_yongjian/temp/SC4000_Machine_Learning/output/resnext/20241102_224035/best_model.pth
2024-11-03 09:31:59,272 - INFO - val Loss: 0.4662 Acc: 0.8825
2024-11-03 09:31:59,272 - INFO - Epoch complete!
2024-11-03 09:31:59,272 - INFO - Epoch 22/30
2024-11-03 09:31:59,272 - INFO - ----------
2024-11-03 09:55:50,597 - INFO - train Loss: 0.0210 Acc: 0.9936
2024-11-03 10:03:12,999 - INFO - New best model found at epoch 22 with validation loss 0.4635
2024-11-03 10:03:13,000 - INFO - Best model saved at /home/samic_yongjian/temp/SC4000_Machine_Learning/output/resnext/20241102_224035/best_model.pth
2024-11-03 10:03:13,000 - INFO - val Loss: 0.4635 Acc: 0.8845
2024-11-03 10:03:13,000 - INFO - Epoch complete!
2024-11-03 10:03:13,000 - INFO - Epoch 23/30
2024-11-03 10:03:13,000 - INFO - ----------
2024-11-03 10:26:29,026 - INFO - train Loss: 0.0159 Acc: 0.9956
2024-11-03 10:33:59,076 - INFO - New best model found at epoch 23 with validation loss 0.4505
2024-11-03 10:33:59,076 - INFO - Best model saved at /home/samic_yongjian/temp/SC4000_Machine_Learning/output/resnext/20241102_224035/best_model.pth
2024-11-03 10:33:59,076 - INFO - val Loss: 0.4505 Acc: 0.8885
2024-11-03 10:33:59,076 - INFO - Epoch complete!
2024-11-03 10:33:59,076 - INFO - Epoch 24/30
2024-11-03 10:33:59,076 - INFO - ----------
2024-11-03 10:58:29,893 - INFO - train Loss: 0.0137 Acc: 0.9957
2024-11-03 11:05:42,608 - INFO - val Loss: 0.4543 Acc: 0.8906
2024-11-03 11:05:42,612 - INFO - Epoch complete!
2024-11-03 11:05:42,612 - INFO - Epoch 25/30
2024-11-03 11:05:42,612 - INFO - ----------
2024-11-03 11:29:25,140 - INFO - train Loss: 0.0112 Acc: 0.9970
2024-11-03 11:36:54,319 - INFO - New best model found at epoch 25 with validation loss 0.4497
2024-11-03 11:36:54,319 - INFO - Best model saved at /home/samic_yongjian/temp/SC4000_Machine_Learning/output/resnext/20241102_224035/best_model.pth
2024-11-03 11:36:54,319 - INFO - val Loss: 0.4497 Acc: 0.8904
2024-11-03 11:36:54,319 - INFO - Epoch complete!
2024-11-03 11:36:54,319 - INFO - Epoch 26/30
2024-11-03 11:36:54,319 - INFO - ----------
2024-11-03 12:00:32,009 - INFO - train Loss: 0.0104 Acc: 0.9969
2024-11-03 12:07:49,788 - INFO - New best model found at epoch 26 with validation loss 0.4467
2024-11-03 12:07:49,788 - INFO - Best model saved at /home/samic_yongjian/temp/SC4000_Machine_Learning/output/resnext/20241102_224035/best_model.pth
2024-11-03 12:07:49,788 - INFO - val Loss: 0.4467 Acc: 0.8930
2024-11-03 12:07:49,789 - INFO - Epoch complete!
2024-11-03 12:07:49,789 - INFO - Epoch 27/30
2024-11-03 12:07:49,789 - INFO - ----------
2024-11-03 12:30:47,197 - INFO - train Loss: 0.0083 Acc: 0.9977
2024-11-03 12:38:19,479 - INFO - val Loss: 0.4591 Acc: 0.8918
2024-11-03 12:38:19,480 - INFO - Epoch complete!
2024-11-03 12:38:19,480 - INFO - Epoch 28/30
2024-11-03 12:38:19,480 - INFO - ----------
2024-11-03 13:01:38,043 - INFO - train Loss: 0.0090 Acc: 0.9978
2024-11-03 13:09:35,478 - INFO - val Loss: 0.4604 Acc: 0.8925
2024-11-03 13:09:35,478 - INFO - Epoch complete!
2024-11-03 13:09:35,478 - INFO - Epoch 29/30
2024-11-03 13:09:35,478 - INFO - ----------
2024-11-03 13:33:13,103 - INFO - train Loss: 0.0073 Acc: 0.9982
2024-11-03 13:40:53,191 - INFO - val Loss: 0.4562 Acc: 0.8934
2024-11-03 13:40:53,191 - INFO - Epoch complete!
2024-11-03 13:40:53,191 - INFO - Epoch 30/30
2024-11-03 13:40:53,191 - INFO - ----------
2024-11-03 14:04:36,012 - INFO - train Loss: 0.0068 Acc: 0.9980
2024-11-03 14:12:26,512 - INFO - val Loss: 0.4533 Acc: 0.8957
2024-11-03 14:12:26,512 - INFO - Epoch complete!
2024-11-03 14:12:26,623 - INFO - Model saved to /home/samic_yongjian/temp/SC4000_Machine_Learning/output/resnext/20241102_224035/last.pth
2024-11-03 14:12:26,715 - INFO - Best validation probabilities saved at /home/samic_yongjian/temp/SC4000_Machine_Learning/output/resnext/20241102_224035/best_validation_probabilities.csv
2024-11-03 14:12:26,854 - INFO - Training curves saved at /home/samic_yongjian/temp/SC4000_Machine_Learning/output/resnext/20241102_224035/training_curves.png
2024-11-03 14:20:07,063 - INFO - Log Loss: 0.4511
2024-11-03 14:20:07,064 - INFO - Accuracy: 0.8953
2024-11-03 14:20:07,064 - INFO - Precision: 0.8952
2024-11-03 14:20:07,064 - INFO - Recall: 0.8953
2024-11-03 14:20:07,064 - INFO - F1 Score: 0.8951
2024-11-03 14:20:07,064 - INFO - F2 Score: 0.8952
2024-11-03 14:20:07,161 - INFO - Confusion matrix saved at /home/samic_yongjian/temp/SC4000_Machine_Learning/output/resnext/20241102_224035/test_confusion_matrix.png
