2024-10-13 00:38:50,379 - INFO - Loading pretrained weights from Hugging Face hub (timm/tf_efficientnet_b4.ns_jft_in1k)
2024-10-13 00:38:50,645 - INFO - [timm/tf_efficientnet_b4.ns_jft_in1k] Safe alternative available for 'pytorch_model.bin' (as 'model.safetensors'). Loading weights using safetensors.
2024-10-13 00:38:50,935 - INFO - Start of training.
2024-10-13 00:38:50,935 - INFO - Epoch 1/50
2024-10-13 00:43:49,257 - INFO - train Loss: 1.0768 Acc: 0.6183
2024-10-13 00:45:03,284 - INFO - val Loss: 0.9826 Acc: 0.6474
2024-10-13 00:45:03,284 - INFO - Epoch 2/50
2024-10-13 00:50:01,992 - INFO - train Loss: 0.9488 Acc: 0.6545
2024-10-13 00:51:16,251 - INFO - val Loss: 0.9523 Acc: 0.6579
2024-10-13 00:51:16,251 - INFO - Epoch 3/50
2024-10-13 00:56:15,362 - INFO - train Loss: 0.9196 Acc: 0.6620
2024-10-13 00:57:29,141 - INFO - val Loss: 0.9568 Acc: 0.6539
2024-10-13 00:57:29,141 - INFO - Epoch 4/50
2024-10-13 01:02:28,148 - INFO - train Loss: 0.9059 Acc: 0.6696
2024-10-13 01:03:41,738 - INFO - val Loss: 0.9372 Acc: 0.6539
2024-10-13 01:03:41,738 - INFO - Epoch 5/50
2024-10-13 01:08:40,098 - INFO - train Loss: 0.8997 Acc: 0.6706
2024-10-13 01:09:53,826 - INFO - val Loss: 0.9403 Acc: 0.6601
2024-10-13 01:09:53,826 - INFO - Epoch 6/50
2024-10-13 01:14:52,739 - INFO - train Loss: 0.8905 Acc: 0.6767
2024-10-13 01:16:06,697 - INFO - val Loss: 0.9235 Acc: 0.6651
2024-10-13 01:16:06,697 - INFO - Epoch 7/50
2024-10-13 01:21:06,320 - INFO - train Loss: 0.8820 Acc: 0.6775
2024-10-13 01:22:20,462 - INFO - val Loss: 0.9322 Acc: 0.6596
2024-10-13 01:22:20,462 - INFO - Epoch 8/50
2024-10-13 01:27:19,500 - INFO - train Loss: 0.8799 Acc: 0.6751
2024-10-13 01:28:33,213 - INFO - val Loss: 0.9325 Acc: 0.6622
2024-10-13 01:28:33,213 - INFO - Epoch 9/50
2024-10-13 01:33:32,805 - INFO - train Loss: 0.8747 Acc: 0.6766
2024-10-13 01:34:46,508 - INFO - val Loss: 0.9158 Acc: 0.6583
2024-10-13 01:34:46,508 - INFO - Epoch 10/50
2024-10-13 01:39:45,580 - INFO - train Loss: 0.8721 Acc: 0.6802
2024-10-13 01:41:00,373 - INFO - val Loss: 0.9247 Acc: 0.6590
2024-10-13 01:41:00,374 - INFO - Epoch 11/50
2024-10-13 01:45:59,193 - INFO - train Loss: 0.8709 Acc: 0.6790
2024-10-13 01:47:13,121 - INFO - val Loss: 0.9232 Acc: 0.6624
2024-10-13 01:47:13,121 - INFO - Epoch 12/50
2024-10-13 01:52:12,131 - INFO - train Loss: 0.8648 Acc: 0.6821
2024-10-13 01:53:26,057 - INFO - val Loss: 0.9207 Acc: 0.6627
2024-10-13 01:53:26,057 - INFO - Epoch 13/50
2024-10-13 01:58:24,780 - INFO - train Loss: 0.8644 Acc: 0.6839
2024-10-13 01:59:38,549 - INFO - val Loss: 0.9183 Acc: 0.6659
2024-10-13 01:59:38,549 - INFO - Epoch 14/50
2024-10-13 02:04:37,812 - INFO - train Loss: 0.8549 Acc: 0.6851
2024-10-13 02:05:50,783 - INFO - val Loss: 0.9278 Acc: 0.6596
2024-10-13 02:05:50,783 - INFO - Epoch 15/50
2024-10-13 02:10:49,107 - INFO - train Loss: 0.8520 Acc: 0.6832
2024-10-13 02:12:03,253 - INFO - val Loss: 0.9106 Acc: 0.6701
2024-10-13 02:12:03,253 - INFO - Epoch 16/50
2024-10-13 02:17:02,009 - INFO - train Loss: 0.8508 Acc: 0.6876
2024-10-13 02:18:15,767 - INFO - val Loss: 0.9088 Acc: 0.6655
2024-10-13 02:18:15,767 - INFO - Epoch 17/50
2024-10-13 02:23:14,157 - INFO - train Loss: 0.8472 Acc: 0.6882
2024-10-13 02:24:27,742 - INFO - val Loss: 0.9186 Acc: 0.6612
2024-10-13 02:24:27,743 - INFO - Epoch 18/50
2024-10-13 02:29:25,803 - INFO - train Loss: 0.8483 Acc: 0.6882
2024-10-13 02:30:39,505 - INFO - val Loss: 0.9253 Acc: 0.6662
2024-10-13 02:30:39,505 - INFO - Epoch 19/50
2024-10-13 02:35:38,349 - INFO - train Loss: 0.8479 Acc: 0.6883
2024-10-13 02:36:53,279 - INFO - val Loss: 0.9017 Acc: 0.6648
2024-10-13 02:36:53,279 - INFO - Epoch 20/50
2024-10-13 02:41:52,141 - INFO - train Loss: 0.8510 Acc: 0.6880
2024-10-13 02:43:05,957 - INFO - val Loss: 0.9210 Acc: 0.6679
2024-10-13 02:43:05,957 - INFO - Epoch 21/50
2024-10-13 02:48:05,960 - INFO - train Loss: 0.8428 Acc: 0.6918
2024-10-13 02:49:20,392 - INFO - val Loss: 0.9048 Acc: 0.6672
2024-10-13 02:49:20,392 - INFO - Epoch 22/50
2024-10-13 02:54:19,315 - INFO - train Loss: 0.8426 Acc: 0.6908
2024-10-13 02:55:32,924 - INFO - val Loss: 0.9141 Acc: 0.6681
2024-10-13 02:55:32,924 - INFO - Epoch 23/50
2024-10-13 03:00:31,471 - INFO - train Loss: 0.8393 Acc: 0.6931
2024-10-13 03:01:45,356 - INFO - val Loss: 0.9197 Acc: 0.6631
2024-10-13 03:01:45,357 - INFO - Epoch 24/50
2024-10-13 03:06:44,475 - INFO - train Loss: 0.8355 Acc: 0.6929
2024-10-13 03:07:58,204 - INFO - val Loss: 0.9097 Acc: 0.6673
2024-10-13 03:07:58,204 - INFO - Epoch 25/50
2024-10-13 03:12:56,747 - INFO - train Loss: 0.8396 Acc: 0.6918
2024-10-13 03:14:10,429 - INFO - val Loss: 0.9211 Acc: 0.6651
2024-10-13 03:14:10,429 - INFO - Epoch 26/50
2024-10-13 03:19:09,683 - INFO - train Loss: 0.8317 Acc: 0.6937
2024-10-13 03:20:23,136 - INFO - val Loss: 0.9131 Acc: 0.6688
2024-10-13 03:20:23,137 - INFO - Epoch 27/50
2024-10-13 03:25:22,494 - INFO - train Loss: 0.8370 Acc: 0.6909
2024-10-13 03:26:36,017 - INFO - val Loss: 0.9167 Acc: 0.6668
2024-10-13 03:26:36,017 - INFO - Epoch 28/50
2024-10-13 03:31:34,800 - INFO - train Loss: 0.8349 Acc: 0.6906
2024-10-13 03:32:49,573 - INFO - val Loss: 0.9123 Acc: 0.6657
2024-10-13 03:32:49,573 - INFO - Epoch 29/50
2024-10-13 03:37:48,535 - INFO - train Loss: 0.8359 Acc: 0.6900
2024-10-13 03:39:01,954 - INFO - val Loss: 0.9176 Acc: 0.6701
2024-10-13 03:39:01,955 - INFO - Epoch 30/50
2024-10-13 03:44:01,190 - INFO - train Loss: 0.8334 Acc: 0.6935
2024-10-13 03:45:14,961 - INFO - val Loss: 0.9152 Acc: 0.6607
2024-10-13 03:45:14,961 - INFO - Epoch 31/50
2024-10-13 03:50:13,190 - INFO - train Loss: 0.8363 Acc: 0.6921
2024-10-13 03:51:27,007 - INFO - val Loss: 0.9169 Acc: 0.6625
2024-10-13 03:51:27,007 - INFO - Epoch 32/50
2024-10-13 03:56:25,911 - INFO - train Loss: 0.8298 Acc: 0.6968
2024-10-13 03:57:39,696 - INFO - val Loss: 0.9234 Acc: 0.6598
2024-10-13 03:57:39,696 - INFO - Epoch 33/50
2024-10-13 04:02:38,746 - INFO - train Loss: 0.8317 Acc: 0.6945
2024-10-13 04:03:54,211 - INFO - val Loss: 0.9116 Acc: 0.6635
2024-10-13 04:03:54,211 - INFO - Epoch 34/50
2024-10-13 04:08:51,983 - INFO - train Loss: 0.8275 Acc: 0.6957
2024-10-13 04:10:06,173 - INFO - val Loss: 0.9330 Acc: 0.6609
2024-10-13 04:10:06,173 - INFO - Epoch 35/50
2024-10-13 04:15:03,895 - INFO - train Loss: 0.8277 Acc: 0.6962
2024-10-13 04:16:18,548 - INFO - val Loss: 0.9149 Acc: 0.6690
2024-10-13 04:16:18,548 - INFO - Epoch 36/50
2024-10-13 04:21:17,564 - INFO - train Loss: 0.8275 Acc: 0.6997
2024-10-13 04:22:31,270 - INFO - val Loss: 0.9088 Acc: 0.6703
2024-10-13 04:22:31,270 - INFO - Epoch 37/50
2024-10-13 04:27:30,134 - INFO - train Loss: 0.8254 Acc: 0.6956
2024-10-13 04:28:43,560 - INFO - val Loss: 0.9283 Acc: 0.6570
2024-10-13 04:28:43,560 - INFO - Epoch 38/50
2024-10-13 04:33:41,082 - INFO - train Loss: 0.8327 Acc: 0.6957
2024-10-13 04:34:54,568 - INFO - val Loss: 0.9175 Acc: 0.6675
2024-10-13 04:34:54,568 - INFO - Epoch 39/50
2024-10-13 04:39:54,282 - INFO - train Loss: 0.8244 Acc: 0.6954
2024-10-13 04:41:07,754 - INFO - val Loss: 0.9158 Acc: 0.6661
2024-10-13 04:41:07,754 - INFO - Epoch 40/50
2024-10-13 04:46:07,369 - INFO - train Loss: 0.8228 Acc: 0.7002
2024-10-13 04:47:21,746 - INFO - val Loss: 0.9239 Acc: 0.6572
2024-10-13 04:47:21,746 - INFO - Epoch 41/50
2024-10-13 04:52:21,075 - INFO - train Loss: 0.8279 Acc: 0.6948
2024-10-13 04:53:35,785 - INFO - val Loss: 0.9087 Acc: 0.6649
2024-10-13 04:53:35,785 - INFO - Epoch 42/50
2024-10-13 04:58:35,147 - INFO - train Loss: 0.8280 Acc: 0.6923
2024-10-13 04:59:48,731 - INFO - val Loss: 0.9150 Acc: 0.6638
2024-10-13 04:59:48,731 - INFO - Epoch 43/50
2024-10-13 05:04:47,289 - INFO - train Loss: 0.8251 Acc: 0.6992
2024-10-13 05:06:00,823 - INFO - val Loss: 0.9296 Acc: 0.6627
2024-10-13 05:06:00,823 - INFO - Epoch 44/50
2024-10-13 05:11:01,155 - INFO - train Loss: 0.8235 Acc: 0.6981
2024-10-13 05:12:15,125 - INFO - val Loss: 0.9205 Acc: 0.6596
2024-10-13 05:12:15,125 - INFO - Epoch 45/50
2024-10-13 05:17:13,727 - INFO - train Loss: 0.8200 Acc: 0.6985
2024-10-13 05:18:27,503 - INFO - val Loss: 0.9182 Acc: 0.6631
2024-10-13 05:18:27,503 - INFO - Epoch 46/50
2024-10-13 05:23:25,349 - INFO - train Loss: 0.8237 Acc: 0.7004
2024-10-13 05:24:39,207 - INFO - val Loss: 0.9285 Acc: 0.6649
2024-10-13 05:24:39,207 - INFO - Epoch 47/50
2024-10-13 05:29:37,853 - INFO - train Loss: 0.8228 Acc: 0.6948
2024-10-13 05:30:51,593 - INFO - val Loss: 0.9232 Acc: 0.6607
2024-10-13 05:30:51,593 - INFO - Epoch 48/50
2024-10-13 05:35:50,305 - INFO - train Loss: 0.8240 Acc: 0.6969
2024-10-13 05:37:03,709 - INFO - val Loss: 0.9254 Acc: 0.6574
2024-10-13 05:37:03,709 - INFO - Epoch 49/50
2024-10-13 05:42:02,441 - INFO - train Loss: 0.8232 Acc: 0.7017
2024-10-13 05:43:16,923 - INFO - val Loss: 0.9257 Acc: 0.6624
2024-10-13 05:43:16,923 - INFO - Epoch 50/50
2024-10-13 05:47:21,576 - INFO - train Loss: 0.8234 Acc: 0.6955
2024-10-13 05:48:12,904 - INFO - val Loss: 0.9095 Acc: 0.6649
2024-10-13 05:48:12,904 - INFO - Training complete!
2024-10-13 05:48:12,990 - INFO - Model saved to /home/samic_yongjian/temp/SC4000_Machine_Learning/output/efficientnet/20241013_003415/trained_model.pth
2024-10-13 05:48:13,103 - INFO - Training curves saved at /home/samic_yongjian/temp/SC4000_Machine_Learning/output/efficientnet/20241013_003415/training_curves.png
2024-10-13 05:49:04,551 - INFO - Confusion matrix saved at /home/samic_yongjian/temp/SC4000_Machine_Learning/output/efficientnet/20241013_003415/confusion_matrix.png
