2024-10-19 18:04:32,978 - INFO - Loading pretrained weights from Hugging Face hub (timm/tf_efficientnet_b4.ns_jft_in1k)
2024-10-19 18:04:33,228 - INFO - [timm/tf_efficientnet_b4.ns_jft_in1k] Safe alternative available for 'pytorch_model.bin' (as 'model.safetensors'). Loading weights using safetensors.
2024-10-19 18:04:33,850 - INFO - Start of training.
2024-10-19 18:04:33,850 - INFO - Epoch 1/30
2024-10-19 18:21:36,500 - INFO - train Loss: 1.3211 Acc: 0.4639
2024-10-19 18:24:30,886 - INFO - val Loss: 1.0942 Acc: 0.5975
2024-10-19 18:24:30,887 - INFO - Epoch 2/30
2024-10-19 18:41:03,361 - INFO - train Loss: 1.2121 Acc: 0.5151
2024-10-19 18:43:54,693 - INFO - val Loss: 1.1176 Acc: 0.5737
2024-10-19 18:43:54,693 - INFO - Epoch 3/30
2024-10-19 19:00:23,016 - INFO - train Loss: 1.1889 Acc: 0.5212
2024-10-19 19:03:23,324 - INFO - val Loss: 1.1271 Acc: 0.5646
2024-10-19 19:03:23,325 - INFO - Epoch 4/30
2024-10-19 19:19:38,772 - INFO - train Loss: 1.1659 Acc: 0.5327
2024-10-19 19:22:46,786 - INFO - val Loss: 1.0996 Acc: 0.5796
2024-10-19 19:22:46,786 - INFO - Epoch 5/30
2024-10-19 19:38:53,205 - INFO - train Loss: 1.1575 Acc: 0.5356
2024-10-19 19:41:46,141 - INFO - val Loss: 1.0994 Acc: 0.5827
2024-10-19 19:41:46,142 - INFO - Epoch 6/30
2024-10-19 19:57:53,332 - INFO - train Loss: 1.1511 Acc: 0.5410
2024-10-19 20:00:51,367 - INFO - val Loss: 1.0710 Acc: 0.5994
2024-10-19 20:00:51,367 - INFO - Epoch 7/30
2024-10-19 20:17:05,362 - INFO - train Loss: 1.1407 Acc: 0.5443
2024-10-19 20:20:02,926 - INFO - val Loss: 1.0964 Acc: 0.5788
2024-10-19 20:20:02,926 - INFO - Epoch 8/30
2024-10-19 20:36:21,496 - INFO - train Loss: 1.1295 Acc: 0.5496
2024-10-19 20:39:14,848 - INFO - val Loss: 1.1270 Acc: 0.5701
2024-10-19 20:39:14,848 - INFO - Epoch 9/30
2024-10-19 20:55:28,517 - INFO - train Loss: 1.1244 Acc: 0.5560
2024-10-19 20:58:18,638 - INFO - val Loss: 1.0575 Acc: 0.5922
2024-10-19 20:58:18,638 - INFO - Epoch 10/30
2024-10-19 21:14:52,013 - INFO - train Loss: 1.1242 Acc: 0.5553
2024-10-19 21:17:35,994 - INFO - val Loss: 1.0544 Acc: 0.6026
2024-10-19 21:17:35,994 - INFO - Epoch 11/30
2024-10-19 21:34:05,037 - INFO - train Loss: 1.1219 Acc: 0.5531
2024-10-19 21:36:54,041 - INFO - val Loss: 1.1597 Acc: 0.5545
2024-10-19 21:36:54,041 - INFO - Epoch 12/30
2024-10-19 21:53:13,107 - INFO - train Loss: 1.1135 Acc: 0.5631
2024-10-19 21:56:09,890 - INFO - val Loss: 1.1021 Acc: 0.5703
2024-10-19 21:56:09,890 - INFO - Epoch 13/30
2024-10-19 22:12:46,712 - INFO - train Loss: 1.1148 Acc: 0.5579
2024-10-19 22:15:50,401 - INFO - val Loss: 1.0933 Acc: 0.5819
2024-10-19 22:15:50,401 - INFO - Epoch 14/30
2024-10-19 22:32:25,427 - INFO - train Loss: 1.1117 Acc: 0.5590
2024-10-19 22:35:23,540 - INFO - val Loss: 1.0736 Acc: 0.5905
2024-10-19 22:35:23,540 - INFO - Epoch 15/30
2024-10-19 22:51:35,536 - INFO - train Loss: 1.1052 Acc: 0.5611
2024-10-19 22:54:29,419 - INFO - val Loss: 1.0380 Acc: 0.6002
2024-10-19 22:54:29,419 - INFO - Epoch 16/30
2024-10-19 23:11:35,091 - INFO - train Loss: 1.1023 Acc: 0.5641
2024-10-19 23:14:30,906 - INFO - val Loss: 1.0409 Acc: 0.6002
2024-10-19 23:14:30,906 - INFO - Epoch 17/30
2024-10-19 23:30:47,412 - INFO - train Loss: 1.1006 Acc: 0.5605
2024-10-19 23:33:51,143 - INFO - val Loss: 1.0814 Acc: 0.5847
2024-10-19 23:33:51,143 - INFO - Epoch 18/30
2024-10-19 23:50:24,684 - INFO - train Loss: 1.0938 Acc: 0.5700
2024-10-19 23:53:13,833 - INFO - val Loss: 1.1326 Acc: 0.5629
2024-10-19 23:53:13,833 - INFO - Epoch 19/30
2024-10-20 00:09:38,255 - INFO - train Loss: 1.0935 Acc: 0.5676
2024-10-20 00:12:36,016 - INFO - val Loss: 1.0846 Acc: 0.5895
2024-10-20 00:12:36,016 - INFO - Epoch 20/30
2024-10-20 00:28:42,631 - INFO - train Loss: 1.1000 Acc: 0.5645
2024-10-20 00:31:33,205 - INFO - val Loss: 1.0400 Acc: 0.6045
2024-10-20 00:31:33,206 - INFO - Epoch 21/30
2024-10-20 00:48:11,958 - INFO - train Loss: 1.0950 Acc: 0.5635
2024-10-20 00:51:02,195 - INFO - val Loss: 1.0783 Acc: 0.5880
2024-10-20 00:51:02,195 - INFO - Epoch 22/30
2024-10-20 01:07:07,749 - INFO - train Loss: 1.0942 Acc: 0.5672
2024-10-20 01:09:55,966 - INFO - val Loss: 1.1267 Acc: 0.5629
2024-10-20 01:09:55,966 - INFO - Epoch 23/30
2024-10-20 01:25:59,349 - INFO - train Loss: 1.0871 Acc: 0.5710
2024-10-20 01:28:57,503 - INFO - val Loss: 1.0578 Acc: 0.5859
2024-10-20 01:28:57,503 - INFO - Epoch 24/30
2024-10-20 01:45:10,309 - INFO - train Loss: 1.0883 Acc: 0.5693
2024-10-20 01:48:09,065 - INFO - val Loss: 1.0741 Acc: 0.5885
2024-10-20 01:48:09,066 - INFO - Epoch 25/30
2024-10-20 02:04:32,159 - INFO - train Loss: 1.0807 Acc: 0.5752
2024-10-20 02:07:23,504 - INFO - val Loss: 1.0589 Acc: 0.5931
2024-10-20 02:07:23,504 - INFO - Epoch 26/30
2024-10-20 02:23:14,960 - INFO - train Loss: 1.0828 Acc: 0.5730
2024-10-20 02:26:11,260 - INFO - val Loss: 1.1224 Acc: 0.5693
2024-10-20 02:26:11,260 - INFO - Epoch 27/30
2024-10-20 02:42:09,388 - INFO - train Loss: 1.0876 Acc: 0.5692
2024-10-20 02:45:06,164 - INFO - val Loss: 1.0990 Acc: 0.5790
2024-10-20 02:45:06,164 - INFO - Epoch 28/30
2024-10-20 03:01:01,196 - INFO - train Loss: 1.0787 Acc: 0.5755
2024-10-20 03:03:54,566 - INFO - val Loss: 1.1046 Acc: 0.5693
2024-10-20 03:03:54,566 - INFO - Epoch 29/30
2024-10-20 03:20:07,081 - INFO - train Loss: 1.0781 Acc: 0.5732
2024-10-20 03:23:09,842 - INFO - val Loss: 1.0975 Acc: 0.5828
2024-10-20 03:23:09,842 - INFO - Epoch 30/30
2024-10-20 03:39:30,047 - INFO - train Loss: 1.0820 Acc: 0.5700
2024-10-20 03:42:19,226 - INFO - val Loss: 1.1027 Acc: 0.5811
2024-10-20 03:42:19,226 - INFO - Training complete!
2024-10-20 03:42:19,324 - INFO - Model saved to /home/samic_yongjian/temp/SC4000_Machine_Learning/output/efficientnet/20241019_175603/trained_model.pth
2024-10-20 03:42:19,458 - INFO - Training curves saved at /home/samic_yongjian/temp/SC4000_Machine_Learning/output/efficientnet/20241019_175603/training_curves.png
2024-10-20 03:45:10,809 - INFO - Confusion matrix saved at /home/samic_yongjian/temp/SC4000_Machine_Learning/output/efficientnet/20241019_175603/confusion_matrix.png
