2024-11-02 18:57:25,781 - INFO - Start of training.
2024-11-02 18:57:25,781 - INFO - Epoch 1/2
2024-11-02 18:57:25,781 - INFO - ----------
2024-11-02 19:20:27,034 - INFO - train Loss: 1.5879 Acc: 0.2388
2024-11-02 19:21:19,840 - INFO - New best model found at epoch 1 with validation loss 1.5627
2024-11-02 19:21:19,840 - INFO - Best model saved at /home/samic_yongjian/temp/SC4000_Machine_Learning/output/alexnet/20241102_185425/best_model.pth
2024-11-02 19:21:19,840 - INFO - val Loss: 1.5627 Acc: 0.2641
2024-11-02 19:21:19,840 - INFO - Epoch complete!
2024-11-02 19:21:19,840 - INFO - Epoch 2/2
2024-11-02 19:21:19,840 - INFO - ----------
2024-11-02 19:23:58,883 - INFO - train Loss: 1.5546 Acc: 0.2724
2024-11-02 19:24:51,005 - INFO - New best model found at epoch 2 with validation loss 1.5446
2024-11-02 19:24:51,005 - INFO - Best model saved at /home/samic_yongjian/temp/SC4000_Machine_Learning/output/alexnet/20241102_185425/best_model.pth
2024-11-02 19:24:51,005 - INFO - val Loss: 1.5446 Acc: 0.2799
2024-11-02 19:24:51,005 - INFO - Epoch complete!
2024-11-02 19:24:51,117 - INFO - Model saved to /home/samic_yongjian/temp/SC4000_Machine_Learning/output/alexnet/20241102_185425/last.pth
2024-11-02 19:24:51,184 - INFO - Best validation probabilities saved at /home/samic_yongjian/temp/SC4000_Machine_Learning/output/alexnet/20241102_185425/best_validation_probabilities.csv
2024-11-02 19:24:52,479 - INFO - Training curves saved at /home/samic_yongjian/temp/SC4000_Machine_Learning/output/alexnet/20241102_185425/training_curves.png
2024-11-02 19:25:44,069 - INFO - Log Loss: 1.7094
2024-11-02 19:25:44,069 - INFO - Accuracy: 0.2000
2024-11-02 19:25:44,069 - INFO - Precision: 0.0400
2024-11-02 19:25:44,069 - INFO - Recall: 0.2000
2024-11-02 19:25:44,069 - INFO - F1 Score: 0.0667
2024-11-02 19:25:44,069 - INFO - F2 Score: 0.1111
2024-11-02 19:25:44,413 - INFO - Confusion matrix saved at /home/samic_yongjian/temp/SC4000_Machine_Learning/output/alexnet/20241102_185425/test_confusion_matrix.png
