2024-11-03 14:54:49,789 - INFO - Validation accuracy: 0.5455
2024-11-03 15:03:04,589 - INFO - Validation accuracy: 0.6295
2024-11-03 15:11:18,966 - INFO - Validation accuracy: 0.6641
2024-11-03 15:19:35,616 - INFO - Validation accuracy: 0.6801
2024-11-03 15:27:52,010 - INFO - Validation accuracy: 0.6885
2024-11-03 15:36:08,115 - INFO - Validation accuracy: 0.6945
2024-11-03 15:44:23,022 - INFO - Validation accuracy: 0.6981
2024-11-03 15:52:39,202 - INFO - Validation accuracy: 0.7038
2024-11-03 16:00:56,613 - INFO - Validation accuracy: 0.7103
2024-11-03 16:09:13,270 - INFO - Validation accuracy: 0.7147
2024-11-03 16:17:32,330 - INFO - Validation accuracy: 0.7159
2024-11-03 16:25:51,443 - INFO - Validation accuracy: 0.7146
2024-11-03 16:34:08,471 - INFO - Validation accuracy: 0.7161
2024-11-03 16:42:25,389 - INFO - Validation accuracy: 0.7207
2024-11-03 16:50:44,807 - INFO - Validation accuracy: 0.7245
2024-11-03 16:59:02,393 - INFO - Validation accuracy: 0.7218
2024-11-03 17:07:19,480 - INFO - Validation accuracy: 0.7266
2024-11-03 17:15:36,593 - INFO - Validation accuracy: 0.7269
2024-11-03 17:23:54,410 - INFO - Validation accuracy: 0.7266
2024-11-03 17:32:10,070 - INFO - Validation accuracy: 0.7276
2024-11-03 17:33:51,863 - INFO - Validation accuracy: 0.7276
2024-11-03 17:33:51,863 - INFO - Prediction metrics: {'test_loss': 0.7218578457832336, 'test_accuracy': 0.7275675675675676, 'test_runtime': 58.349, 'test_samples_per_second': 253.646, 'test_steps_per_second': 0.497}
2024-11-03 17:33:51,918 - INFO - Validation probabilities saved at /home/samic_yongjian/temp/SC4000_Machine_Learning/output/vit/20241103_144422/validation_probabilities.csv
2024-11-03 17:33:52,047 - INFO - Training plots saved at /home/samic_yongjian/temp/SC4000_Machine_Learning/output/vit/20241103_144422/training_plots.png
2024-11-03 17:35:31,759 - INFO - Validation accuracy: 0.7293
2024-11-03 17:35:31,814 - INFO - Test probabilities saved at /home/samic_yongjian/temp/SC4000_Machine_Learning/output/vit/20241103_144422/test_probabilities.csv
2024-11-03 17:35:31,818 - INFO - Test Log Loss: 0.7237
2024-11-03 17:35:31,834 - INFO - Test Accuracy: 0.7293
2024-11-03 17:35:31,834 - INFO - Test Precision: 0.7361
2024-11-03 17:35:31,834 - INFO - Test Recall: 0.7293
2024-11-03 17:35:31,834 - INFO - Test F1 Score: 0.7305
2024-11-03 17:35:31,834 - INFO - Test F2 Score: 0.7292
2024-11-03 17:35:31,910 - INFO - Test confusion matrix saved at /home/samic_yongjian/temp/SC4000_Machine_Learning/output/vit/20241103_144422/test_confusion_matrix.png
