2024-11-02 19:49:41,739 - INFO - Start of training.
2024-11-02 19:49:41,739 - INFO - Epoch 1/2
2024-11-02 19:49:41,739 - INFO - ----------
2024-11-02 19:53:19,365 - INFO - train Loss: 1.4396 Acc: 0.3885
2024-11-02 19:54:26,662 - INFO - New best model found at epoch 1 with validation loss 1.3048
2024-11-02 19:54:26,662 - INFO - Best model saved at /home/samic_yongjian/temp/SC4000_Machine_Learning/output/inception/20241102_194707/best_model.pth
2024-11-02 19:54:26,662 - INFO - val Loss: 1.3048 Acc: 0.4853
2024-11-02 19:54:26,662 - INFO - Epoch complete!
2024-11-02 19:54:26,662 - INFO - Epoch 2/2
2024-11-02 19:54:26,662 - INFO - ----------
2024-11-02 20:10:58,130 - INFO - train Loss: 1.2980 Acc: 0.4700
2024-11-02 20:13:27,960 - INFO - New best model found at epoch 2 with validation loss 1.2322
2024-11-02 20:13:27,960 - INFO - Best model saved at /home/samic_yongjian/temp/SC4000_Machine_Learning/output/inception/20241102_194707/best_model.pth
2024-11-02 20:13:27,960 - INFO - val Loss: 1.2322 Acc: 0.5119
2024-11-02 20:13:27,960 - INFO - Epoch complete!
2024-11-02 20:13:28,062 - INFO - Model saved to /home/samic_yongjian/temp/SC4000_Machine_Learning/output/inception/20241102_194707/last.pth
2024-11-02 20:13:28,128 - INFO - Best validation probabilities saved at /home/samic_yongjian/temp/SC4000_Machine_Learning/output/inception/20241102_194707/best_validation_probabilities.csv
2024-11-02 20:13:29,759 - INFO - Training curves saved at /home/samic_yongjian/temp/SC4000_Machine_Learning/output/inception/20241102_194707/training_curves.png
2024-11-02 20:14:33,673 - INFO - Log Loss: 1.3838
2024-11-02 20:14:33,673 - INFO - Accuracy: 0.4071
2024-11-02 20:14:33,673 - INFO - Precision: 0.4291
2024-11-02 20:14:33,673 - INFO - Recall: 0.4071
2024-11-02 20:14:33,673 - INFO - F1 Score: 0.4068
2024-11-02 20:14:33,673 - INFO - F2 Score: 0.4048
2024-11-02 20:14:34,063 - INFO - Confusion matrix saved at /home/samic_yongjian/temp/SC4000_Machine_Learning/output/inception/20241102_194707/test_confusion_matrix.png
